TpTrace Verbose: 0 : 59224, 1, 2021/11/18, 23:06:48.883, 1810248909816, vstest.console.dll, Version: 16.11.0
TpTrace Information: 0 : 59224, 1, 2021/11/18, 23:06:48.892, 1810248984682, vstest.console.dll, FilePatternParser: The given file D:\TeamProgramming\ExercisesGenerator\ToolsUnitTest\bin\Debug\net5.0\fine-code-coverage\build-output\ToolsUnitTest.dll is a full path.
TpTrace Verbose: 0 : 59224, 1, 2021/11/18, 23:06:48.902, 1810249082841, vstest.console.dll, TestPluginCache.DiscoverTestExtensions: finding test extensions in assemblies ends with: RuntimeProvider.dll TPluginInfo: Microsoft.VisualStudio.TestPlatform.Common.ExtensionFramework.Utilities.TestRuntimePluginInformation TExtension: Microsoft.VisualStudio.TestPlatform.ObjectModel.Host.ITestRuntimeProvider
TpTrace Verbose: 0 : 59224, 1, 2021/11/18, 23:06:48.902, 1810249086118, vstest.console.dll, TestPluginCache.GetExtensionPaths: Filtered extension paths: 
TpTrace Verbose: 0 : 59224, 1, 2021/11/18, 23:06:48.902, 1810249086964, vstest.console.dll, TestPluginCache.GetExtensionPaths: Added default extension paths: C:\Program Files\dotnet\sdk\5.0.402\Extensions\Microsoft.Diagnostics.NETCore.Client.dll
C:\Program Files\dotnet\sdk\5.0.402\Extensions\Microsoft.TestPlatform.Extensions.BlameDataCollector.dll
C:\Program Files\dotnet\sdk\5.0.402\Extensions\Microsoft.TestPlatform.Extensions.EventLogCollector.dll
C:\Program Files\dotnet\sdk\5.0.402\Extensions\Microsoft.TestPlatform.TestHostRuntimeProvider.dll
C:\Program Files\dotnet\sdk\5.0.402\Extensions\Microsoft.VisualStudio.TestPlatform.Extensions.Html.TestLogger.dll
C:\Program Files\dotnet\sdk\5.0.402\Extensions\Microsoft.VisualStudio.TestPlatform.Extensions.Trx.TestLogger.dll
TpTrace Verbose: 0 : 59224, 1, 2021/11/18, 23:06:48.902, 1810249087366, vstest.console.dll, TestPluginCache.GetExtensionPaths: Added unfilterableExtensionPaths: 
TpTrace Information: 0 : 59224, 1, 2021/11/18, 23:06:48.903, 1810249094259, vstest.console.dll, AssemblyResolver.ctor: Creating AssemblyResolver with searchDirectories C:\Program Files\dotnet\sdk\5.0.402\Extensions,C:\Program Files\dotnet\sdk\5.0.402
TpTrace Verbose: 0 : 59224, 1, 2021/11/18, 23:06:48.904, 1810249102926, vstest.console.dll, TestPluginCache.DiscoverTestExtensions: Discovering the extensions using extension path.
TpTrace Verbose: 0 : 59224, 1, 2021/11/18, 23:06:48.904, 1810249103978, vstest.console.dll, TestPluginCache.GetExtensionPaths: Filtered extension paths: 
TpTrace Verbose: 0 : 59224, 1, 2021/11/18, 23:06:48.904, 1810249104386, vstest.console.dll, TestPluginCache.GetExtensionPaths: Added default extension paths: C:\Program Files\dotnet\sdk\5.0.402\Extensions\Microsoft.Diagnostics.NETCore.Client.dll
C:\Program Files\dotnet\sdk\5.0.402\Extensions\Microsoft.TestPlatform.Extensions.BlameDataCollector.dll
C:\Program Files\dotnet\sdk\5.0.402\Extensions\Microsoft.TestPlatform.Extensions.EventLogCollector.dll
C:\Program Files\dotnet\sdk\5.0.402\Extensions\Microsoft.TestPlatform.TestHostRuntimeProvider.dll
C:\Program Files\dotnet\sdk\5.0.402\Extensions\Microsoft.VisualStudio.TestPlatform.Extensions.Html.TestLogger.dll
C:\Program Files\dotnet\sdk\5.0.402\Extensions\Microsoft.VisualStudio.TestPlatform.Extensions.Trx.TestLogger.dll
TpTrace Verbose: 0 : 59224, 1, 2021/11/18, 23:06:48.904, 1810249104669, vstest.console.dll, TestPluginCache.GetExtensionPaths: Added unfilterableExtensionPaths: 
TpTrace Verbose: 0 : 59224, 1, 2021/11/18, 23:06:48.904, 1810249105174, vstest.console.dll, TestPluginCache.DiscoverTestExtensions: Discovering the extensions using allExtensionPaths: C:\Program Files\dotnet\sdk\5.0.402\Extensions\Microsoft.Diagnostics.NETCore.Client.dll
C:\Program Files\dotnet\sdk\5.0.402\Extensions\Microsoft.TestPlatform.Extensions.BlameDataCollector.dll
C:\Program Files\dotnet\sdk\5.0.402\Extensions\Microsoft.TestPlatform.Extensions.EventLogCollector.dll
C:\Program Files\dotnet\sdk\5.0.402\Extensions\Microsoft.TestPlatform.TestHostRuntimeProvider.dll
C:\Program Files\dotnet\sdk\5.0.402\Extensions\Microsoft.VisualStudio.TestPlatform.Extensions.Html.TestLogger.dll
C:\Program Files\dotnet\sdk\5.0.402\Extensions\Microsoft.VisualStudio.TestPlatform.Extensions.Trx.TestLogger.dll
TpTrace Information: 0 : 59224, 1, 2021/11/18, 23:06:48.904, 1810249106549, vstest.console.dll, AssemblyResolver.AddSearchDirectories: Adding more searchDirectories C:\Program Files\dotnet\sdk\5.0.402\Extensions,C:\Program Files\dotnet\sdk\5.0.402
TpTrace Information: 0 : 59224, 1, 2021/11/18, 23:06:48.904, 1810249107130, vstest.console.dll, AssemblyResolver.AddSearchDirectories: Adding more searchDirectories C:\Program Files\dotnet\sdk\5.0.402\Extensions,C:\Program Files\dotnet\sdk\5.0.402
TpTrace Information: 0 : 59224, 1, 2021/11/18, 23:06:48.904, 1810249107507, vstest.console.dll, AssemblyResolver.AddSearchDirectories: Adding more searchDirectories C:\Program Files\dotnet\sdk\5.0.402\Extensions,C:\Program Files\dotnet\sdk\5.0.402
TpTrace Information: 0 : 59224, 1, 2021/11/18, 23:06:48.904, 1810249107763, vstest.console.dll, AssemblyResolver.AddSearchDirectories: Adding more searchDirectories C:\Program Files\dotnet\sdk\5.0.402\Extensions,C:\Program Files\dotnet\sdk\5.0.402
TpTrace Information: 0 : 59224, 1, 2021/11/18, 23:06:48.904, 1810249108000, vstest.console.dll, AssemblyResolver.AddSearchDirectories: Adding more searchDirectories C:\Program Files\dotnet\sdk\5.0.402\Extensions,C:\Program Files\dotnet\sdk\5.0.402
TpTrace Information: 0 : 59224, 1, 2021/11/18, 23:06:48.904, 1810249108265, vstest.console.dll, AssemblyResolver.AddSearchDirectories: Adding more searchDirectories C:\Program Files\dotnet\sdk\5.0.402\Extensions,C:\Program Files\dotnet\sdk\5.0.402
TpTrace Information: 0 : 59224, 1, 2021/11/18, 23:06:48.905, 1810249111113, vstest.console.dll, AssemblyResolver.OnResolve: Microsoft.Diagnostics.NETCore.Client: Resolving assembly.
TpTrace Information: 0 : 59224, 1, 2021/11/18, 23:06:48.905, 1810249111663, vstest.console.dll, AssemblyResolver.OnResolve: Microsoft.Diagnostics.NETCore.Client: Searching in: 'C:\Program Files\dotnet\sdk\5.0.402\Extensions'.
TpTrace Information: 0 : 59224, 1, 2021/11/18, 23:06:48.906, 1810249121134, vstest.console.dll, AssemblyResolver.OnResolve: Microsoft.Diagnostics.NETCore.Client: Loading assembly 'C:\Program Files\dotnet\sdk\5.0.402\Extensions\Microsoft.Diagnostics.NETCore.Client.dll'.
TpTrace Information: 0 : 59224, 1, 2021/11/18, 23:06:48.907, 1810249130570, vstest.console.dll, AssemblyResolver.OnResolve: Resolved assembly: Microsoft.Diagnostics.NETCore.Client, from path: C:\Program Files\dotnet\sdk\5.0.402\Extensions\Microsoft.Diagnostics.NETCore.Client.dll
TpTrace Information: 0 : 59224, 1, 2021/11/18, 23:06:48.909, 1810249156350, vstest.console.dll, AssemblyResolver.OnResolve: Microsoft.Bcl.AsyncInterfaces: Resolving assembly.
TpTrace Information: 0 : 59224, 1, 2021/11/18, 23:06:48.909, 1810249157316, vstest.console.dll, AssemblyResolver.OnResolve: Microsoft.Bcl.AsyncInterfaces: Searching in: 'C:\Program Files\dotnet\sdk\5.0.402\Extensions'.
TpTrace Information: 0 : 59224, 1, 2021/11/18, 23:06:48.910, 1810249158622, vstest.console.dll, AssemblyResolver.OnResolve: Microsoft.Bcl.AsyncInterfaces: Assembly path does not exist: 'C:\Program Files\dotnet\sdk\5.0.402\Extensions\Microsoft.Bcl.AsyncInterfaces.dll', returning.
TpTrace Information: 0 : 59224, 1, 2021/11/18, 23:06:48.910, 1810249159605, vstest.console.dll, AssemblyResolver.OnResolve: Microsoft.Bcl.AsyncInterfaces: Assembly path does not exist: 'C:\Program Files\dotnet\sdk\5.0.402\Extensions\Microsoft.Bcl.AsyncInterfaces.exe', returning.
TpTrace Information: 0 : 59224, 1, 2021/11/18, 23:06:48.910, 1810249159956, vstest.console.dll, AssemblyResolver.OnResolve: Microsoft.Bcl.AsyncInterfaces: Searching in: 'C:\Program Files\dotnet\sdk\5.0.402'.
TpTrace Information: 0 : 59224, 1, 2021/11/18, 23:06:48.910, 1810249160947, vstest.console.dll, AssemblyResolver.OnResolve: Microsoft.Bcl.AsyncInterfaces: Assembly path does not exist: 'C:\Program Files\dotnet\sdk\5.0.402\Microsoft.Bcl.AsyncInterfaces.dll', returning.
TpTrace Information: 0 : 59224, 1, 2021/11/18, 23:06:48.910, 1810249161877, vstest.console.dll, AssemblyResolver.OnResolve: Microsoft.Bcl.AsyncInterfaces: Assembly path does not exist: 'C:\Program Files\dotnet\sdk\5.0.402\Microsoft.Bcl.AsyncInterfaces.exe', returning.
TpTrace Information: 0 : 59224, 1, 2021/11/18, 23:06:48.910, 1810249162636, vstest.console.dll, AssemblyResolver.OnResolve: Microsoft.Bcl.AsyncInterfaces: Failed to load assembly.
TpTrace Verbose: 0 : 59224, 1, 2021/11/18, 23:06:48.910, 1810249163062, vstest.console.dll, CurrentDomainAssemblyResolve: Resolving assembly 'Microsoft.Bcl.AsyncInterfaces'.
TpTrace Information: 0 : 59224, 1, 2021/11/18, 23:06:48.910, 1810249163707, vstest.console.dll, AssemblyResolver.OnResolve: Microsoft.Bcl.AsyncInterfaces: Resolving assembly.
TpTrace Information: 0 : 59224, 1, 2021/11/18, 23:06:48.910, 1810249164112, vstest.console.dll, AssemblyResolver.OnResolve: Microsoft.Bcl.AsyncInterfaces: Resolved from cache.
TpTrace Verbose: 0 : 59224, 1, 2021/11/18, 23:06:48.910, 1810249164380, vstest.console.dll, CurrentDomainAssemblyResolve: Resolving assembly 'Microsoft.Bcl.AsyncInterfaces'.
TpTrace Verbose: 0 : 59224, 1, 2021/11/18, 23:06:48.910, 1810249164686, vstest.console.dll, CurrentDomainAssemblyResolve: Failed to resolve assembly 'Microsoft.Bcl.AsyncInterfaces'.
TpTrace Verbose: 0 : 59224, 1, 2021/11/18, 23:06:48.911, 1810249177307, vstest.console.dll, CurrentDomainAssemblyResolve: Failed to resolve assembly 'Microsoft.Bcl.AsyncInterfaces'.
TpTrace Warning: 0 : 59224, 1, 2021/11/18, 23:06:48.935, 1810249414363, vstest.console.dll, TestPluginDiscoverer: Failed to get types from assembly 'Microsoft.Diagnostics.NETCore.Client, Version=0.2.2.41902, Culture=neutral, PublicKeyToken=31bf3856ad364e35'.  Skipping test extension scan for this assembly.  Error: System.Reflection.ReflectionTypeLoadException: Unable to load one or more of the requested types.
Could not load file or assembly 'Microsoft.Bcl.AsyncInterfaces, Version=1.0.0.0, Culture=neutral, PublicKeyToken=cc7b13ffcd2ddd51'. 系统找不到指定的文件。
   at System.Reflection.RuntimeModule.GetTypes(RuntimeModule module)
   at System.Reflection.RuntimeModule.GetTypes()
   at System.Reflection.Assembly.GetTypes()
   at Microsoft.VisualStudio.TestPlatform.Common.ExtensionFramework.TestPluginDiscoverer.GetTestExtensionsFromAssembly[TPluginInfo,TExtension](Assembly assembly, Dictionary`2 pluginInfos)
System.IO.FileNotFoundException: Could not load file or assembly 'Microsoft.Bcl.AsyncInterfaces, Version=1.0.0.0, Culture=neutral, PublicKeyToken=cc7b13ffcd2ddd51'. 系统找不到指定的文件。
File name: 'Microsoft.Bcl.AsyncInterfaces, Version=1.0.0.0, Culture=neutral, PublicKeyToken=cc7b13ffcd2ddd51'
TpTrace Warning: 0 : 59224, 1, 2021/11/18, 23:06:48.935, 1810249416290, vstest.console.dll, LoaderExceptions: System.IO.FileNotFoundException: Could not load file or assembly 'Microsoft.Bcl.AsyncInterfaces, Version=1.0.0.0, Culture=neutral, PublicKeyToken=cc7b13ffcd2ddd51'. 系统找不到指定的文件。
File name: 'Microsoft.Bcl.AsyncInterfaces, Version=1.0.0.0, Culture=neutral, PublicKeyToken=cc7b13ffcd2ddd51'
TpTrace Information: 0 : 59224, 1, 2021/11/18, 23:06:48.935, 1810249417299, vstest.console.dll, AssemblyResolver.OnResolve: Microsoft.TestPlatform.Extensions.BlameDataCollector: Resolving assembly.
TpTrace Information: 0 : 59224, 1, 2021/11/18, 23:06:48.935, 1810249417664, vstest.console.dll, AssemblyResolver.OnResolve: Microsoft.TestPlatform.Extensions.BlameDataCollector: Searching in: 'C:\Program Files\dotnet\sdk\5.0.402\Extensions'.
TpTrace Information: 0 : 59224, 1, 2021/11/18, 23:06:48.936, 1810249424965, vstest.console.dll, AssemblyResolver.OnResolve: Microsoft.TestPlatform.Extensions.BlameDataCollector: Loading assembly 'C:\Program Files\dotnet\sdk\5.0.402\Extensions\Microsoft.TestPlatform.Extensions.BlameDataCollector.dll'.
TpTrace Information: 0 : 59224, 1, 2021/11/18, 23:06:48.937, 1810249431740, vstest.console.dll, AssemblyResolver.OnResolve: Resolved assembly: Microsoft.TestPlatform.Extensions.BlameDataCollector, from path: C:\Program Files\dotnet\sdk\5.0.402\Extensions\Microsoft.TestPlatform.Extensions.BlameDataCollector.dll
TpTrace Information: 0 : 59224, 1, 2021/11/18, 23:06:48.938, 1810249443125, vstest.console.dll, AssemblyResolver.OnResolve: Microsoft.TestPlatform.Extensions.EventLogCollector: Resolving assembly.
TpTrace Information: 0 : 59224, 1, 2021/11/18, 23:06:48.938, 1810249443932, vstest.console.dll, AssemblyResolver.OnResolve: Microsoft.TestPlatform.Extensions.EventLogCollector: Searching in: 'C:\Program Files\dotnet\sdk\5.0.402\Extensions'.
TpTrace Information: 0 : 59224, 1, 2021/11/18, 23:06:48.939, 1810249450003, vstest.console.dll, AssemblyResolver.OnResolve: Microsoft.TestPlatform.Extensions.EventLogCollector: Loading assembly 'C:\Program Files\dotnet\sdk\5.0.402\Extensions\Microsoft.TestPlatform.Extensions.EventLogCollector.dll'.
TpTrace Information: 0 : 59224, 1, 2021/11/18, 23:06:48.939, 1810249454647, vstest.console.dll, AssemblyResolver.OnResolve: Resolved assembly: Microsoft.TestPlatform.Extensions.EventLogCollector, from path: C:\Program Files\dotnet\sdk\5.0.402\Extensions\Microsoft.TestPlatform.Extensions.EventLogCollector.dll
TpTrace Information: 0 : 59224, 1, 2021/11/18, 23:06:48.941, 1810249472565, vstest.console.dll, AssemblyResolver.OnResolve: Microsoft.TestPlatform.TestHostRuntimeProvider: Resolving assembly.
TpTrace Information: 0 : 59224, 1, 2021/11/18, 23:06:48.941, 1810249473609, vstest.console.dll, AssemblyResolver.OnResolve: Microsoft.TestPlatform.TestHostRuntimeProvider: Searching in: 'C:\Program Files\dotnet\sdk\5.0.402\Extensions'.
TpTrace Information: 0 : 59224, 1, 2021/11/18, 23:06:48.942, 1810249482864, vstest.console.dll, AssemblyResolver.OnResolve: Microsoft.TestPlatform.TestHostRuntimeProvider: Loading assembly 'C:\Program Files\dotnet\sdk\5.0.402\Extensions\Microsoft.TestPlatform.TestHostRuntimeProvider.dll'.
TpTrace Information: 0 : 59224, 1, 2021/11/18, 23:06:48.943, 1810249488358, vstest.console.dll, AssemblyResolver.OnResolve: Resolved assembly: Microsoft.TestPlatform.TestHostRuntimeProvider, from path: C:\Program Files\dotnet\sdk\5.0.402\Extensions\Microsoft.TestPlatform.TestHostRuntimeProvider.dll
TpTrace Information: 0 : 59224, 1, 2021/11/18, 23:06:48.944, 1810249498394, vstest.console.dll, AssemblyResolver.OnResolve: Microsoft.VisualStudio.TestPlatform.Extensions.Html.TestLogger: Resolving assembly.
TpTrace Information: 0 : 59224, 1, 2021/11/18, 23:06:48.944, 1810249499083, vstest.console.dll, AssemblyResolver.OnResolve: Microsoft.VisualStudio.TestPlatform.Extensions.Html.TestLogger: Searching in: 'C:\Program Files\dotnet\sdk\5.0.402\Extensions'.
TpTrace Information: 0 : 59224, 1, 2021/11/18, 23:06:48.944, 1810249505193, vstest.console.dll, AssemblyResolver.OnResolve: Microsoft.VisualStudio.TestPlatform.Extensions.Html.TestLogger: Loading assembly 'C:\Program Files\dotnet\sdk\5.0.402\Extensions\Microsoft.VisualStudio.TestPlatform.Extensions.Html.TestLogger.dll'.
TpTrace Information: 0 : 59224, 1, 2021/11/18, 23:06:48.945, 1810249511691, vstest.console.dll, AssemblyResolver.OnResolve: Resolved assembly: Microsoft.VisualStudio.TestPlatform.Extensions.Html.TestLogger, from path: C:\Program Files\dotnet\sdk\5.0.402\Extensions\Microsoft.VisualStudio.TestPlatform.Extensions.Html.TestLogger.dll
TpTrace Information: 0 : 59224, 1, 2021/11/18, 23:06:48.945, 1810249515151, vstest.console.dll, AssemblyResolver.OnResolve: Microsoft.VisualStudio.TestPlatform.Extensions.Trx.TestLogger: Resolving assembly.
TpTrace Information: 0 : 59224, 1, 2021/11/18, 23:06:48.945, 1810249515824, vstest.console.dll, AssemblyResolver.OnResolve: Microsoft.VisualStudio.TestPlatform.Extensions.Trx.TestLogger: Searching in: 'C:\Program Files\dotnet\sdk\5.0.402\Extensions'.
TpTrace Information: 0 : 59224, 1, 2021/11/18, 23:06:48.946, 1810249525332, vstest.console.dll, AssemblyResolver.OnResolve: Microsoft.VisualStudio.TestPlatform.Extensions.Trx.TestLogger: Loading assembly 'C:\Program Files\dotnet\sdk\5.0.402\Extensions\Microsoft.VisualStudio.TestPlatform.Extensions.Trx.TestLogger.dll'.
TpTrace Information: 0 : 59224, 1, 2021/11/18, 23:06:48.947, 1810249535478, vstest.console.dll, AssemblyResolver.OnResolve: Resolved assembly: Microsoft.VisualStudio.TestPlatform.Extensions.Trx.TestLogger, from path: C:\Program Files\dotnet\sdk\5.0.402\Extensions\Microsoft.VisualStudio.TestPlatform.Extensions.Trx.TestLogger.dll
TpTrace Verbose: 0 : 59224, 1, 2021/11/18, 23:06:48.948, 1810249540788, vstest.console.dll, TestPluginCache: Discovered the extensions using extension path ''.
TpTrace Verbose: 0 : 59224, 1, 2021/11/18, 23:06:48.948, 1810249541315, vstest.console.dll, TestPluginCache: Discoverers are ''.
TpTrace Verbose: 0 : 59224, 1, 2021/11/18, 23:06:48.948, 1810249541565, vstest.console.dll, TestPluginCache: Executors are ''.
TpTrace Verbose: 0 : 59224, 1, 2021/11/18, 23:06:48.948, 1810249541773, vstest.console.dll, TestPluginCache: Executors2 are ''.
TpTrace Verbose: 0 : 59224, 1, 2021/11/18, 23:06:48.948, 1810249541976, vstest.console.dll, TestPluginCache: Setting providers are ''.
TpTrace Verbose: 0 : 59224, 1, 2021/11/18, 23:06:48.948, 1810249542225, vstest.console.dll, TestPluginCache: Loggers are ''.
TpTrace Information: 0 : 59224, 1, 2021/11/18, 23:06:48.952, 1810249586458, vstest.console.dll, RunTestsArgumentProcessor:Execute: Test run is starting.
TpTrace Verbose: 0 : 59224, 1, 2021/11/18, 23:06:48.952, 1810249587289, vstest.console.dll, RunTestsArgumentProcessor:Execute: Queuing Test run.
TpTrace Information: 0 : 59224, 1, 2021/11/18, 23:06:48.953, 1810249588880, vstest.console.dll, TestRequestManager.RunTests: run tests started.
TpTrace Information: 0 : 59224, 1, 2021/11/18, 23:06:48.956, 1810249619435, vstest.console.dll, AssemblyMetadataProvider.GetFrameWork: Determined framework:'.NETCoreApp,Version=v5.0' for source: 'D:\TeamProgramming\ExercisesGenerator\ToolsUnitTest\bin\Debug\net5.0\fine-code-coverage\build-output\ToolsUnitTest.dll'
TpTrace Information: 0 : 59224, 1, 2021/11/18, 23:06:48.956, 1810249620922, vstest.console.dll, Determined framework for all sources: .NETCoreApp,Version=v5.0
TpTrace Information: 0 : 59224, 1, 2021/11/18, 23:06:48.956, 1810249624382, vstest.console.dll, AssemblyMetadataProvider.GetArchitecture: Determined architecture:AnyCPU info for assembly: D:\TeamProgramming\ExercisesGenerator\ToolsUnitTest\bin\Debug\net5.0\fine-code-coverage\build-output\ToolsUnitTest.dll
TpTrace Information: 0 : 59224, 1, 2021/11/18, 23:06:48.958, 1810249646134, vstest.console.dll, Determined platform for all sources: X64
TpTrace Information: 0 : 59224, 1, 2021/11/18, 23:06:48.961, 1810249669721, vstest.console.dll, Compatible sources list : 
TpTrace Information: 0 : 59224, 1, 2021/11/18, 23:06:48.961, 1810249670700, vstest.console.dll, D:\TeamProgramming\ExercisesGenerator\ToolsUnitTest\bin\Debug\net5.0\fine-code-coverage\build-output\ToolsUnitTest.dll
TpTrace Information: 0 : 59224, 1, 2021/11/18, 23:06:48.963, 1810249692757, vstest.console.dll, InferRunSettingsHelper.IsTestSettingsEnabled: Unable to navigate to RunSettings/MSTest. Current node: RunSettings
TpTrace Information: 0 : 59224, 1, 2021/11/18, 23:06:48.964, 1810249698684, vstest.console.dll, AssemblyResolver.OnResolve: Microsoft.VisualStudio.TestPlatform.Fakes: Resolving assembly.
TpTrace Information: 0 : 59224, 1, 2021/11/18, 23:06:48.964, 1810249699334, vstest.console.dll, AssemblyResolver.OnResolve: Microsoft.VisualStudio.TestPlatform.Fakes: Searching in: 'C:\Program Files\dotnet\sdk\5.0.402\Extensions'.
TpTrace Information: 0 : 59224, 1, 2021/11/18, 23:06:48.964, 1810249700986, vstest.console.dll, AssemblyResolver.OnResolve: Microsoft.VisualStudio.TestPlatform.Fakes: Assembly path does not exist: 'C:\Program Files\dotnet\sdk\5.0.402\Extensions\Microsoft.VisualStudio.TestPlatform.Fakes.dll', returning.
TpTrace Information: 0 : 59224, 1, 2021/11/18, 23:06:48.964, 1810249702133, vstest.console.dll, AssemblyResolver.OnResolve: Microsoft.VisualStudio.TestPlatform.Fakes: Assembly path does not exist: 'C:\Program Files\dotnet\sdk\5.0.402\Extensions\Microsoft.VisualStudio.TestPlatform.Fakes.exe', returning.
TpTrace Information: 0 : 59224, 1, 2021/11/18, 23:06:48.964, 1810249702479, vstest.console.dll, AssemblyResolver.OnResolve: Microsoft.VisualStudio.TestPlatform.Fakes: Searching in: 'C:\Program Files\dotnet\sdk\5.0.402'.
TpTrace Information: 0 : 59224, 1, 2021/11/18, 23:06:48.964, 1810249703451, vstest.console.dll, AssemblyResolver.OnResolve: Microsoft.VisualStudio.TestPlatform.Fakes: Assembly path does not exist: 'C:\Program Files\dotnet\sdk\5.0.402\Microsoft.VisualStudio.TestPlatform.Fakes.dll', returning.
TpTrace Information: 0 : 59224, 1, 2021/11/18, 23:06:48.964, 1810249704453, vstest.console.dll, AssemblyResolver.OnResolve: Microsoft.VisualStudio.TestPlatform.Fakes: Assembly path does not exist: 'C:\Program Files\dotnet\sdk\5.0.402\Microsoft.VisualStudio.TestPlatform.Fakes.exe', returning.
TpTrace Information: 0 : 59224, 1, 2021/11/18, 23:06:48.964, 1810249704779, vstest.console.dll, AssemblyResolver.OnResolve: Microsoft.VisualStudio.TestPlatform.Fakes: Failed to load assembly.
TpTrace Information: 0 : 59224, 1, 2021/11/18, 23:06:48.965, 1810249711228, vstest.console.dll, Failed to create newly implemented Fakes Configurator. Reason:System.IO.FileNotFoundException: Could not load file or assembly 'Microsoft.VisualStudio.TestPlatform.Fakes, Version=16.0.0.0, Culture=neutral, PublicKeyToken=null'. 系统找不到指定的文件。
File name: 'Microsoft.VisualStudio.TestPlatform.Fakes, Version=16.0.0.0, Culture=neutral, PublicKeyToken=null'
   at System.Reflection.RuntimeAssembly.InternalLoad(ObjectHandleOnStack assemblyName, ObjectHandleOnStack requestingAssembly, StackCrawlMarkHandle stackMark, Boolean throwOnFileNotFound, ObjectHandleOnStack assemblyLoadContext, ObjectHandleOnStack retAssembly)
   at System.Reflection.RuntimeAssembly.InternalLoad(AssemblyName assemblyName, RuntimeAssembly requestingAssembly, StackCrawlMark& stackMark, Boolean throwOnFileNotFound, AssemblyLoadContext assemblyLoadContext)
   at System.Reflection.Assembly.Load(AssemblyName assemblyRef)
   at Microsoft.VisualStudio.TestPlatform.Common.Utilities.FakesUtilities.TryGetFakesCrossPlatformDataCollectorConfigurator() 
TpTrace Verbose: 0 : 59224, 1, 2021/11/18, 23:06:48.969, 1810249749047, vstest.console.dll, TestPluginCache.DiscoverTestExtensions: finding test extensions in assemblies ends with: TestLogger.dll TPluginInfo: Microsoft.VisualStudio.TestPlatform.Common.ExtensionFramework.Utilities.TestLoggerPluginInformation TExtension: Microsoft.VisualStudio.TestPlatform.ObjectModel.Client.ITestLogger
TpTrace Verbose: 0 : 59224, 1, 2021/11/18, 23:06:48.969, 1810249750159, vstest.console.dll, TestPluginCache.GetExtensionPaths: Filtered extension paths: 
TpTrace Verbose: 0 : 59224, 1, 2021/11/18, 23:06:48.969, 1810249750488, vstest.console.dll, TestPluginCache.GetExtensionPaths: Added default extension paths: C:\Program Files\dotnet\sdk\5.0.402\Extensions\Microsoft.Diagnostics.NETCore.Client.dll
C:\Program Files\dotnet\sdk\5.0.402\Extensions\Microsoft.TestPlatform.Extensions.BlameDataCollector.dll
C:\Program Files\dotnet\sdk\5.0.402\Extensions\Microsoft.TestPlatform.Extensions.EventLogCollector.dll
C:\Program Files\dotnet\sdk\5.0.402\Extensions\Microsoft.TestPlatform.TestHostRuntimeProvider.dll
C:\Program Files\dotnet\sdk\5.0.402\Extensions\Microsoft.VisualStudio.TestPlatform.Extensions.Html.TestLogger.dll
C:\Program Files\dotnet\sdk\5.0.402\Extensions\Microsoft.VisualStudio.TestPlatform.Extensions.Trx.TestLogger.dll
TpTrace Verbose: 0 : 59224, 1, 2021/11/18, 23:06:48.969, 1810249750807, vstest.console.dll, TestPluginCache.GetExtensionPaths: Added unfilterableExtensionPaths: 
TpTrace Information: 0 : 59224, 1, 2021/11/18, 23:06:48.969, 1810249753205, vstest.console.dll, AssemblyResolver.AddSearchDirectories: Adding more searchDirectories C:\Program Files\dotnet\sdk\5.0.402\Extensions,C:\Program Files\dotnet\sdk\5.0.402
TpTrace Verbose: 0 : 59224, 1, 2021/11/18, 23:06:48.969, 1810249753913, vstest.console.dll, TestPluginCache.DiscoverTestExtensions: Discovering the extensions using extension path.
TpTrace Verbose: 0 : 59224, 1, 2021/11/18, 23:06:48.969, 1810249754204, vstest.console.dll, TestPluginCache.GetExtensionPaths: Filtered extension paths: 
TpTrace Verbose: 0 : 59224, 1, 2021/11/18, 23:06:48.969, 1810249754596, vstest.console.dll, TestPluginCache.GetExtensionPaths: Added default extension paths: C:\Program Files\dotnet\sdk\5.0.402\Extensions\Microsoft.Diagnostics.NETCore.Client.dll
C:\Program Files\dotnet\sdk\5.0.402\Extensions\Microsoft.TestPlatform.Extensions.BlameDataCollector.dll
C:\Program Files\dotnet\sdk\5.0.402\Extensions\Microsoft.TestPlatform.Extensions.EventLogCollector.dll
C:\Program Files\dotnet\sdk\5.0.402\Extensions\Microsoft.TestPlatform.TestHostRuntimeProvider.dll
C:\Program Files\dotnet\sdk\5.0.402\Extensions\Microsoft.VisualStudio.TestPlatform.Extensions.Html.TestLogger.dll
C:\Program Files\dotnet\sdk\5.0.402\Extensions\Microsoft.VisualStudio.TestPlatform.Extensions.Trx.TestLogger.dll
TpTrace Verbose: 0 : 59224, 1, 2021/11/18, 23:06:48.969, 1810249754914, vstest.console.dll, TestPluginCache.GetExtensionPaths: Added unfilterableExtensionPaths: 
TpTrace Verbose: 0 : 59224, 1, 2021/11/18, 23:06:48.969, 1810249755245, vstest.console.dll, TestPluginCache.DiscoverTestExtensions: Discovering the extensions using allExtensionPaths: C:\Program Files\dotnet\sdk\5.0.402\Extensions\Microsoft.Diagnostics.NETCore.Client.dll
C:\Program Files\dotnet\sdk\5.0.402\Extensions\Microsoft.TestPlatform.Extensions.BlameDataCollector.dll
C:\Program Files\dotnet\sdk\5.0.402\Extensions\Microsoft.TestPlatform.Extensions.EventLogCollector.dll
C:\Program Files\dotnet\sdk\5.0.402\Extensions\Microsoft.TestPlatform.TestHostRuntimeProvider.dll
C:\Program Files\dotnet\sdk\5.0.402\Extensions\Microsoft.VisualStudio.TestPlatform.Extensions.Html.TestLogger.dll
C:\Program Files\dotnet\sdk\5.0.402\Extensions\Microsoft.VisualStudio.TestPlatform.Extensions.Trx.TestLogger.dll
TpTrace Information: 0 : 59224, 1, 2021/11/18, 23:06:48.969, 1810249755749, vstest.console.dll, AssemblyResolver.AddSearchDirectories: Adding more searchDirectories C:\Program Files\dotnet\sdk\5.0.402\Extensions,C:\Program Files\dotnet\sdk\5.0.402
TpTrace Information: 0 : 59224, 1, 2021/11/18, 23:06:48.969, 1810249756132, vstest.console.dll, AssemblyResolver.AddSearchDirectories: Adding more searchDirectories C:\Program Files\dotnet\sdk\5.0.402\Extensions,C:\Program Files\dotnet\sdk\5.0.402
TpTrace Information: 0 : 59224, 1, 2021/11/18, 23:06:48.969, 1810249756463, vstest.console.dll, AssemblyResolver.AddSearchDirectories: Adding more searchDirectories C:\Program Files\dotnet\sdk\5.0.402\Extensions,C:\Program Files\dotnet\sdk\5.0.402
TpTrace Information: 0 : 59224, 1, 2021/11/18, 23:06:48.969, 1810249757052, vstest.console.dll, AssemblyResolver.AddSearchDirectories: Adding more searchDirectories C:\Program Files\dotnet\sdk\5.0.402\Extensions,C:\Program Files\dotnet\sdk\5.0.402
TpTrace Information: 0 : 59224, 1, 2021/11/18, 23:06:48.969, 1810249757486, vstest.console.dll, AssemblyResolver.AddSearchDirectories: Adding more searchDirectories C:\Program Files\dotnet\sdk\5.0.402\Extensions,C:\Program Files\dotnet\sdk\5.0.402
TpTrace Information: 0 : 59224, 1, 2021/11/18, 23:06:48.969, 1810249757899, vstest.console.dll, AssemblyResolver.AddSearchDirectories: Adding more searchDirectories C:\Program Files\dotnet\sdk\5.0.402\Extensions,C:\Program Files\dotnet\sdk\5.0.402
TpTrace Information: 0 : 59224, 1, 2021/11/18, 23:06:48.970, 1810249760500, vstest.console.dll, AssemblyResolver.OnResolve: Microsoft.Bcl.AsyncInterfaces: Resolving assembly.
TpTrace Information: 0 : 59224, 1, 2021/11/18, 23:06:48.970, 1810249761060, vstest.console.dll, AssemblyResolver.OnResolve: Microsoft.Bcl.AsyncInterfaces: Resolved from cache.
TpTrace Verbose: 0 : 59224, 1, 2021/11/18, 23:06:48.970, 1810249761351, vstest.console.dll, CurrentDomainAssemblyResolve: Resolving assembly 'Microsoft.Bcl.AsyncInterfaces'.
TpTrace Information: 0 : 59224, 1, 2021/11/18, 23:06:48.970, 1810249761872, vstest.console.dll, AssemblyResolver.OnResolve: Microsoft.Bcl.AsyncInterfaces: Resolving assembly.
TpTrace Information: 0 : 59224, 1, 2021/11/18, 23:06:48.970, 1810249762123, vstest.console.dll, AssemblyResolver.OnResolve: Microsoft.Bcl.AsyncInterfaces: Resolved from cache.
TpTrace Verbose: 0 : 59224, 1, 2021/11/18, 23:06:48.970, 1810249762404, vstest.console.dll, CurrentDomainAssemblyResolve: Resolving assembly 'Microsoft.Bcl.AsyncInterfaces'.
TpTrace Verbose: 0 : 59224, 1, 2021/11/18, 23:06:48.970, 1810249762653, vstest.console.dll, CurrentDomainAssemblyResolve: Failed to resolve assembly 'Microsoft.Bcl.AsyncInterfaces'.
TpTrace Verbose: 0 : 59224, 1, 2021/11/18, 23:06:48.970, 1810249763977, vstest.console.dll, CurrentDomainAssemblyResolve: Failed to resolve assembly 'Microsoft.Bcl.AsyncInterfaces'.
TpTrace Warning: 0 : 59224, 1, 2021/11/18, 23:06:48.970, 1810249766470, vstest.console.dll, TestPluginDiscoverer: Failed to get types from assembly 'Microsoft.Diagnostics.NETCore.Client, Version=0.2.2.41902, Culture=neutral, PublicKeyToken=31bf3856ad364e35'.  Skipping test extension scan for this assembly.  Error: System.Reflection.ReflectionTypeLoadException: Unable to load one or more of the requested types.
Could not load file or assembly 'Microsoft.Bcl.AsyncInterfaces, Version=1.0.0.0, Culture=neutral, PublicKeyToken=cc7b13ffcd2ddd51'. 系统找不到指定的文件。
   at System.Reflection.RuntimeModule.GetTypes(RuntimeModule module)
   at System.Reflection.RuntimeModule.GetTypes()
   at System.Reflection.Assembly.GetTypes()
   at Microsoft.VisualStudio.TestPlatform.Common.ExtensionFramework.TestPluginDiscoverer.GetTestExtensionsFromAssembly[TPluginInfo,TExtension](Assembly assembly, Dictionary`2 pluginInfos)
System.IO.FileNotFoundException: Could not load file or assembly 'Microsoft.Bcl.AsyncInterfaces, Version=1.0.0.0, Culture=neutral, PublicKeyToken=cc7b13ffcd2ddd51'. 系统找不到指定的文件。
File name: 'Microsoft.Bcl.AsyncInterfaces, Version=1.0.0.0, Culture=neutral, PublicKeyToken=cc7b13ffcd2ddd51'
TpTrace Warning: 0 : 59224, 1, 2021/11/18, 23:06:48.970, 1810249766987, vstest.console.dll, LoaderExceptions: System.IO.FileNotFoundException: Could not load file or assembly 'Microsoft.Bcl.AsyncInterfaces, Version=1.0.0.0, Culture=neutral, PublicKeyToken=cc7b13ffcd2ddd51'. 系统找不到指定的文件。
File name: 'Microsoft.Bcl.AsyncInterfaces, Version=1.0.0.0, Culture=neutral, PublicKeyToken=cc7b13ffcd2ddd51'
TpTrace Verbose: 0 : 59224, 1, 2021/11/18, 23:06:48.971, 1810249769985, vstest.console.dll, TestPluginCache: Discovered the extensions using extension path ''.
TpTrace Verbose: 0 : 59224, 1, 2021/11/18, 23:06:48.971, 1810249770415, vstest.console.dll, TestPluginCache: Discoverers are ''.
TpTrace Verbose: 0 : 59224, 1, 2021/11/18, 23:06:48.971, 1810249770640, vstest.console.dll, TestPluginCache: Executors are ''.
TpTrace Verbose: 0 : 59224, 1, 2021/11/18, 23:06:48.971, 1810249770843, vstest.console.dll, TestPluginCache: Executors2 are ''.
TpTrace Verbose: 0 : 59224, 1, 2021/11/18, 23:06:48.971, 1810249771043, vstest.console.dll, TestPluginCache: Setting providers are ''.
TpTrace Verbose: 0 : 59224, 1, 2021/11/18, 23:06:48.971, 1810249771654, vstest.console.dll, TestPluginCache: Loggers are 'logger://Microsoft/TestPlatform/Extensions/Blame/v1,logger://Microsoft/TestPlatform/HtmlLogger/v1,logger://Microsoft/TestPlatform/TrxLogger/v1'.
TpTrace Information: 0 : 59224, 1, 2021/11/18, 23:06:48.971, 1810249777381, vstest.console.dll, TestPluginManager.CreateTestExtension: Attempting to load test extension: Microsoft.TestPlatform.Extensions.BlameDataCollector.BlameLogger
TpTrace Information: 0 : 59224, 1, 2021/11/18, 23:06:48.979, 1810249851739, vstest.console.dll, TestPluginManager.CreateTestExtension: Attempting to load test extension: Microsoft.VisualStudio.TestPlatform.CrossPlatEngine.Hosting.DefaultTestHostManager
TpTrace Information: 0 : 59224, 1, 2021/11/18, 23:06:48.979, 1810249854467, vstest.console.dll, TestPluginManager.CreateTestExtension: Attempting to load test extension: Microsoft.VisualStudio.TestPlatform.CrossPlatEngine.Hosting.DotnetTestHostManager
TpTrace Verbose: 0 : 59224, 1, 2021/11/18, 23:06:48.980, 1810249858695, vstest.console.dll, TestEngine: Initializing Parallel Execution as MaxCpuCount is set to: 1
TpTrace Information: 0 : 59224, 1, 2021/11/18, 23:06:48.980, 1810249863417, vstest.console.dll, InferRunSettingsHelper.IsTestSettingsEnabled: Unable to navigate to RunSettings/MSTest. Current node: RunSettings
TpTrace Verbose: 0 : 59224, 1, 2021/11/18, 23:06:48.998, 1810250044110, vstest.console.dll, TestRequestSender is acting as server
TpTrace Verbose: 0 : 59224, 4, 2021/11/18, 23:06:49.001, 1810250077960, vstest.console.dll, DataCollectionRequestSender.InitializeCommunication : Initialize communication. 
TpTrace Information: 0 : 59224, 4, 2021/11/18, 23:06:49.013, 1810250188443, vstest.console.dll, Listening on Endpoint : 127.0.0.1:50272
TpTrace Verbose: 0 : 59224, 4, 2021/11/18, 23:06:49.025, 1810250312536, vstest.console.dll, DotnetDataCollectionLauncher: Full path of dotnet.exe is C:\Program Files\dotnet\dotnet.exe
TpTrace Verbose: 0 : 59224, 4, 2021/11/18, 23:06:49.025, 1810250316724, vstest.console.dll, DotnetDataCollectionLauncher: Adding  --runtimeconfig "C:\Program Files\dotnet\sdk\5.0.402\datacollector.runtimeconfig.json" in args
TpTrace Verbose: 0 : 59224, 4, 2021/11/18, 23:06:49.026, 1810250318981, vstest.console.dll, DotnetDataCollectionLauncher: Adding  --depsfile "C:\Program Files\dotnet\sdk\5.0.402\datacollector.deps.json" in args
TpTrace Information: 0 : 59224, 4, 2021/11/18, 23:06:49.038, 1810250441197, vstest.console.dll, ProxyDataCollectionManager.Initialize: Launched datacollector processId: 44492 port: 50272
TpTrace Information: 0 : 59224, 4, 2021/11/18, 23:06:49.038, 1810250442587, vstest.console.dll, ProxyDataCollectionManager.Initialize: waiting for connection with timeout: 90 seconds
TpTrace Verbose: 0 : 59224, 4, 2021/11/18, 23:06:49.038, 1810250443112, vstest.console.dll, DataCollectionRequestSender.WaitForRequestHandlerConnection : Waiting for connection with timeout: 90000
TpTrace Information: 0 : 59224, 7, 2021/11/18, 23:06:49.223, 1810252288529, vstest.console.dll, Using the buffer size of 16384 bytes
TpTrace Verbose: 0 : 59224, 4, 2021/11/18, 23:06:49.223, 1810252289052, vstest.console.dll, ProxyDataCollectionManager.InvokeDataCollectionServiceAction: Starting.
TpTrace Information: 0 : 59224, 7, 2021/11/18, 23:06:49.223, 1810252289752, vstest.console.dll, Accepted Client request and set the flag
TpTrace Information: 0 : 59224, 4, 2021/11/18, 23:06:49.223, 1810252290818, vstest.console.dll, ProxyDataCollectionManager.BeforeTestRunStart: Get environment variable and port for datacollector processId: 44492 port: 50272
TpTrace Verbose: 0 : 59224, 4, 2021/11/18, 23:06:49.223, 1810252292797, vstest.console.dll, DataCollectionRequestSender.SendBeforeTestRunStartAndGetResult : Send BeforeTestRunStart message with settingsXml <RunSettings><RunConfiguration><ResultsDirectory>D:\TeamProgramming\ExercisesGenerator\ToolsUnitTest\bin\Debug\net5.0\fine-code-coverage\coverage-tool-output</ResultsDirectory><TargetPlatform>X64</TargetPlatform><TargetFrameworkVersion>.NETCoreApp,Version=v5.0</TargetFrameworkVersion><DesignMode>False</DesignMode><CollectSourceInformation>False</CollectSourceInformation><TestAdaptersPaths>C:\Program Files\dotnet\sdk\5.0.402\Extensions</TestAdaptersPaths></RunConfiguration><LoggerRunSettings><Loggers><Logger friendlyName="blame" enabled="True" /><Logger friendlyName="Console" uri="logger://microsoft/TestPlatform/ConsoleLogger/v1" assemblyQualifiedName="Microsoft.VisualStudio.TestPlatform.CommandLine.Internal.ConsoleLogger, vstest.console, Version=15.0.0.0, Culture=neutral, PublicKeyToken=b03f5f7f11d50a3a" codeBase="C:\Program Files\dotnet\sdk\5.0.402\vstest.console.dll" enabled="True" /></Loggers></LoggerRunSettings><DataCollectionRunSettings><DataCollectors><DataCollector friendlyName="blame" enabled="True"><Configuration><ResultsDirectory>D:\TeamProgramming\ExercisesGenerator\ToolsUnitTest\bin\Debug\net5.0\fine-code-coverage\coverage-tool-output</ResultsDirectory></Configuration></DataCollector></DataCollectors></DataCollectionRunSettings></RunSettings> and sources System.Linq.Enumerable+Concat2Iterator`1[System.String]: 
TpTrace Verbose: 0 : 59224, 4, 2021/11/18, 23:06:49.302, 1810253083525, vstest.console.dll, DataCollectionRequestSender.SendBeforeTestRunStartAndGetResult : Received message: (DataCollection.SendMessage) -> {
  "FriendlyName": null,
  "Uri": null,
  "TestCaseId": "00000000-0000-0000-0000-000000000000",
  "Message": "Logging DataCollector Diagnostics in file: D:\\TeamProgramming\\ExercisesGenerator\\ToolsUnitTest\\bin\\Debug\\net5.0\\fine-code-coverage\\coverage-tool-output\\diagnostics.datacollector.21-11-18_23-06-49_01930_4.log",
  "Level": 0
}
TpTrace Information: 0 : 59224, 4, 2021/11/18, 23:06:49.308, 1810253146881, vstest.console.dll, AssemblyResolver.OnResolve: Microsoft.VisualStudio.TestPlatform.Common.resources: Resolving assembly.
TpTrace Information: 0 : 59224, 4, 2021/11/18, 23:06:49.308, 1810253147913, vstest.console.dll, AssemblyResolver.OnResolve: Microsoft.VisualStudio.TestPlatform.Common.resources: Searching in: 'C:\Program Files\dotnet\sdk\5.0.402\Extensions'.
TpTrace Information: 0 : 59224, 4, 2021/11/18, 23:06:49.309, 1810253149410, vstest.console.dll, AssemblyResolver.OnResolve: Microsoft.VisualStudio.TestPlatform.Common.resources: Assembly path does not exist: 'C:\Program Files\dotnet\sdk\5.0.402\Extensions\Microsoft.VisualStudio.TestPlatform.Common.resources.dll', returning.
TpTrace Information: 0 : 59224, 4, 2021/11/18, 23:06:49.309, 1810253150605, vstest.console.dll, AssemblyResolver.OnResolve: Microsoft.VisualStudio.TestPlatform.Common.resources: Assembly path does not exist: 'C:\Program Files\dotnet\sdk\5.0.402\Extensions\Microsoft.VisualStudio.TestPlatform.Common.resources.exe', returning.
TpTrace Information: 0 : 59224, 4, 2021/11/18, 23:06:49.309, 1810253151067, vstest.console.dll, AssemblyResolver.OnResolve: Microsoft.VisualStudio.TestPlatform.Common.resources: Searching in: 'C:\Program Files\dotnet\sdk\5.0.402'.
TpTrace Information: 0 : 59224, 4, 2021/11/18, 23:06:49.309, 1810253152065, vstest.console.dll, AssemblyResolver.OnResolve: Microsoft.VisualStudio.TestPlatform.Common.resources: Assembly path does not exist: 'C:\Program Files\dotnet\sdk\5.0.402\Microsoft.VisualStudio.TestPlatform.Common.resources.dll', returning.
TpTrace Information: 0 : 59224, 4, 2021/11/18, 23:06:49.309, 1810253153070, vstest.console.dll, AssemblyResolver.OnResolve: Microsoft.VisualStudio.TestPlatform.Common.resources: Assembly path does not exist: 'C:\Program Files\dotnet\sdk\5.0.402\Microsoft.VisualStudio.TestPlatform.Common.resources.exe', returning.
TpTrace Information: 0 : 59224, 4, 2021/11/18, 23:06:49.309, 1810253153470, vstest.console.dll, AssemblyResolver.OnResolve: Microsoft.VisualStudio.TestPlatform.Common.resources: Failed to load assembly.
TpTrace Verbose: 0 : 59224, 4, 2021/11/18, 23:06:49.518, 1810255247073, vstest.console.dll, DataCollectionRequestSender.SendBeforeTestRunStartAndGetResult : Received message: (DataCollection.BeforeTestRunStartResult) -> {
  "EnvironmentVariables": {},
  "DataCollectionEventsPort": 50277
}
TpTrace Information: 0 : 59224, 4, 2021/11/18, 23:06:49.522, 1810255283626, vstest.console.dll, ProxyDataCollectionManager.BeforeTestRunStart: SendBeforeTestRunStartAndGetResult successful, env variable from datacollector:   and testhost port: 50277
TpTrace Information: 0 : 59224, 4, 2021/11/18, 23:06:49.522, 1810255284636, vstest.console.dll, ProxyDataCollectionManager.InvokeDataCollectionServiceAction: Completed.
TpTrace Verbose: 0 : 59224, 1, 2021/11/18, 23:06:49.522, 1810255287562, vstest.console.dll, TestRunRequest.ExecuteAsync: Creating test run request.
TpTrace Verbose: 0 : 59224, 1, 2021/11/18, 23:06:49.523, 1810255290113, vstest.console.dll, TestRunRequest.ExecuteAsync: Starting.
TpTrace Information: 0 : 59224, 1, 2021/11/18, 23:06:49.523, 1810255292242, vstest.console.dll, TestRunRequest.ExecuteAsync: Starting run with settings:TestRunCriteria:
   KeepAlive=False,FrequencyOfRunStatsChangeEvent=10,RunStatsChangeEventTimeout=00:00:01.5000000,TestCaseFilter=,TestExecutorLauncher=
   Settingsxml=<RunSettings>
  <RunConfiguration>
    <ResultsDirectory>D:\TeamProgramming\ExercisesGenerator\ToolsUnitTest\bin\Debug\net5.0\fine-code-coverage\coverage-tool-output</ResultsDirectory>
    <TargetPlatform>X64</TargetPlatform>
    <TargetFrameworkVersion>.NETCoreApp,Version=v5.0</TargetFrameworkVersion>
    <DesignMode>False</DesignMode>
    <CollectSourceInformation>False</CollectSourceInformation>
  </RunConfiguration>
  <LoggerRunSettings>
    <Loggers>
      <Logger friendlyName="blame" enabled="True" />
      <Logger friendlyName="Console" uri="logger://microsoft/TestPlatform/ConsoleLogger/v1" assemblyQualifiedName="Microsoft.VisualStudio.TestPlatform.CommandLine.Internal.ConsoleLogger, vstest.console, Version=15.0.0.0, Culture=neutral, PublicKeyToken=b03f5f7f11d50a3a" codeBase="C:\Program Files\dotnet\sdk\5.0.402\vstest.console.dll" enabled="True" />
    </Loggers>
  </LoggerRunSettings>
  <DataCollectionRunSettings>
    <DataCollectors>
      <DataCollector friendlyName="blame" enabled="True">
        <Configuration>
          <ResultsDirectory>D:\TeamProgramming\ExercisesGenerator\ToolsUnitTest\bin\Debug\net5.0\fine-code-coverage\coverage-tool-output</ResultsDirectory>
        </Configuration>
      </DataCollector>
    </DataCollectors>
  </DataCollectionRunSettings>
</RunSettings>

TpTrace Verbose: 0 : 59224, 1, 2021/11/18, 23:06:49.523, 1810255293185, vstest.console.dll, TestRunRequest.ExecuteAsync: Wait for the first run request is over.
TpTrace Verbose: 0 : 59224, 1, 2021/11/18, 23:06:49.523, 1810255296640, vstest.console.dll, ParallelProxyExecutionManager: Start execution. Total sources: 1
TpTrace Information: 0 : 59224, 1, 2021/11/18, 23:06:49.524, 1810255301999, vstest.console.dll, ProxyParallelExecutionManager: Triggering test run for next source: D:\TeamProgramming\ExercisesGenerator\ToolsUnitTest\bin\Debug\net5.0\fine-code-coverage\build-output\ToolsUnitTest.dll
TpTrace Verbose: 0 : 59224, 1, 2021/11/18, 23:06:49.524, 1810255303501, vstest.console.dll, ProxyParallelExecutionManager: No sources available for execution.
TpTrace Verbose: 0 : 59224, 12, 2021/11/18, 23:06:49.524, 1810255303718, vstest.console.dll, ParallelProxyExecutionManager: Execution started. Started clients: 1
TpTrace Information: 0 : 59224, 1, 2021/11/18, 23:06:49.524, 1810255303902, vstest.console.dll, TestRunRequest.ExecuteAsync: Started.
TpTrace Verbose: 0 : 59224, 1, 2021/11/18, 23:06:49.524, 1810255304920, vstest.console.dll, TestRunRequest.WaitForCompletion: Waiting with timeout -1.
TpTrace Verbose: 0 : 59224, 12, 2021/11/18, 23:06:49.524, 1810255306326, vstest.console.dll, TestRunRequest:SendTestRunMessage: Starting.
TpTrace Information: 0 : 59224, 12, 2021/11/18, 23:06:49.527, 1810255332066, vstest.console.dll, TestRunRequest:SendTestRunMessage: Completed.
TpTrace Verbose: 0 : 59224, 12, 2021/11/18, 23:06:49.527, 1810255334596, vstest.console.dll, ProxyExecutionManager: Test host is always Lazy initialize.
TpTrace Verbose: 0 : 59224, 12, 2021/11/18, 23:06:49.527, 1810255336909, vstest.console.dll, TestRequestSender.InitializeCommunication: initialize communication. 
TpTrace Information: 0 : 59224, 12, 2021/11/18, 23:06:49.528, 1810255341303, vstest.console.dll, SocketServer.Start: Listening on endpoint : 127.0.0.1:50278
TpTrace Verbose: 0 : 59224, 12, 2021/11/18, 23:06:49.528, 1810255347854, vstest.console.dll, DotnetTestHostmanager: Adding  --runtimeconfig "D:\TeamProgramming\ExercisesGenerator\ToolsUnitTest\bin\Debug\net5.0\fine-code-coverage\build-output\ToolsUnitTest.runtimeconfig.json" in args
TpTrace Verbose: 0 : 59224, 12, 2021/11/18, 23:06:49.529, 1810255349163, vstest.console.dll, DotnetTestHostmanager: Adding  --depsfile "D:\TeamProgramming\ExercisesGenerator\ToolsUnitTest\bin\Debug\net5.0\fine-code-coverage\build-output\ToolsUnitTest.deps.json" in args
TpTrace Verbose: 0 : 59224, 12, 2021/11/18, 23:06:49.529, 1810255351151, vstest.console.dll, DotnetTestHostManager: Testhost.exe/testhost.x86.exe found at path: D:\TeamProgramming\ExercisesGenerator\ToolsUnitTest\bin\Debug\net5.0\fine-code-coverage\build-output\testhost.exe
TpTrace Verbose: 0 : 59224, 12, 2021/11/18, 23:06:49.529, 1810255352062, vstest.console.dll, DotnetTestHostmanager: Full path of host exe is D:\TeamProgramming\ExercisesGenerator\ToolsUnitTest\bin\Debug\net5.0\fine-code-coverage\build-output\testhost.exe
TpTrace Verbose: 0 : 59224, 4, 2021/11/18, 23:06:49.530, 1810255360175, vstest.console.dll, DotnetTestHostManager: Starting process 'D:\TeamProgramming\ExercisesGenerator\ToolsUnitTest\bin\Debug\net5.0\fine-code-coverage\build-output\testhost.exe' with command line ' --runtimeconfig "D:\TeamProgramming\ExercisesGenerator\ToolsUnitTest\bin\Debug\net5.0\fine-code-coverage\build-output\ToolsUnitTest.runtimeconfig.json" --depsfile "D:\TeamProgramming\ExercisesGenerator\ToolsUnitTest\bin\Debug\net5.0\fine-code-coverage\build-output\ToolsUnitTest.deps.json" --port 50278 --endpoint 127.0.0.1:050278 --role client --parentprocessid 59224 --diag "D:\TeamProgramming\ExercisesGenerator\ToolsUnitTest\bin\Debug\net5.0\fine-code-coverage\coverage-tool-output\diagnostics.host.21-11-18_23-06-49_52855_12.log" --tracelevel 4 --datacollectionport 50277 --telemetryoptedin false'
TpTrace Verbose: 0 : 59224, 4, 2021/11/18, 23:06:49.538, 1810255443420, vstest.console.dll, Test Runtime launched
TpTrace Verbose: 0 : 59224, 12, 2021/11/18, 23:06:49.539, 1810255449220, vstest.console.dll, TestRequestSender.WaitForRequestHandlerConnection: waiting for connection with timeout: 90000
TpTrace Verbose: 0 : 59224, 13, 2021/11/18, 23:06:49.740, 1810257467532, vstest.console.dll, SocketServer.OnClientConnected: Client connected for endPoint: 127.0.0.1:50278, starting MessageLoopAsync:
TpTrace Verbose: 0 : 59224, 13, 2021/11/18, 23:06:49.741, 1810257471450, vstest.console.dll, TcpClientExtensions.MessageLoopAsync: Polling on remoteEndPoint: 127.0.0.1:50279 localEndPoint: 127.0.0.1:50278
TpTrace Verbose: 0 : 59224, 13, 2021/11/18, 23:06:49.879, 1810258852512, vstest.console.dll, TcpClientExtensions.MessageLoopAsync: NotifyDataAvailable remoteEndPoint: 127.0.0.1:50279 localEndPoint: 127.0.0.1:50278
TpTrace Verbose: 0 : 59224, 13, 2021/11/18, 23:06:49.879, 1810258854798, vstest.console.dll, TestRequestSender.CheckVersionWithTestHost: onMessageReceived received message: (ProtocolVersion) -> 5
TpTrace Verbose: 0 : 59224, 13, 2021/11/18, 23:06:49.879, 1810258857938, vstest.console.dll, TcpClientExtensions.MessageLoopAsync: Polling on remoteEndPoint: 127.0.0.1:50279 localEndPoint: 127.0.0.1:50278
TpTrace Verbose: 0 : 59224, 12, 2021/11/18, 23:06:49.880, 1810258858988, vstest.console.dll, TestPluginCache.GetExtensionPaths: Filtered extension paths: 
TpTrace Verbose: 0 : 59224, 12, 2021/11/18, 23:06:49.880, 1810258859630, vstest.console.dll, TestPluginCache.GetExtensionPaths: Added default extension paths: C:\Program Files\dotnet\sdk\5.0.402\Extensions\Microsoft.Diagnostics.NETCore.Client.dll
C:\Program Files\dotnet\sdk\5.0.402\Extensions\Microsoft.TestPlatform.Extensions.BlameDataCollector.dll
C:\Program Files\dotnet\sdk\5.0.402\Extensions\Microsoft.TestPlatform.Extensions.EventLogCollector.dll
C:\Program Files\dotnet\sdk\5.0.402\Extensions\Microsoft.TestPlatform.TestHostRuntimeProvider.dll
C:\Program Files\dotnet\sdk\5.0.402\Extensions\Microsoft.VisualStudio.TestPlatform.Extensions.Html.TestLogger.dll
C:\Program Files\dotnet\sdk\5.0.402\Extensions\Microsoft.VisualStudio.TestPlatform.Extensions.Trx.TestLogger.dll
TpTrace Verbose: 0 : 59224, 12, 2021/11/18, 23:06:49.880, 1810258859929, vstest.console.dll, TestPluginCache.GetExtensionPaths: Added unfilterableExtensionPaths: 
TpTrace Verbose: 0 : 59224, 12, 2021/11/18, 23:06:49.883, 1810258892601, vstest.console.dll, TestRequestSender.InitializeExecution: Sending initializing execution with message: {"Version":5,"MessageType":"TestExecution.Initialize","Payload":["D:\\TeamProgramming\\ExercisesGenerator\\ToolsUnitTest\\bin\\Debug\\net5.0\\fine-code-coverage\\build-output\\NUnit3.TestAdapter.dll"]}
TpTrace Verbose: 0 : 59224, 12, 2021/11/18, 23:06:49.889, 1810258951458, vstest.console.dll, TestRequestSender.StartTestRun: Sending test run with message: {"Version":5,"MessageType":"TestExecution.StartWithSources","Payload":{"AdapterSourceMap":{"_none_":["D:\\TeamProgramming\\ExercisesGenerator\\ToolsUnitTest\\bin\\Debug\\net5.0\\fine-code-coverage\\build-output\\ToolsUnitTest.dll"]},"RunSettings":"<RunSettings>\r\n  <RunConfiguration>\r\n    <ResultsDirectory>D:\\TeamProgramming\\ExercisesGenerator\\ToolsUnitTest\\bin\\Debug\\net5.0\\fine-code-coverage\\coverage-tool-output</ResultsDirectory>\r\n    <TargetPlatform>X64</TargetPlatform>\r\n    <TargetFrameworkVersion>.NETCoreApp,Version=v5.0</TargetFrameworkVersion>\r\n    <DesignMode>False</DesignMode>\r\n    <CollectSourceInformation>False</CollectSourceInformation>\r\n  </RunConfiguration>\r\n  <LoggerRunSettings>\r\n    <Loggers>\r\n      <Logger friendlyName=\"blame\" enabled=\"True\" />\r\n      <Logger friendlyName=\"Console\" uri=\"logger://microsoft/TestPlatform/ConsoleLogger/v1\" assemblyQualifiedName=\"Microsoft.VisualStudio.TestPlatform.CommandLine.Internal.ConsoleLogger, vstest.console, Version=15.0.0.0, Culture=neutral, PublicKeyToken=b03f5f7f11d50a3a\" codeBase=\"C:\\Program Files\\dotnet\\sdk\\5.0.402\\vstest.console.dll\" enabled=\"True\" />\r\n    </Loggers>\r\n  </LoggerRunSettings>\r\n  <DataCollectionRunSettings>\r\n    <DataCollectors>\r\n      <DataCollector friendlyName=\"blame\" enabled=\"True\">\r\n        <Configuration>\r\n          <ResultsDirectory>D:\\TeamProgramming\\ExercisesGenerator\\ToolsUnitTest\\bin\\Debug\\net5.0\\fine-code-coverage\\coverage-tool-output</ResultsDirectory>\r\n        </Configuration>\r\n      </DataCollector>\r\n    </DataCollectors>\r\n  </DataCollectionRunSettings>\r\n</RunSettings>","TestExecutionContext":{"FrequencyOfRunStatsChangeEvent":10,"RunStatsChangeEventTimeout":"00:00:01.5000000","InIsolation":false,"KeepAlive":false,"AreTestCaseLevelEventsRequired":false,"IsDebug":false,"TestCaseFilter":null,"FilterOptions":null},"Package":null}}
TpTrace Verbose: 0 : 59224, 13, 2021/11/18, 23:06:49.892, 1810258980432, vstest.console.dll, TcpClientExtensions.MessageLoopAsync: NotifyDataAvailable remoteEndPoint: 127.0.0.1:50279 localEndPoint: 127.0.0.1:50278
TpTrace Verbose: 0 : 59224, 13, 2021/11/18, 23:06:49.892, 1810258983089, vstest.console.dll, TestRequestSender.OnExecutionMessageReceived: Received message: {"Version":5,"MessageType":"TestSession.Message","Payload":{"MessageLevel":0,"Message":"在文件 D:\\TeamProgramming\\ExercisesGenerator\\ToolsUnitTest\\bin\\Debug\\net5.0\\fine-code-coverage\\coverage-tool-output\\diagnostics.host.21-11-18_23-06-49_52855_12.log 中记录 TestHost 诊断"}}
TpTrace Verbose: 0 : 59224, 13, 2021/11/18, 23:06:49.894, 1810259003791, vstest.console.dll, TestRunRequest:SendTestRunMessage: Starting.
TpTrace Information: 0 : 59224, 13, 2021/11/18, 23:06:49.894, 1810259005077, vstest.console.dll, TestRunRequest:SendTestRunMessage: Completed.
TpTrace Verbose: 0 : 59224, 13, 2021/11/18, 23:06:49.894, 1810259005474, vstest.console.dll, TcpClientExtensions.MessageLoopAsync: Polling on remoteEndPoint: 127.0.0.1:50279 localEndPoint: 127.0.0.1:50278
TpTrace Verbose: 0 : 59224, 13, 2021/11/18, 23:06:50.198, 1810262047058, vstest.console.dll, TcpClientExtensions.MessageLoopAsync: NotifyDataAvailable remoteEndPoint: 127.0.0.1:50279 localEndPoint: 127.0.0.1:50278
TpTrace Verbose: 0 : 59224, 13, 2021/11/18, 23:06:50.198, 1810262048117, vstest.console.dll, TestRequestSender.OnExecutionMessageReceived: Received message: {"Version":5,"MessageType":"TestSession.Message","Payload":{"MessageLevel":0,"Message":"NUnit Adapter 3.17.0.0: Test execution started"}}
TpTrace Verbose: 0 : 59224, 13, 2021/11/18, 23:06:50.199, 1810262050042, vstest.console.dll, TestRunRequest:SendTestRunMessage: Starting.
TpTrace Information: 0 : 59224, 13, 2021/11/18, 23:06:50.199, 1810262050626, vstest.console.dll, TestRunRequest:SendTestRunMessage: Completed.
TpTrace Verbose: 0 : 59224, 13, 2021/11/18, 23:06:50.199, 1810262050895, vstest.console.dll, TcpClientExtensions.MessageLoopAsync: Polling on remoteEndPoint: 127.0.0.1:50279 localEndPoint: 127.0.0.1:50278
TpTrace Verbose: 0 : 59224, 13, 2021/11/18, 23:06:50.228, 1810262345281, vstest.console.dll, TcpClientExtensions.MessageLoopAsync: NotifyDataAvailable remoteEndPoint: 127.0.0.1:50279 localEndPoint: 127.0.0.1:50278
TpTrace Verbose: 0 : 59224, 13, 2021/11/18, 23:06:50.228, 1810262346395, vstest.console.dll, TestRequestSender.OnExecutionMessageReceived: Received message: {"Version":5,"MessageType":"TestSession.Message","Payload":{"MessageLevel":0,"Message":"Running all tests in D:\\TeamProgramming\\ExercisesGenerator\\ToolsUnitTest\\bin\\Debug\\net5.0\\fine-code-coverage\\build-output\\ToolsUnitTest.dll"}}
TpTrace Verbose: 0 : 59224, 13, 2021/11/18, 23:06:50.228, 1810262347847, vstest.console.dll, TestRunRequest:SendTestRunMessage: Starting.
TpTrace Information: 0 : 59224, 13, 2021/11/18, 23:06:50.229, 1810262348389, vstest.console.dll, TestRunRequest:SendTestRunMessage: Completed.
TpTrace Verbose: 0 : 59224, 13, 2021/11/18, 23:06:50.229, 1810262348655, vstest.console.dll, TcpClientExtensions.MessageLoopAsync: Polling on remoteEndPoint: 127.0.0.1:50279 localEndPoint: 127.0.0.1:50278
TpTrace Verbose: 0 : 59224, 13, 2021/11/18, 23:06:50.357, 1810263636680, vstest.console.dll, TcpClientExtensions.MessageLoopAsync: NotifyDataAvailable remoteEndPoint: 127.0.0.1:50279 localEndPoint: 127.0.0.1:50278
TpTrace Verbose: 0 : 59224, 13, 2021/11/18, 23:06:50.357, 1810263638174, vstest.console.dll, TestRequestSender.OnExecutionMessageReceived: Received message: {"Version":5,"MessageType":"TestSession.Message","Payload":{"MessageLevel":0,"Message":"   NUnit3TestExecutor discovered 25 of 25 NUnit test cases"}}
TpTrace Verbose: 0 : 59224, 13, 2021/11/18, 23:06:50.358, 1810263639681, vstest.console.dll, TestRunRequest:SendTestRunMessage: Starting.
TpTrace Information: 0 : 59224, 13, 2021/11/18, 23:06:50.358, 1810263640199, vstest.console.dll, TestRunRequest:SendTestRunMessage: Completed.
TpTrace Verbose: 0 : 59224, 13, 2021/11/18, 23:06:50.358, 1810263640465, vstest.console.dll, TcpClientExtensions.MessageLoopAsync: Polling on remoteEndPoint: 127.0.0.1:50279 localEndPoint: 127.0.0.1:50278
TpTrace Verbose: 0 : 59224, 13, 2021/11/18, 23:06:50.479, 1810264852641, vstest.console.dll, TcpClientExtensions.MessageLoopAsync: NotifyDataAvailable remoteEndPoint: 127.0.0.1:50279 localEndPoint: 127.0.0.1:50278
TpTrace Verbose: 0 : 59224, 13, 2021/11/18, 23:06:50.479, 1810264854505, vstest.console.dll, TestRequestSender.OnExecutionMessageReceived: Received message: {"Version":5,"MessageType":"TestExecution.StatsChange","Payload":{"NewTestResults":[{"TestCase":{"Id":"784dfbdb-6a87-ec3e-111a-1e778e5b0fdd","FullyQualifiedName":"ToolsUnitTest.ExpressionTest.TestCalculatePostfix","DisplayName":"TestCalculatePostfix","ExecutorUri":"executor://NUnit3TestExecutor","Source":"D:\\TeamProgramming\\ExercisesGenerator\\ToolsUnitTest\\bin\\Debug\\net5.0\\fine-code-coverage\\build-output\\ToolsUnitTest.dll","CodeFilePath":null,"LineNumber":0,"Properties":[]},"Attachments":[],"Outcome":1,"ErrorMessage":null,"ErrorStackTrace":null,"DisplayName":"TestCalculatePostfix","Messages":[],"ComputerName":"LAPTOP-LGFH7TT9","Duration":"00:00:00.0218640","StartTime":"2021-11-18T15:06:50.3828272+00:00","EndTime":"2021-11-18T15:06:50.4046165+00:00","Properties":[]},{"TestCase":{"Id":"ddbcd5cd-501c-3aed-b9f4-d0d080dfd7bc","FullyQualifiedName":"ToolsUnitTest.ExpressionTest.TestExpressionToHTML","DisplayName":"TestExpressionToHTML","ExecutorUri":"executor://NUnit3TestExecutor","Source":"D:\\TeamProgramming\\ExercisesGenerator\\ToolsUnitTest\\bin\\Debug\\net5.0\\fine-code-coverage\\build-output\\ToolsUnitTest.dll","CodeFilePath":null,"LineNumber":0,"Properties":[]},"Attachments":[],"Outcome":1,"ErrorMessage":null,"ErrorStackTrace":null,"DisplayName":"TestExpressionToHTML","Messages":[],"ComputerName":"LAPTOP-LGFH7TT9","Duration":"00:00:00.0026660","StartTime":"2021-11-18T15:06:50.4061326+00:00","EndTime":"2021-11-18T15:06:50.4087982+00:00","Properties":[]},{"TestCase":{"Id":"843a7382-759f-74f6-add7-7cd25a5eaf27","FullyQualifiedName":"ToolsUnitTest.ExpressionTest.TestExpressionToString","DisplayName":"TestExpressionToString","ExecutorUri":"executor://NUnit3TestExecutor","Source":"D:\\TeamProgramming\\ExercisesGenerator\\ToolsUnitTest\\bin\\Debug\\net5.0\\fine-code-coverage\\build-output\\ToolsUnitTest.dll","CodeFilePath":null,"LineNumber":0,"Properties":[]},"Attachments":[],"Outcome":1,"ErrorMessage":null,"ErrorStackTrace":null,"DisplayName":"TestExpressionToString","Messages":[],"ComputerName":"LAPTOP-LGFH7TT9","Duration":"00:00:00.0007500","StartTime":"2021-11-18T15:06:50.4088276+00:00","EndTime":"2021-11-18T15:06:50.409577+00:00","Properties":[]},{"TestCase":{"Id":"cc4b185a-a498-c7c5-bc33-276ba09cfb0a","FullyQualifiedName":"ToolsUnitTest.ExpressionTest.TestInfixToPostfix","DisplayName":"TestInfixToPostfix","ExecutorUri":"executor://NUnit3TestExecutor","Source":"D:\\TeamProgramming\\ExercisesGenerator\\ToolsUnitTest\\bin\\Debug\\net5.0\\fine-code-coverage\\build-output\\ToolsUnitTest.dll","CodeFilePath":null,"LineNumber":0,"Properties":[]},"Attachments":[],"Outcome":1,"ErrorMessage":null,"ErrorStackTrace":null,"DisplayName":"TestInfixToPostfix","Messages":[],"ComputerName":"LAPTOP-LGFH7TT9","Duration":"00:00:00.0025140","StartTime":"2021-11-18T15:06:50.4095884+00:00","EndTime":"2021-11-18T15:06:50.4121015+00:00","Properties":[]},{"TestCase":{"Id":"d6a38d23-9ab6-d6bd-ffb9-0723906abea9","FullyQualifiedName":"ToolsUnitTest.ExpressionTest.TestPostfixToTree","DisplayName":"TestPostfixToTree","ExecutorUri":"executor://NUnit3TestExecutor","Source":"D:\\TeamProgramming\\ExercisesGenerator\\ToolsUnitTest\\bin\\Debug\\net5.0\\fine-code-coverage\\build-output\\ToolsUnitTest.dll","CodeFilePath":null,"LineNumber":0,"Properties":[]},"Attachments":[],"Outcome":1,"ErrorMessage":null,"ErrorStackTrace":null,"DisplayName":"TestPostfixToTree","Messages":[],"ComputerName":"LAPTOP-LGFH7TT9","Duration":"00:00:00.0016190","StartTime":"2021-11-18T15:06:50.4121206+00:00","EndTime":"2021-11-18T15:06:50.4137387+00:00","Properties":[]},{"TestCase":{"Id":"f334232e-1373-e89b-5418-92798d5bdd6c","FullyQualifiedName":"ToolsUnitTest.ExpressionTest.TestStringToExpression","DisplayName":"TestStringToExpression","ExecutorUri":"executor://NUnit3TestExecutor","Source":"D:\\TeamProgramming\\ExercisesGenerator\\ToolsUnitTest\\bin\\Debug\\net5.0\\fine-code-coverage\\build-output\\ToolsUnitTest.dll","CodeFilePath":null,"LineNumber":0,"Properties":[]},"Attachments":[],"Outcome":1,"ErrorMessage":null,"ErrorStackTrace":null,"DisplayName":"TestStringToExpression","Messages":[],"ComputerName":"LAPTOP-LGFH7TT9","Duration":"00:00:00.0004760","StartTime":"2021-11-18T15:06:50.4137544+00:00","EndTime":"2021-11-18T15:06:50.4142304+00:00","Properties":[]},{"TestCase":{"Id":"acb61e67-68c1-a189-ce2d-879f01082685","FullyQualifiedName":"ToolsUnitTest.FractionTests.TestAddition","DisplayName":"TestAddition","ExecutorUri":"executor://NUnit3TestExecutor","Source":"D:\\TeamProgramming\\ExercisesGenerator\\ToolsUnitTest\\bin\\Debug\\net5.0\\fine-code-coverage\\build-output\\ToolsUnitTest.dll","CodeFilePath":null,"LineNumber":0,"Properties":[]},"Attachments":[],"Outcome":1,"ErrorMessage":null,"ErrorStackTrace":null,"DisplayName":"TestAddition","Messages":[],"ComputerName":"LAPTOP-LGFH7TT9","Duration":"00:00:00.0004960","StartTime":"2021-11-18T15:06:50.4164299+00:00","EndTime":"2021-11-18T15:06:50.4169261+00:00","Properties":[]},{"TestCase":{"Id":"1a978f58-96dc-6522-acde-3573ef51bd70","FullyQualifiedName":"ToolsUnitTest.FractionTests.TestDivid","DisplayName":"TestDivid","ExecutorUri":"executor://NUnit3TestExecutor","Source":"D:\\TeamProgramming\\ExercisesGenerator\\ToolsUnitTest\\bin\\Debug\\net5.0\\fine-code-coverage\\build-output\\ToolsUnitTest.dll","CodeFilePath":null,"LineNumber":0,"Properties":[]},"Attachments":[],"Outcome":1,"ErrorMessage":null,"ErrorStackTrace":null,"DisplayName":"TestDivid","Messages":[],"ComputerName":"LAPTOP-LGFH7TT9","Duration":"00:00:00.0005109","StartTime":"2021-11-18T15:06:50.4169427+00:00","EndTime":"2021-11-18T15:06:50.4174531+00:00","Properties":[]},{"TestCase":{"Id":"fc6f25d7-ae97-9e46-f7d7-80a01fbe6a32","FullyQualifiedName":"ToolsUnitTest.FractionTests.TestGCD","DisplayName":"TestGCD","ExecutorUri":"executor://NUnit3TestExecutor","Source":"D:\\TeamProgramming\\ExercisesGenerator\\ToolsUnitTest\\bin\\Debug\\net5.0\\fine-code-coverage\\build-output\\ToolsUnitTest.dll","CodeFilePath":null,"LineNumber":0,"Properties":[]},"Attachments":[],"Outcome":1,"ErrorMessage":null,"ErrorStackTrace":null,"DisplayName":"TestGCD","Messages":[],"ComputerName":"LAPTOP-LGFH7TT9","Duration":"00:00:00.0005650","StartTime":"2021-11-18T15:06:50.4174676+00:00","EndTime":"2021-11-18T15:06:50.4180321+00:00","Properties":[]}],"TestRunStatistics":{"ExecutedTests":9,"Stats":{"Passed":9}},"ActiveTests":[{"Id":"bfad5444-62f3-4700-1669-6d80596dac31","FullyQualifiedName":"ToolsUnitTest.FractionTests.TestMultiply","DisplayName":"TestMultiply","ExecutorUri":"executor://NUnit3TestExecutor","Source":"D:\\TeamProgramming\\ExercisesGenerator\\ToolsUnitTest\\bin\\Debug\\net5.0\\fine-code-coverage\\build-output\\ToolsUnitTest.dll","CodeFilePath":null,"LineNumber":0,"Properties":[]}]}}
TpTrace Verbose: 0 : 59224, 13, 2021/11/18, 23:06:50.503, 1810265096963, vstest.console.dll, TestRunRequest:SendTestRunStatsChange: Starting.
TpTrace Verbose: 0 : 59224, 13, 2021/11/18, 23:06:50.503, 1810265097955, vstest.console.dll, InProgress is TestMultiply
TpTrace Information: 0 : 59224, 13, 2021/11/18, 23:06:50.504, 1810265099593, vstest.console.dll, TestRunRequest:SendTestRunStatsChange: Completed.
TpTrace Verbose: 0 : 59224, 13, 2021/11/18, 23:06:50.504, 1810265099951, vstest.console.dll, TcpClientExtensions.MessageLoopAsync: Polling on remoteEndPoint: 127.0.0.1:50279 localEndPoint: 127.0.0.1:50278
TpTrace Verbose: 0 : 59224, 13, 2021/11/18, 23:06:50.504, 1810265100410, vstest.console.dll, TcpClientExtensions.MessageLoopAsync: NotifyDataAvailable remoteEndPoint: 127.0.0.1:50279 localEndPoint: 127.0.0.1:50278
TpTrace Verbose: 0 : 59224, 13, 2021/11/18, 23:06:50.504, 1810265101458, vstest.console.dll, TestRequestSender.OnExecutionMessageReceived: Received message: {"Version":5,"MessageType":"TestExecution.StatsChange","Payload":{"NewTestResults":[{"TestCase":{"Id":"bfad5444-62f3-4700-1669-6d80596dac31","FullyQualifiedName":"ToolsUnitTest.FractionTests.TestMultiply","DisplayName":"TestMultiply","ExecutorUri":"executor://NUnit3TestExecutor","Source":"D:\\TeamProgramming\\ExercisesGenerator\\ToolsUnitTest\\bin\\Debug\\net5.0\\fine-code-coverage\\build-output\\ToolsUnitTest.dll","CodeFilePath":null,"LineNumber":0,"Properties":[]},"Attachments":[],"Outcome":1,"ErrorMessage":null,"ErrorStackTrace":null,"DisplayName":"TestMultiply","Messages":[],"ComputerName":"LAPTOP-LGFH7TT9","Duration":"00:00:00.0002440","StartTime":"2021-11-18T15:06:50.4180425+00:00","EndTime":"2021-11-18T15:06:50.4182866+00:00","Properties":[]},{"TestCase":{"Id":"d321c65d-90a1-8e52-fb18-394dda5c9c34","FullyQualifiedName":"ToolsUnitTest.FractionTests.TestReduce","DisplayName":"TestReduce","ExecutorUri":"executor://NUnit3TestExecutor","Source":"D:\\TeamProgramming\\ExercisesGenerator\\ToolsUnitTest\\bin\\Debug\\net5.0\\fine-code-coverage\\build-output\\ToolsUnitTest.dll","CodeFilePath":null,"LineNumber":0,"Properties":[]},"Attachments":[],"Outcome":1,"ErrorMessage":null,"ErrorStackTrace":null,"DisplayName":"TestReduce","Messages":[],"ComputerName":"LAPTOP-LGFH7TT9","Duration":"00:00:00.0002300","StartTime":"2021-11-18T15:06:50.4182954+00:00","EndTime":"2021-11-18T15:06:50.4185251+00:00","Properties":[]},{"TestCase":{"Id":"15efa977-152d-6351-d4be-b45049d56f95","FullyQualifiedName":"ToolsUnitTest.FractionTests.TestSubscribe","DisplayName":"TestSubscribe","ExecutorUri":"executor://NUnit3TestExecutor","Source":"D:\\TeamProgramming\\ExercisesGenerator\\ToolsUnitTest\\bin\\Debug\\net5.0\\fine-code-coverage\\build-output\\ToolsUnitTest.dll","CodeFilePath":null,"LineNumber":0,"Properties":[]},"Attachments":[],"Outcome":1,"ErrorMessage":null,"ErrorStackTrace":null,"DisplayName":"TestSubscribe","Messages":[],"ComputerName":"LAPTOP-LGFH7TT9","Duration":"00:00:00.0002630","StartTime":"2021-11-18T15:06:50.4185334+00:00","EndTime":"2021-11-18T15:06:50.4187956+00:00","Properties":[]},{"TestCase":{"Id":"04d95188-a37c-82bb-d541-f1d8be222a87","FullyQualifiedName":"ToolsUnitTest.FractionTests.TestToHTML","DisplayName":"TestToHTML","ExecutorUri":"executor://NUnit3TestExecutor","Source":"D:\\TeamProgramming\\ExercisesGenerator\\ToolsUnitTest\\bin\\Debug\\net5.0\\fine-code-coverage\\build-output\\ToolsUnitTest.dll","CodeFilePath":null,"LineNumber":0,"Properties":[]},"Attachments":[],"Outcome":1,"ErrorMessage":null,"ErrorStackTrace":null,"DisplayName":"TestToHTML","Messages":[],"ComputerName":"LAPTOP-LGFH7TT9","Duration":"00:00:00.0001540","StartTime":"2021-11-18T15:06:50.4188047+00:00","EndTime":"2021-11-18T15:06:50.4189579+00:00","Properties":[]},{"TestCase":{"Id":"13d6ab53-c3a3-4cb6-504e-4dd5081ebd7d","FullyQualifiedName":"ToolsUnitTest.FractionTests.TestToString","DisplayName":"TestToString","ExecutorUri":"executor://NUnit3TestExecutor","Source":"D:\\TeamProgramming\\ExercisesGenerator\\ToolsUnitTest\\bin\\Debug\\net5.0\\fine-code-coverage\\build-output\\ToolsUnitTest.dll","CodeFilePath":null,"LineNumber":0,"Properties":[]},"Attachments":[],"Outcome":1,"ErrorMessage":null,"ErrorStackTrace":null,"DisplayName":"TestToString","Messages":[],"ComputerName":"LAPTOP-LGFH7TT9","Duration":"00:00:00.0001580","StartTime":"2021-11-18T15:06:50.4189659+00:00","EndTime":"2021-11-18T15:06:50.4191234+00:00","Properties":[]},{"TestCase":{"Id":"8ea5fe32-1dab-12b1-d05a-f530a27c0723","FullyQualifiedName":"ToolsUnitTest.NodeTest.TestCompareTo","DisplayName":"TestCompareTo","ExecutorUri":"executor://NUnit3TestExecutor","Source":"D:\\TeamProgramming\\ExercisesGenerator\\ToolsUnitTest\\bin\\Debug\\net5.0\\fine-code-coverage\\build-output\\ToolsUnitTest.dll","CodeFilePath":null,"LineNumber":0,"Properties":[]},"Attachments":[],"Outcome":1,"ErrorMessage":null,"ErrorStackTrace":null,"DisplayName":"TestCompareTo","Messages":[],"ComputerName":"LAPTOP-LGFH7TT9","Duration":"00:00:00.0005120","StartTime":"2021-11-18T15:06:50.4192361+00:00","EndTime":"2021-11-18T15:06:50.4197477+00:00","Properties":[]},{"TestCase":{"Id":"480efed5-aaba-4694-db99-4ceed54a531c","FullyQualifiedName":"ToolsUnitTest.NodeTest.TestToString","DisplayName":"TestToString","ExecutorUri":"executor://NUnit3TestExecutor","Source":"D:\\TeamProgramming\\ExercisesGenerator\\ToolsUnitTest\\bin\\Debug\\net5.0\\fine-code-coverage\\build-output\\ToolsUnitTest.dll","CodeFilePath":null,"LineNumber":0,"Properties":[]},"Attachments":[],"Outcome":1,"ErrorMessage":null,"ErrorStackTrace":null,"DisplayName":"TestToString","Messages":[],"ComputerName":"LAPTOP-LGFH7TT9","Duration":"00:00:00.0001720","StartTime":"2021-11-18T15:06:50.4197738+00:00","EndTime":"2021-11-18T15:06:50.4199452+00:00","Properties":[]},{"TestCase":{"Id":"fd6c0969-1080-56aa-7c59-e4f1ed55b26a","FullyQualifiedName":"ToolsUnitTest.UnitTest.TestAddition","DisplayName":"TestAddition","ExecutorUri":"executor://NUnit3TestExecutor","Source":"D:\\TeamProgramming\\ExercisesGenerator\\ToolsUnitTest\\bin\\Debug\\net5.0\\fine-code-coverage\\build-output\\ToolsUnitTest.dll","CodeFilePath":null,"LineNumber":0,"Properties":[]},"Attachments":[],"Outcome":1,"ErrorMessage":null,"ErrorStackTrace":null,"DisplayName":"TestAddition","Messages":[],"ComputerName":"LAPTOP-LGFH7TT9","Duration":"00:00:00.0003750","StartTime":"2021-11-18T15:06:50.4200337+00:00","EndTime":"2021-11-18T15:06:50.4204085+00:00","Properties":[]},{"TestCase":{"Id":"bf5cab17-7e78-f488-87c4-90e5a0fd494b","FullyQualifiedName":"ToolsUnitTest.UnitTest.TestChangeType","DisplayName":"TestChangeType","ExecutorUri":"executor://NUnit3TestExecutor","Source":"D:\\TeamProgramming\\ExercisesGenerator\\ToolsUnitTest\\bin\\Debug\\net5.0\\fine-code-coverage\\build-output\\ToolsUnitTest.dll","CodeFilePath":null,"LineNumber":0,"Properties":[]},"Attachments":[],"Outcome":1,"ErrorMessage":null,"ErrorStackTrace":null,"DisplayName":"TestChangeType","Messages":[],"ComputerName":"LAPTOP-LGFH7TT9","Duration":"00:00:00.0002840","StartTime":"2021-11-18T15:06:50.4204228+00:00","EndTime":"2021-11-18T15:06:50.4207063+00:00","Properties":[]}],"TestRunStatistics":{"ExecutedTests":18,"Stats":{"Passed":18}},"ActiveTests":[{"Id":"ff00bb9c-6afb-2ac5-b13f-8a1dc7b40a0a","FullyQualifiedName":"ToolsUnitTest.UnitTest.TestCompareTo","DisplayName":"TestCompareTo","ExecutorUri":"executor://NUnit3TestExecutor","Source":"D:\\TeamProgramming\\ExercisesGenerator\\ToolsUnitTest\\bin\\Debug\\net5.0\\fine-code-coverage\\build-output\\ToolsUnitTest.dll","CodeFilePath":null,"LineNumber":0,"Properties":[]}]}}
TpTrace Verbose: 0 : 59224, 13, 2021/11/18, 23:06:50.505, 1810265114325, vstest.console.dll, TestRunRequest:SendTestRunStatsChange: Starting.
TpTrace Verbose: 0 : 59224, 13, 2021/11/18, 23:06:50.505, 1810265114867, vstest.console.dll, InProgress is TestCompareTo
TpTrace Information: 0 : 59224, 13, 2021/11/18, 23:06:50.505, 1810265115424, vstest.console.dll, TestRunRequest:SendTestRunStatsChange: Completed.
TpTrace Verbose: 0 : 59224, 13, 2021/11/18, 23:06:50.505, 1810265115742, vstest.console.dll, TcpClientExtensions.MessageLoopAsync: Polling on remoteEndPoint: 127.0.0.1:50279 localEndPoint: 127.0.0.1:50278
TpTrace Verbose: 0 : 59224, 13, 2021/11/18, 23:06:50.514, 1810265208076, vstest.console.dll, TcpClientExtensions.MessageLoopAsync: NotifyDataAvailable remoteEndPoint: 127.0.0.1:50279 localEndPoint: 127.0.0.1:50278
TpTrace Verbose: 0 : 59224, 13, 2021/11/18, 23:06:50.515, 1810265208992, vstest.console.dll, TestRequestSender.OnExecutionMessageReceived: Received message: {"Version":5,"MessageType":"TestSession.Message","Payload":{"MessageLevel":0,"Message":"NUnit Adapter 3.17.0.0: Test execution complete"}}
TpTrace Verbose: 0 : 59224, 13, 2021/11/18, 23:06:50.515, 1810265210110, vstest.console.dll, TestRunRequest:SendTestRunMessage: Starting.
TpTrace Information: 0 : 59224, 13, 2021/11/18, 23:06:50.515, 1810265210530, vstest.console.dll, TestRunRequest:SendTestRunMessage: Completed.
TpTrace Verbose: 0 : 59224, 13, 2021/11/18, 23:06:50.515, 1810265210770, vstest.console.dll, TcpClientExtensions.MessageLoopAsync: Polling on remoteEndPoint: 127.0.0.1:50279 localEndPoint: 127.0.0.1:50278
TpTrace Verbose: 0 : 59224, 13, 2021/11/18, 23:06:50.528, 1810265344355, vstest.console.dll, TcpClientExtensions.MessageLoopAsync: NotifyDataAvailable remoteEndPoint: 127.0.0.1:50279 localEndPoint: 127.0.0.1:50278
TpTrace Verbose: 0 : 59224, 13, 2021/11/18, 23:06:50.528, 1810265346043, vstest.console.dll, TestRequestSender.OnExecutionMessageReceived: Received message: {"Version":5,"MessageType":"TestExecution.Completed","Payload":{"TestRunCompleteArgs":{"TestRunStatistics":{"ExecutedTests":25,"Stats":{"Passed":25}},"IsCanceled":false,"IsAborted":false,"Error":null,"AttachmentSets":[],"ElapsedTimeInRunningTests":"00:00:00.3348811","Metrics":{}},"LastRunTests":{"NewTestResults":[{"TestCase":{"Id":"ff00bb9c-6afb-2ac5-b13f-8a1dc7b40a0a","FullyQualifiedName":"ToolsUnitTest.UnitTest.TestCompareTo","DisplayName":"TestCompareTo","ExecutorUri":"executor://NUnit3TestExecutor","Source":"D:\\TeamProgramming\\ExercisesGenerator\\ToolsUnitTest\\bin\\Debug\\net5.0\\fine-code-coverage\\build-output\\ToolsUnitTest.dll","CodeFilePath":null,"LineNumber":0,"Properties":[]},"Attachments":[],"Outcome":1,"ErrorMessage":null,"ErrorStackTrace":null,"DisplayName":"TestCompareTo","Messages":[],"ComputerName":"LAPTOP-LGFH7TT9","Duration":"00:00:00.0005000","StartTime":"2021-11-18T15:06:50.4207191+00:00","EndTime":"2021-11-18T15:06:50.4212181+00:00","Properties":[]},{"TestCase":{"Id":"24845d19-ce8b-7b08-3759-6f89adc6fa6a","FullyQualifiedName":"ToolsUnitTest.UnitTest.TestDivid","DisplayName":"TestDivid","ExecutorUri":"executor://NUnit3TestExecutor","Source":"D:\\TeamProgramming\\ExercisesGenerator\\ToolsUnitTest\\bin\\Debug\\net5.0\\fine-code-coverage\\build-output\\ToolsUnitTest.dll","CodeFilePath":null,"LineNumber":0,"Properties":[]},"Attachments":[],"Outcome":1,"ErrorMessage":null,"ErrorStackTrace":null,"DisplayName":"TestDivid","Messages":[],"ComputerName":"LAPTOP-LGFH7TT9","Duration":"00:00:00.0004970","StartTime":"2021-11-18T15:06:50.4212332+00:00","EndTime":"2021-11-18T15:06:50.4217291+00:00","Properties":[]},{"TestCase":{"Id":"ed9a66cb-e876-72a7-a50b-96499f61d0d0","FullyQualifiedName":"ToolsUnitTest.UnitTest.TestInRange","DisplayName":"TestInRange","ExecutorUri":"executor://NUnit3TestExecutor","Source":"D:\\TeamProgramming\\ExercisesGenerator\\ToolsUnitTest\\bin\\Debug\\net5.0\\fine-code-coverage\\build-output\\ToolsUnitTest.dll","CodeFilePath":null,"LineNumber":0,"Properties":[]},"Attachments":[],"Outcome":1,"ErrorMessage":null,"ErrorStackTrace":null,"DisplayName":"TestInRange","Messages":[],"ComputerName":"LAPTOP-LGFH7TT9","Duration":"00:00:00.0017210","StartTime":"2021-11-18T15:06:50.4217424+00:00","EndTime":"2021-11-18T15:06:50.4234627+00:00","Properties":[]},{"TestCase":{"Id":"9792bb3e-4048-e406-3038-c45caf13ddb4","FullyQualifiedName":"ToolsUnitTest.UnitTest.TestMultiply","DisplayName":"TestMultiply","ExecutorUri":"executor://NUnit3TestExecutor","Source":"D:\\TeamProgramming\\ExercisesGenerator\\ToolsUnitTest\\bin\\Debug\\net5.0\\fine-code-coverage\\build-output\\ToolsUnitTest.dll","CodeFilePath":null,"LineNumber":0,"Properties":[]},"Attachments":[],"Outcome":1,"ErrorMessage":null,"ErrorStackTrace":null,"DisplayName":"TestMultiply","Messages":[],"ComputerName":"LAPTOP-LGFH7TT9","Duration":"00:00:00.0005010","StartTime":"2021-11-18T15:06:50.4234887+00:00","EndTime":"2021-11-18T15:06:50.4239893+00:00","Properties":[]},{"TestCase":{"Id":"00679c8e-121c-0b14-11cc-bc01b7d8ea54","FullyQualifiedName":"ToolsUnitTest.UnitTest.TestSubscribe","DisplayName":"TestSubscribe","ExecutorUri":"executor://NUnit3TestExecutor","Source":"D:\\TeamProgramming\\ExercisesGenerator\\ToolsUnitTest\\bin\\Debug\\net5.0\\fine-code-coverage\\build-output\\ToolsUnitTest.dll","CodeFilePath":null,"LineNumber":0,"Properties":[]},"Attachments":[],"Outcome":1,"ErrorMessage":null,"ErrorStackTrace":null,"DisplayName":"TestSubscribe","Messages":[],"ComputerName":"LAPTOP-LGFH7TT9","Duration":"00:00:00.0003660","StartTime":"2021-11-18T15:06:50.4240046+00:00","EndTime":"2021-11-18T15:06:50.4243703+00:00","Properties":[]},{"TestCase":{"Id":"bb3be503-cf86-4627-a39e-7f9263ed71de","FullyQualifiedName":"ToolsUnitTest.UnitTest.TestToHTML","DisplayName":"TestToHTML","ExecutorUri":"executor://NUnit3TestExecutor","Source":"D:\\TeamProgramming\\ExercisesGenerator\\ToolsUnitTest\\bin\\Debug\\net5.0\\fine-code-coverage\\build-output\\ToolsUnitTest.dll","CodeFilePath":null,"LineNumber":0,"Properties":[]},"Attachments":[],"Outcome":1,"ErrorMessage":null,"ErrorStackTrace":null,"DisplayName":"TestToHTML","Messages":[],"ComputerName":"LAPTOP-LGFH7TT9","Duration":"00:00:00.0003200","StartTime":"2021-11-18T15:06:50.4243822+00:00","EndTime":"2021-11-18T15:06:50.4247016+00:00","Properties":[]},{"TestCase":{"Id":"1eca5adc-a1ed-62a7-9e04-b0dd78b73203","FullyQualifiedName":"ToolsUnitTest.UnitTest.TestToString","DisplayName":"TestToString","ExecutorUri":"executor://NUnit3TestExecutor","Source":"D:\\TeamProgramming\\ExercisesGenerator\\ToolsUnitTest\\bin\\Debug\\net5.0\\fine-code-coverage\\build-output\\ToolsUnitTest.dll","CodeFilePath":null,"LineNumber":0,"Properties":[]},"Attachments":[],"Outcome":1,"ErrorMessage":null,"ErrorStackTrace":null,"DisplayName":"TestToString","Messages":[],"ComputerName":"LAPTOP-LGFH7TT9","Duration":"00:00:00.0003230","StartTime":"2021-11-18T15:06:50.4247143+00:00","EndTime":"2021-11-18T15:06:50.4250369+00:00","Properties":[]}],"TestRunStatistics":{"ExecutedTests":25,"Stats":{"Passed":25}},"ActiveTests":[]},"RunAttachments":[],"ExecutorUris":["executor://nunit3testexecutor/"]}}
TpTrace Verbose: 0 : 59224, 13, 2021/11/18, 23:06:50.529, 1810265349048, vstest.console.dll, TestRequestSender.EndSession: Sending end session.
TpTrace Verbose: 0 : 59224, 13, 2021/11/18, 23:06:50.529, 1810265350053, vstest.console.dll, ProxyOperationManager.Close: waiting for test host to exit for 100 ms
TpTrace Warning: 0 : 59224, 6, 2021/11/18, 23:06:50.550, 1810265560086, vstest.console.dll, TestHostManagerCallbacks.ErrorReceivedCallback Test host standard error line: 
TpTrace Verbose: 0 : 59224, 7, 2021/11/18, 23:06:50.554, 1810265603536, vstest.console.dll, TestHostProvider.ExitCallBack: Host exited starting callback.
TpTrace Information: 0 : 59224, 7, 2021/11/18, 23:06:50.554, 1810265608046, vstest.console.dll, TestHostManagerCallbacks.ExitCallBack: Testhost processId: 63492 exited with exitcode: 0 error: ''
TpTrace Verbose: 0 : 59224, 7, 2021/11/18, 23:06:50.555, 1810265608550, vstest.console.dll, DotnetTestHostManager.OnHostExited: invoking OnHostExited callback
TpTrace Verbose: 0 : 59224, 7, 2021/11/18, 23:06:50.555, 1810265608925, vstest.console.dll, CrossPlatEngine.TestHostManagerHostExited: calling on client process exit callback.
TpTrace Information: 0 : 59224, 7, 2021/11/18, 23:06:50.555, 1810265609394, vstest.console.dll, TestRequestSender.OnClientProcessExit: Test host process exited. Standard error: 
TpTrace Warning: 0 : 59224, 13, 2021/11/18, 23:06:50.555, 1810265609656, vstest.console.dll, ProxyOperationManager: Timed out waiting for test host to exit. Will terminate process.
TpTrace Information: 0 : 59224, 7, 2021/11/18, 23:06:50.555, 1810265609815, vstest.console.dll, SocketServer.Stop: Stop server endPoint: 127.0.0.1:50278
TpTrace Information: 0 : 59224, 7, 2021/11/18, 23:06:50.555, 1810265610906, vstest.console.dll, SocketServer.Stop: Cancellation requested. Stopping message loop.
TpTrace Verbose: 0 : 59224, 13, 2021/11/18, 23:06:50.555, 1810265615929, vstest.console.dll, ProxyDataCollectionManager.InvokeDataCollectionServiceAction: Starting.
TpTrace Information: 0 : 59224, 13, 2021/11/18, 23:06:50.555, 1810265616375, vstest.console.dll, ProxyDataCollectionManager.AfterTestRunEnd: Get attachment set for datacollector processId: 44492 port: 50272
TpTrace Verbose: 0 : 59224, 13, 2021/11/18, 23:06:50.555, 1810265616745, vstest.console.dll, DataCollectionRequestSender.SendAfterTestRunStartAndGetResult : Send AfterTestRunEnd message with isCancelled: False
TpTrace Verbose: 0 : 59224, 13, 2021/11/18, 23:06:50.558, 1810265648268, vstest.console.dll, DataCollectionRequestSender.SendAfterTestRunStartAndGetResult : Received message: (DataCollection.AfterTestRunEndResult) -> {
  "AttachmentSets": [],
  "Metrics": {}
}
TpTrace Information: 0 : 59224, 13, 2021/11/18, 23:06:50.561, 1810265668789, vstest.console.dll, ProxyDataCollectionManager.InvokeDataCollectionServiceAction: Completed.
TpTrace Warning: 0 : 59224, 9, 2021/11/18, 23:06:50.562, 1810265683630, vstest.console.dll, DataCollectionLauncher.ErrorReceivedCallback datacollector standard error line: 
TpTrace Information: 0 : 59224, 7, 2021/11/18, 23:06:50.567, 1810265734993, vstest.console.dll, DataCollectionLauncher.ExitCallBack: Data collector exited with exitcode: 0 error: ''
TpTrace Verbose: 0 : 59224, 13, 2021/11/18, 23:06:50.579, 1810265850348, vstest.console.dll, TestRunRequest:SendTestRunStatsChange: Starting.
TpTrace Information: 0 : 59224, 13, 2021/11/18, 23:06:50.579, 1810265851802, vstest.console.dll, TestRunRequest:SendTestRunStatsChange: Completed.
TpTrace Verbose: 0 : 59224, 13, 2021/11/18, 23:06:50.579, 1810265853355, vstest.console.dll, ParallelProxyExecutionManager: HandlePartialRunComplete: Total completed clients = 1, Run complete = True, Run canceled: False.
TpTrace Verbose: 0 : 59224, 13, 2021/11/18, 23:06:50.602, 1810266088345, vstest.console.dll, TestRunRequest:TestRunComplete: Starting. IsAborted:False IsCanceled:False.
TpTrace Verbose: 0 : 59224, 13, 2021/11/18, 23:06:50.603, 1810266090078, vstest.console.dll, TestLoggerManager.HandleTestRunComplete: Ignoring as the object is disposed.
TpTrace Information: 0 : 59224, 13, 2021/11/18, 23:06:50.603, 1810266092631, vstest.console.dll, TestRunRequest:TestRunComplete: Completed.
TpTrace Verbose: 0 : 59224, 1, 2021/11/18, 23:06:50.603, 1810266092854, vstest.console.dll, TestRunRequest.Dispose: Starting.
TpTrace Verbose: 0 : 59224, 13, 2021/11/18, 23:06:50.603, 1810266093099, vstest.console.dll, TestRequestSender.SetOperationComplete: Setting operation complete.
TpTrace Information: 0 : 59224, 1, 2021/11/18, 23:06:50.603, 1810266093638, vstest.console.dll, TestRunRequest.Dispose: Completed.
TpTrace Information: 0 : 59224, 13, 2021/11/18, 23:06:50.603, 1810266093856, vstest.console.dll, SocketServer.Stop: Stop server endPoint: 127.0.0.1:50278
TpTrace Information: 0 : 59224, 1, 2021/11/18, 23:06:50.603, 1810266094167, vstest.console.dll, TestRequestManager.RunTests: run tests completed.
TpTrace Information: 0 : 59224, 13, 2021/11/18, 23:06:50.603, 1810266094346, vstest.console.dll, SocketServer.Stop: Cancellation requested. Stopping message loop.
TpTrace Information: 0 : 59224, 13, 2021/11/18, 23:06:50.603, 1810266094953, vstest.console.dll, SocketServer.PrivateStop: Stop server endPoint: 127.0.0.1:50278 error: 
TpTrace Information: 0 : 59224, 1, 2021/11/18, 23:06:50.603, 1810266094955, vstest.console.dll, RunTestsArgumentProcessor:Execute: Test run is completed.
TpTrace Verbose: 0 : 59224, 1, 2021/11/18, 23:06:50.603, 1810266096440, vstest.console.dll, Executor.Execute: Exiting with exit code of 0
TpTrace Verbose: 0 : 59224, 13, 2021/11/18, 23:06:50.604, 1810266098833, vstest.console.dll, LengthPrefixCommunicationChannel.Dispose: Dispose reader and writer.
TpTrace Information: 0 : 59224, 13, 2021/11/18, 23:06:50.604, 1810266099439, vstest.console.dll, SocketServer.Stop: Raise disconnected event endPoint: 127.0.0.1:50278 error: 
TpTrace Verbose: 0 : 59224, 13, 2021/11/18, 23:06:50.604, 1810266099934, vstest.console.dll, TestRequestSender: OnTestRunAbort: Operation is already complete. Skip error message.
TpTrace Verbose: 0 : 59224, 13, 2021/11/18, 23:06:50.604, 1810266100189, vstest.console.dll, TcpClientExtensions.MessageLoopAsync: exiting MessageLoopAsync remoteEndPoint: 127.0.0.1:50279 localEndPoint: 127.0.0.1:50278
