<?xml version="1.0" encoding="utf-8"?>
<coverage line-rate="0.8913" branch-rate="0.765" version="1.9" timestamp="1635436191" lines-covered="1099" lines-valid="1233" branches-covered="241" branches-valid="315">
  <sources>
    <source>D:\TeamProgramming\ExercisesGenerator\</source>
    <source>C:\</source>
  </sources>
  <packages>
    <package name="Tools" line-rate="0.8184999999999999" branch-rate="0.838" complexity="271">
      <classes>
        <class name="Tools.CheckerData" filename="Tools\CheckerData.cs" line-rate="0" branch-rate="1" complexity="1">
          <methods>
            <method name=".ctor" signature="()" line-rate="0" branch-rate="1" complexity="1">
              <lines>
                <line number="49" hits="0" branch="False" />
                <line number="51" hits="0" branch="False" />
                <line number="53" hits="0" branch="False" />
                <line number="55" hits="0" branch="False" />
                <line number="57" hits="0" branch="False" />
              </lines>
            </method>
          </methods>
          <lines>
            <line number="49" hits="0" branch="False" />
            <line number="51" hits="0" branch="False" />
            <line number="53" hits="0" branch="False" />
            <line number="55" hits="0" branch="False" />
            <line number="57" hits="0" branch="False" />
          </lines>
        </class>
        <class name="Tools.CheckerData/Checker" filename="Tools\CheckerData.cs" line-rate="0" branch-rate="0" complexity="5">
          <methods>
            <method name=".ctor" signature="()" line-rate="0" branch-rate="1" complexity="1">
              <lines>
                <line number="24" hits="0" branch="False" />
                <line number="25" hits="0" branch="False" />
                <line number="26" hits="0" branch="False" />
                <line number="27" hits="0" branch="False" />
              </lines>
            </method>
            <method name=".ctor" signature="(System.Int32,System.String,System.String)" line-rate="0" branch-rate="0" complexity="4">
              <lines>
                <line number="29" hits="0" branch="False" />
                <line number="30" hits="0" branch="False" />
                <line number="31" hits="0" branch="False" />
                <line number="32" hits="0" branch="False" />
                <line number="33" hits="0" branch="False" />
                <line number="34" hits="0" branch="False" />
                <line number="35" hits="0" branch="False" />
                <line number="36" hits="0" branch="True" condition-coverage="0% (0/4)">
                  <conditions>
                    <condition number="64" type="jump" coverage="0%" />
                    <condition number="83" type="jump" coverage="0%" />
                  </conditions>
                </line>
                <line number="37" hits="0" branch="False" />
                <line number="38" hits="0" branch="False" />
                <line number="39" hits="0" branch="False" />
                <line number="41" hits="0" branch="False" />
                <line number="42" hits="0" branch="False" />
                <line number="43" hits="0" branch="False" />
                <line number="45" hits="0" branch="False" />
                <line number="46" hits="0" branch="False" />
              </lines>
            </method>
          </methods>
          <lines>
            <line number="24" hits="0" branch="False" />
            <line number="25" hits="0" branch="False" />
            <line number="26" hits="0" branch="False" />
            <line number="27" hits="0" branch="False" />
            <line number="29" hits="0" branch="False" />
            <line number="30" hits="0" branch="False" />
            <line number="31" hits="0" branch="False" />
            <line number="32" hits="0" branch="False" />
            <line number="33" hits="0" branch="False" />
            <line number="34" hits="0" branch="False" />
            <line number="35" hits="0" branch="False" />
            <line number="36" hits="0" branch="True" condition-coverage="0% (0/4)">
              <conditions>
                <condition number="64" type="jump" coverage="0%" />
                <condition number="83" type="jump" coverage="0%" />
              </conditions>
            </line>
            <line number="37" hits="0" branch="False" />
            <line number="38" hits="0" branch="False" />
            <line number="39" hits="0" branch="False" />
            <line number="41" hits="0" branch="False" />
            <line number="42" hits="0" branch="False" />
            <line number="43" hits="0" branch="False" />
            <line number="45" hits="0" branch="False" />
            <line number="46" hits="0" branch="False" />
          </lines>
        </class>
        <class name="Tools.Expression" filename="Tools\Expression.cs" line-rate="0.8048000000000001" branch-rate="0.7908" complexity="154">
          <methods>
            <method name="FillCanUseOperators" signature="()" line-rate="0" branch-rate="0" complexity="8">
              <lines>
                <line number="30" hits="0" branch="False" />
                <line number="31" hits="0" branch="False" />
                <line number="32" hits="0" branch="True" condition-coverage="0% (0/2)">
                  <conditions>
                    <condition number="18" type="jump" coverage="0%" />
                  </conditions>
                </line>
                <line number="33" hits="0" branch="False" />
                <line number="34" hits="0" branch="False" />
                <line number="35" hits="0" branch="False" />
                <line number="36" hits="0" branch="True" condition-coverage="0% (0/2)">
                  <conditions>
                    <condition number="47" type="jump" coverage="0%" />
                  </conditions>
                </line>
                <line number="37" hits="0" branch="False" />
                <line number="38" hits="0" branch="False" />
                <line number="39" hits="0" branch="False" />
                <line number="40" hits="0" branch="True" condition-coverage="0% (0/2)">
                  <conditions>
                    <condition number="76" type="jump" coverage="0%" />
                  </conditions>
                </line>
                <line number="41" hits="0" branch="False" />
                <line number="42" hits="0" branch="False" />
                <line number="43" hits="0" branch="False" />
                <line number="44" hits="0" branch="True" condition-coverage="0% (0/2)">
                  <conditions>
                    <condition number="105" type="jump" coverage="0%" />
                  </conditions>
                </line>
                <line number="45" hits="0" branch="False" />
                <line number="46" hits="0" branch="False" />
                <line number="47" hits="0" branch="False" />
                <line number="48" hits="0" branch="False" />
              </lines>
            </method>
            <method name="GetRandomExpression" signature="()" line-rate="0" branch-rate="0" complexity="18">
              <lines>
                <line number="55" hits="0" branch="False" />
                <line number="56" hits="0" branch="False" />
                <line number="57" hits="0" branch="False" />
                <line number="59" hits="0" branch="False" />
                <line number="60" hits="0" branch="False" />
                <line number="62" hits="0" branch="True" condition-coverage="0% (0/2)">
                  <conditions>
                    <condition number="37" type="jump" coverage="0%" />
                  </conditions>
                </line>
                <line number="63" hits="0" branch="False" />
                <line number="64" hits="0" branch="False" />
                <line number="65" hits="0" branch="False" />
                <line number="66" hits="0" branch="True" condition-coverage="0% (0/4)">
                  <conditions>
                    <condition number="79" type="jump" coverage="0%" />
                    <condition number="96" type="jump" coverage="0%" />
                  </conditions>
                </line>
                <line number="67" hits="0" branch="False" />
                <line number="68" hits="0" branch="False" />
                <line number="69" hits="0" branch="False" />
                <line number="70" hits="0" branch="False" />
                <line number="71" hits="0" branch="False" />
                <line number="72" hits="0" branch="True" condition-coverage="0% (0/2)">
                  <conditions>
                    <condition number="115" type="jump" coverage="0%" />
                  </conditions>
                </line>
                <line number="73" hits="0" branch="False" />
                <line number="74" hits="0" branch="False" />
                <line number="75" hits="0" branch="False" />
                <line number="76" hits="0" branch="False" />
                <line number="77" hits="0" branch="True" condition-coverage="0% (0/2)">
                  <conditions>
                    <condition number="344" type="jump" coverage="0%" />
                  </conditions>
                </line>
                <line number="78" hits="0" branch="False" />
                <line number="79" hits="0" branch="False" />
                <line number="80" hits="0" branch="False" />
                <line number="81" hits="0" branch="True" condition-coverage="0% (0/2)">
                  <conditions>
                    <condition number="210" type="jump" coverage="0%" />
                  </conditions>
                </line>
                <line number="82" hits="0" branch="False" />
                <line number="84" hits="0" branch="True" condition-coverage="0% (0/2)">
                  <conditions>
                    <condition number="242" type="jump" coverage="0%" />
                  </conditions>
                </line>
                <line number="85" hits="0" branch="False" />
                <line number="86" hits="0" branch="False" />
                <line number="87" hits="0" branch="False" />
                <line number="88" hits="0" branch="False" />
                <line number="89" hits="0" branch="False" />
                <line number="90" hits="0" branch="True" condition-coverage="0% (0/2)">
                  <conditions>
                    <condition number="265" type="jump" coverage="0%" />
                  </conditions>
                </line>
                <line number="91" hits="0" branch="False" />
                <line number="92" hits="0" branch="False" />
                <line number="93" hits="0" branch="False" />
                <line number="94" hits="0" branch="False" />
                <line number="95" hits="0" branch="True" condition-coverage="0% (0/2)">
                  <conditions>
                    <condition number="303" type="jump" coverage="0%" />
                  </conditions>
                </line>
                <line number="96" hits="0" branch="False" />
                <line number="97" hits="0" branch="False" />
                <line number="98" hits="0" branch="False" />
                <line number="99" hits="0" branch="False" />
                <line number="100" hits="0" branch="False" />
                <line number="102" hits="0" branch="False" />
                <line number="103" hits="0" branch="False" />
              </lines>
            </method>
            <method name="StringToExpression" signature="(System.String)" line-rate="1" branch-rate="0.8965000000000001" complexity="58">
              <lines>
                <line number="111" hits="10" branch="False" />
                <line number="112" hits="10" branch="True" condition-coverage="100% (2/2)">
                  <conditions>
                    <condition number="9" type="jump" coverage="100%" />
                  </conditions>
                </line>
                <line number="113" hits="1" branch="False" />
                <line number="114" hits="1" branch="False" />
                <line number="116" hits="9" branch="False" />
                <line number="118" hits="9" branch="False" />
                <line number="119" hits="234" branch="True" condition-coverage="100% (2/2)">
                  <conditions>
                    <condition number="1076" type="jump" coverage="100%" />
                  </conditions>
                </line>
                <line number="120" hits="108" branch="False" />
                <line number="121" hits="108" branch="True" condition-coverage="100% (2/2)">
                  <conditions>
                    <condition number="67" type="jump" coverage="100%" />
                  </conditions>
                </line>
                <line number="122" hits="32" branch="False" />
                <line number="123" hits="32" branch="False" />
                <line number="124" hits="32" branch="False" />
                <line number="125" hits="98" branch="True" condition-coverage="100% (4/4)">
                  <conditions>
                    <condition number="147" type="jump" coverage="100%" />
                    <condition number="126" type="jump" coverage="100%" />
                  </conditions>
                </line>
                <line number="126" hits="33" branch="False" />
                <line number="127" hits="33" branch="False" />
                <line number="128" hits="33" branch="False" />
                <line number="129" hits="33" branch="False" />
                <line number="130" hits="32" branch="False" />
                <line number="131" hits="32" branch="False" />
                <line number="132" hits="32" branch="False" />
                <line number="133" hits="76" branch="True" condition-coverage="100% (2/2)">
                  <conditions>
                    <condition number="202" type="jump" coverage="100%" />
                  </conditions>
                </line>
                <line number="134" hits="10" branch="False" />
                <line number="135" hits="10" branch="False" />
                <line number="136" hits="10" branch="True" condition-coverage="100% (2/2)">
                  <conditions>
                    <condition number="238" type="jump" coverage="100%" />
                  </conditions>
                </line>
                <line number="137" hits="10" branch="False" />
                <line number="139" hits="10" branch="False" />
                <line number="140" hits="10" branch="False" />
                <line number="141" hits="10" branch="False" />
                <line number="142" hits="30" branch="True" condition-coverage="75% (3/4)">
                  <conditions>
                    <condition number="349" type="jump" coverage="100%" />
                    <condition number="328" type="jump" coverage="50%" />
                  </conditions>
                </line>
                <line number="143" hits="10" branch="False" />
                <line number="144" hits="10" branch="False" />
                <line number="145" hits="10" branch="False" />
                <line number="146" hits="10" branch="False" />
                <line number="148" hits="10" branch="False" />
                <line number="149" hits="40" branch="True" condition-coverage="75% (3/4)">
                  <conditions>
                    <condition number="429" type="jump" coverage="100%" />
                    <condition number="408" type="jump" coverage="50%" />
                  </conditions>
                </line>
                <line number="150" hits="10" branch="False" />
                <line number="151" hits="10" branch="False" />
                <line number="152" hits="10" branch="False" />
                <line number="153" hits="10" branch="False" />
                <line number="155" hits="10" branch="False" />
                <line number="156" hits="10" branch="False" />
                <line number="157" hits="10" branch="False" />
                <line number="158" hits="10" branch="False" />
                <line number="159" hits="10" branch="False" />
                <line number="160" hits="10" branch="False" />
                <line number="161" hits="66" branch="True" condition-coverage="100% (2/2)">
                  <conditions>
                    <condition number="500" type="jump" coverage="100%" />
                  </conditions>
                </line>
                <line number="162" hits="5" branch="False" />
                <line number="163" hits="5" branch="False" />
                <line number="164" hits="20" branch="True" condition-coverage="75% (3/4)">
                  <conditions>
                    <condition number="584" type="jump" coverage="100%" />
                    <condition number="563" type="jump" coverage="50%" />
                  </conditions>
                </line>
                <line number="165" hits="5" branch="False" />
                <line number="166" hits="5" branch="False" />
                <line number="167" hits="5" branch="False" />
                <line number="168" hits="5" branch="False" />
                <line number="170" hits="5" branch="False" />
                <line number="171" hits="20" branch="True" condition-coverage="75% (3/4)">
                  <conditions>
                    <condition number="664" type="jump" coverage="100%" />
                    <condition number="643" type="jump" coverage="50%" />
                  </conditions>
                </line>
                <line number="172" hits="5" branch="False" />
                <line number="173" hits="5" branch="False" />
                <line number="174" hits="5" branch="False" />
                <line number="175" hits="5" branch="False" />
                <line number="177" hits="5" branch="False" />
                <line number="178" hits="5" branch="False" />
                <line number="179" hits="5" branch="False" />
                <line number="180" hits="5" branch="False" />
                <line number="181" hits="61" branch="True" condition-coverage="100% (4/4)">
                  <conditions>
                    <condition number="712" type="jump" coverage="100%" />
                    <condition number="732" type="jump" coverage="100%" />
                  </conditions>
                </line>
                <line number="182" hits="34" branch="False" />
                <line number="183" hits="34" branch="True" condition-coverage="100% (6/6)">
                  <conditions>
                    <condition number="739" type="jump" coverage="100%" />
                    <condition number="755" type="jump" coverage="100%" />
                    <condition number="783" type="jump" coverage="100%" />
                  </conditions>
                </line>
                <line number="184" hits="10" branch="False" />
                <line number="185" hits="10" branch="True" condition-coverage="50% (1/2)">
                  <conditions>
                    <condition number="798" type="jump" coverage="50%" />
                  </conditions>
                </line>
                <line number="186" hits="10" branch="False" />
                <line number="187" hits="10" branch="False" />
                <line number="188" hits="50" branch="True" condition-coverage="75% (3/4)">
                  <conditions>
                    <condition number="888" type="jump" coverage="100%" />
                    <condition number="867" type="jump" coverage="50%" />
                  </conditions>
                </line>
                <line number="189" hits="15" branch="False" />
                <line number="190" hits="15" branch="False" />
                <line number="191" hits="15" branch="False" />
                <line number="192" hits="15" branch="False" />
                <line number="193" hits="10" branch="False" />
                <line number="194" hits="10" branch="False" />
                <line number="195" hits="10" branch="False" />
                <line number="196" hits="10" branch="False" />
                <line number="198" hits="24" branch="False" />
                <line number="199" hits="24" branch="True" condition-coverage="100% (2/2)">
                  <conditions>
                    <condition number="948" type="jump" coverage="100%" />
                  </conditions>
                </line>
                <line number="200" hits="24" branch="False" />
                <line number="201" hits="34" branch="False" />
                <line number="202" hits="27" branch="True" condition-coverage="100% (4/4)">
                  <conditions>
                    <condition number="974" type="jump" coverage="100%" />
                    <condition number="994" type="jump" coverage="100%" />
                  </conditions>
                </line>
                <line number="203" hits="15" branch="False" />
                <line number="204" hits="15" branch="True" condition-coverage="100% (2/2)">
                  <conditions>
                    <condition number="1012" type="jump" coverage="100%" />
                  </conditions>
                </line>
                <line number="205" hits="15" branch="False" />
                <line number="207" hits="12" branch="False" />
                <line number="208" hits="12" branch="True" condition-coverage="100% (2/2)">
                  <conditions>
                    <condition number="1044" type="jump" coverage="100%" />
                  </conditions>
                </line>
                <line number="209" hits="12" branch="False" />
                <line number="210" hits="108" branch="False" />
                <line number="212" hits="9" branch="False" />
                <line number="213" hits="10" branch="False" />
              </lines>
            </method>
            <method name="ExpressionToString" signature="(System.Collections.Generic.List`1&lt;Tools.Unit&gt;)" line-rate="1" branch-rate="1" complexity="6">
              <lines>
                <line number="221" hits="3" branch="False" />
                <line number="222" hits="3" branch="True" condition-coverage="100% (4/4)">
                  <conditions>
                    <condition number="2" type="jump" coverage="100%" />
                    <condition number="18" type="jump" coverage="100%" />
                  </conditions>
                </line>
                <line number="223" hits="2" branch="False" />
                <line number="224" hits="2" branch="False" />
                <line number="226" hits="1" branch="False" />
                <line number="227" hits="29" branch="True" condition-coverage="100% (2/2)">
                  <conditions>
                    <condition number="82" type="jump" coverage="100%" />
                  </conditions>
                </line>
                <line number="228" hits="13" branch="False" />
                <line number="229" hits="13" branch="False" />
                <line number="230" hits="13" branch="False" />
                <line number="231" hits="13" branch="False" />
                <line number="233" hits="1" branch="False" />
                <line number="234" hits="3" branch="False" />
              </lines>
            </method>
            <method name="ExpressionToHTML" signature="(System.Collections.Generic.List`1&lt;Tools.Unit&gt;)" line-rate="1" branch-rate="1" complexity="6">
              <lines>
                <line number="242" hits="3" branch="False" />
                <line number="243" hits="3" branch="True" condition-coverage="100% (4/4)">
                  <conditions>
                    <condition number="2" type="jump" coverage="100%" />
                    <condition number="18" type="jump" coverage="100%" />
                  </conditions>
                </line>
                <line number="244" hits="2" branch="False" />
                <line number="245" hits="2" branch="False" />
                <line number="247" hits="1" branch="False" />
                <line number="248" hits="29" branch="True" condition-coverage="100% (2/2)">
                  <conditions>
                    <condition number="82" type="jump" coverage="100%" />
                  </conditions>
                </line>
                <line number="249" hits="13" branch="False" />
                <line number="250" hits="13" branch="False" />
                <line number="251" hits="13" branch="False" />
                <line number="252" hits="13" branch="False" />
                <line number="254" hits="1" branch="False" />
                <line number="255" hits="3" branch="False" />
              </lines>
            </method>
            <method name="InfixToPostfix" signature="(System.Collections.Generic.List`1&lt;Tools.Unit&gt;)" line-rate="1" branch-rate="1" complexity="22">
              <lines>
                <line number="263" hits="7" branch="False" />
                <line number="264" hits="7" branch="True" condition-coverage="100% (4/4)">
                  <conditions>
                    <condition number="2" type="jump" coverage="100%" />
                    <condition number="18" type="jump" coverage="100%" />
                  </conditions>
                </line>
                <line number="265" hits="2" branch="False" />
                <line number="266" hits="2" branch="False" />
                <line number="268" hits="5" branch="False" />
                <line number="269" hits="5" branch="False" />
                <line number="270" hits="129" branch="True" condition-coverage="100% (2/2)">
                  <conditions>
                    <condition number="340" type="jump" coverage="100%" />
                  </conditions>
                </line>
                <line number="271" hits="57" branch="False" />
                <line number="272" hits="57" branch="True" condition-coverage="100% (2/2)">
                  <conditions>
                    <condition number="84" type="jump" coverage="100%" />
                  </conditions>
                </line>
                <line number="273" hits="29" branch="False" />
                <line number="274" hits="29" branch="True" condition-coverage="100% (2/2)">
                  <conditions>
                    <condition number="103" type="jump" coverage="100%" />
                  </conditions>
                </line>
                <line number="275" hits="5" branch="False" />
                <line number="276" hits="5" branch="False" />
                <line number="277" hits="5" branch="False" />
                <line number="279" hits="24" branch="False" />
                <line number="280" hits="24" branch="True" condition-coverage="100% (2/2)">
                  <conditions>
                    <condition number="142" type="jump" coverage="100%" />
                  </conditions>
                </line>
                <line number="281" hits="3" branch="False" />
                <line number="282" hits="3" branch="False" />
                <line number="283" hits="3" branch="False" />
                <line number="284" hits="21" branch="True" condition-coverage="100% (2/2)">
                  <conditions>
                    <condition number="180" type="jump" coverage="100%" />
                  </conditions>
                </line>
                <line number="285" hits="3" branch="False" />
                <line number="286" hits="6" branch="True" condition-coverage="100% (2/2)">
                  <conditions>
                    <condition number="227" type="jump" coverage="100%" />
                  </conditions>
                </line>
                <line number="287" hits="3" branch="False" />
                <line number="288" hits="3" branch="False" />
                <line number="289" hits="3" branch="False" />
                <line number="290" hits="3" branch="False" />
                <line number="291" hits="3" branch="False" />
                <line number="293" hits="18" branch="False" />
                <line number="294" hits="31" branch="True" condition-coverage="100% (4/4)">
                  <conditions>
                    <condition number="305" type="jump" coverage="100%" />
                    <condition number="263" type="jump" coverage="100%" />
                  </conditions>
                </line>
                <line number="295" hits="31" branch="False" />
                <line number="296" hits="13" branch="False" />
                <line number="297" hits="13" branch="False" />
                <line number="298" hits="13" branch="False" />
                <line number="299" hits="18" branch="False" />
                <line number="300" hits="18" branch="False" />
                <line number="301" hits="24" branch="False" />
                <line number="302" hits="29" branch="False" />
                <line number="304" hits="28" branch="False" />
                <line number="305" hits="28" branch="False" />
                <line number="306" hits="28" branch="False" />
                <line number="307" hits="57" branch="False" />
                <line number="308" hits="12" branch="True" condition-coverage="100% (2/2)">
                  <conditions>
                    <condition number="392" type="jump" coverage="100%" />
                  </conditions>
                </line>
                <line number="309" hits="7" branch="False" />
                <line number="310" hits="7" branch="False" />
                <line number="311" hits="7" branch="False" />
                <line number="312" hits="5" branch="False" />
                <line number="313" hits="7" branch="False" />
              </lines>
            </method>
            <method name="CalculatePostfix" signature="(System.Collections.Generic.List`1&lt;Tools.Unit&gt;)" line-rate="1" branch-rate="1" complexity="19">
              <lines>
                <line number="326" hits="8" branch="False" />
                <line number="327" hits="8" branch="True" condition-coverage="100% (4/4)">
                  <conditions>
                    <condition number="2" type="jump" coverage="100%" />
                    <condition number="18" type="jump" coverage="100%" />
                  </conditions>
                </line>
                <line number="328" hits="2" branch="False" />
                <line number="329" hits="2" branch="False" />
                <line number="332" hits="6" branch="False" />
                <line number="333" hits="6" branch="False" />
                <line number="334" hits="64" branch="True" condition-coverage="100% (2/2)">
                  <conditions>
                    <condition number="277" type="jump" coverage="100%" />
                  </conditions>
                </line>
                <line number="335" hits="25" branch="False" />
                <line number="336" hits="25" branch="True" condition-coverage="100% (2/2)">
                  <conditions>
                    <condition number="69" type="jump" coverage="100%" />
                  </conditions>
                </line>
                <line number="337" hits="10" branch="False" />
                <line number="338" hits="10" branch="True" condition-coverage="100% (2/2)">
                  <conditions>
                    <condition number="88" type="jump" coverage="100%" />
                  </conditions>
                </line>
                <line number="339" hits="1" branch="False" />
                <line number="340" hits="1" branch="False" />
                <line number="342" hits="9" branch="False" />
                <line number="343" hits="9" branch="False" />
                <line number="345" hits="9" branch="True" condition-coverage="100% (5/5)">
                  <conditions>
                    <condition number="134" type="switch" coverage="100%" />
                  </conditions>
                </line>
                <line number="348" hits="3" branch="False" />
                <line number="349" hits="3" branch="False" />
                <line number="351" hits="2" branch="False" />
                <line number="352" hits="2" branch="False" />
                <line number="354" hits="1" branch="False" />
                <line number="355" hits="1" branch="False" />
                <line number="358" hits="2" branch="False" />
                <line number="359" hits="2" branch="False" />
                <line number="360" hits="1" branch="False" />
                <line number="361" hits="1" branch="False" />
                <line number="362" hits="1" branch="False" />
                <line number="363" hits="1" branch="False" />
                <line number="365" hits="1" branch="False" />
                <line number="367" hits="1" branch="False" />
                <line number="369" hits="7" branch="True" condition-coverage="100% (2/2)">
                  <conditions>
                    <condition number="238" type="jump" coverage="100%" />
                  </conditions>
                </line>
                <line number="370" hits="1" branch="False" />
                <line number="371" hits="1" branch="False" />
                <line number="373" hits="6" branch="False" />
                <line number="374" hits="6" branch="False" />
                <line number="376" hits="15" branch="False" />
                <line number="377" hits="15" branch="False" />
                <line number="378" hits="15" branch="False" />
                <line number="379" hits="21" branch="False" />
                <line number="380" hits="2" branch="True" condition-coverage="100% (2/2)">
                  <conditions>
                    <condition number="315" type="jump" coverage="100%" />
                  </conditions>
                </line>
                <line number="381" hits="1" branch="False" />
                <line number="382" hits="1" branch="False" />
                <line number="385" hits="1" branch="False" />
                <line number="386" hits="1" branch="False" />
                <line number="387" hits="1" branch="False" />
                <line number="389" hits="1" branch="False" />
                <line number="392" hits="1" branch="False" />
              </lines>
            </method>
            <method name="PostfixToTree" signature="(System.Collections.Generic.List`1&lt;Tools.Unit&gt;)" line-rate="1" branch-rate="1" complexity="16">
              <lines>
                <line number="402" hits="6" branch="False" />
                <line number="403" hits="6" branch="True" condition-coverage="100% (4/4)">
                  <conditions>
                    <condition number="2" type="jump" coverage="100%" />
                    <condition number="18" type="jump" coverage="100%" />
                  </conditions>
                </line>
                <line number="404" hits="2" branch="False" />
                <line number="405" hits="2" branch="False" />
                <line number="407" hits="4" branch="False" />
                <line number="408" hits="78" branch="True" condition-coverage="100% (2/2)">
                  <conditions>
                    <condition number="296" type="jump" coverage="100%" />
                  </conditions>
                </line>
                <line number="409" hits="33" branch="False" />
                <line number="410" hits="33" branch="True" condition-coverage="100% (2/2)">
                  <conditions>
                    <condition number="68" type="jump" coverage="100%" />
                  </conditions>
                </line>
                <line number="411" hits="14" branch="False" />
                <line number="412" hits="14" branch="True" condition-coverage="100% (4/4)">
                  <conditions>
                    <condition number="87" type="jump" coverage="100%" />
                    <condition number="111" type="jump" coverage="100%" />
                  </conditions>
                </line>
                <line number="413" hits="12" branch="False" />
                <line number="414" hits="12" branch="False" />
                <line number="415" hits="12" branch="False" />
                <line number="416" hits="12" branch="False" />
                <line number="417" hits="12" branch="True" condition-coverage="100% (2/2)">
                  <conditions>
                    <condition number="157" type="jump" coverage="100%" />
                  </conditions>
                </line>
                <line number="418" hits="6" branch="False" />
                <line number="419" hits="6" branch="False" />
                <line number="420" hits="6" branch="False" />
                <line number="421" hits="6" branch="False" />
                <line number="423" hits="6" branch="False" />
                <line number="424" hits="6" branch="False" />
                <line number="425" hits="6" branch="False" />
                <line number="426" hits="6" branch="False" />
                <line number="427" hits="12" branch="False" />
                <line number="428" hits="12" branch="False" />
                <line number="430" hits="2" branch="False" />
                <line number="431" hits="2" branch="False" />
                <line number="432" hits="2" branch="False" />
                <line number="433" hits="2" branch="False" />
                <line number="434" hits="2" branch="False" />
                <line number="435" hits="2" branch="False" />
                <line number="436" hits="2" branch="False" />
                <line number="437" hits="2" branch="False" />
                <line number="438" hits="14" branch="False" />
                <line number="440" hits="19" branch="False" />
                <line number="441" hits="19" branch="False" />
                <line number="442" hits="19" branch="False" />
                <line number="443" hits="19" branch="False" />
                <line number="444" hits="33" branch="False" />
                <line number="445" hits="4" branch="True" condition-coverage="100% (2/2)">
                  <conditions>
                    <condition number="334" type="jump" coverage="100%" />
                  </conditions>
                </line>
                <line number="446" hits="1" branch="False" />
                <line number="447" hits="1" branch="False" />
                <line number="450" hits="3" branch="False" />
                <line number="451" hits="3" branch="False" />
              </lines>
            </method>
            <method name=".cctor" signature="()" line-rate="1" branch-rate="1" complexity="1">
              <lines>
                <line number="13" hits="1" branch="False" />
                <line number="14" hits="1" branch="False" />
                <line number="15" hits="1" branch="False" />
                <line number="16" hits="1" branch="False" />
                <line number="17" hits="1" branch="False" />
                <line number="18" hits="1" branch="False" />
                <line number="19" hits="1" branch="False" />
                <line number="20" hits="1" branch="False" />
                <line number="24" hits="1" branch="False" />
              </lines>
            </method>
          </methods>
          <lines>
            <line number="30" hits="0" branch="False" />
            <line number="31" hits="0" branch="False" />
            <line number="32" hits="0" branch="True" condition-coverage="0% (0/2)">
              <conditions>
                <condition number="18" type="jump" coverage="0%" />
              </conditions>
            </line>
            <line number="33" hits="0" branch="False" />
            <line number="34" hits="0" branch="False" />
            <line number="35" hits="0" branch="False" />
            <line number="36" hits="0" branch="True" condition-coverage="0% (0/2)">
              <conditions>
                <condition number="47" type="jump" coverage="0%" />
              </conditions>
            </line>
            <line number="37" hits="0" branch="False" />
            <line number="38" hits="0" branch="False" />
            <line number="39" hits="0" branch="False" />
            <line number="40" hits="0" branch="True" condition-coverage="0% (0/2)">
              <conditions>
                <condition number="76" type="jump" coverage="0%" />
              </conditions>
            </line>
            <line number="41" hits="0" branch="False" />
            <line number="42" hits="0" branch="False" />
            <line number="43" hits="0" branch="False" />
            <line number="44" hits="0" branch="True" condition-coverage="0% (0/2)">
              <conditions>
                <condition number="105" type="jump" coverage="0%" />
              </conditions>
            </line>
            <line number="45" hits="0" branch="False" />
            <line number="46" hits="0" branch="False" />
            <line number="47" hits="0" branch="False" />
            <line number="48" hits="0" branch="False" />
            <line number="55" hits="0" branch="False" />
            <line number="56" hits="0" branch="False" />
            <line number="57" hits="0" branch="False" />
            <line number="59" hits="0" branch="False" />
            <line number="60" hits="0" branch="False" />
            <line number="62" hits="0" branch="True" condition-coverage="0% (0/2)">
              <conditions>
                <condition number="37" type="jump" coverage="0%" />
              </conditions>
            </line>
            <line number="63" hits="0" branch="False" />
            <line number="64" hits="0" branch="False" />
            <line number="65" hits="0" branch="False" />
            <line number="66" hits="0" branch="True" condition-coverage="0% (0/4)">
              <conditions>
                <condition number="79" type="jump" coverage="0%" />
                <condition number="96" type="jump" coverage="0%" />
              </conditions>
            </line>
            <line number="67" hits="0" branch="False" />
            <line number="68" hits="0" branch="False" />
            <line number="69" hits="0" branch="False" />
            <line number="70" hits="0" branch="False" />
            <line number="71" hits="0" branch="False" />
            <line number="72" hits="0" branch="True" condition-coverage="0% (0/2)">
              <conditions>
                <condition number="115" type="jump" coverage="0%" />
              </conditions>
            </line>
            <line number="73" hits="0" branch="False" />
            <line number="74" hits="0" branch="False" />
            <line number="75" hits="0" branch="False" />
            <line number="76" hits="0" branch="False" />
            <line number="77" hits="0" branch="True" condition-coverage="0% (0/2)">
              <conditions>
                <condition number="344" type="jump" coverage="0%" />
              </conditions>
            </line>
            <line number="78" hits="0" branch="False" />
            <line number="79" hits="0" branch="False" />
            <line number="80" hits="0" branch="False" />
            <line number="81" hits="0" branch="True" condition-coverage="0% (0/2)">
              <conditions>
                <condition number="210" type="jump" coverage="0%" />
              </conditions>
            </line>
            <line number="82" hits="0" branch="False" />
            <line number="84" hits="0" branch="True" condition-coverage="0% (0/2)">
              <conditions>
                <condition number="242" type="jump" coverage="0%" />
              </conditions>
            </line>
            <line number="85" hits="0" branch="False" />
            <line number="86" hits="0" branch="False" />
            <line number="87" hits="0" branch="False" />
            <line number="88" hits="0" branch="False" />
            <line number="89" hits="0" branch="False" />
            <line number="90" hits="0" branch="True" condition-coverage="0% (0/2)">
              <conditions>
                <condition number="265" type="jump" coverage="0%" />
              </conditions>
            </line>
            <line number="91" hits="0" branch="False" />
            <line number="92" hits="0" branch="False" />
            <line number="93" hits="0" branch="False" />
            <line number="94" hits="0" branch="False" />
            <line number="95" hits="0" branch="True" condition-coverage="0% (0/2)">
              <conditions>
                <condition number="303" type="jump" coverage="0%" />
              </conditions>
            </line>
            <line number="96" hits="0" branch="False" />
            <line number="97" hits="0" branch="False" />
            <line number="98" hits="0" branch="False" />
            <line number="99" hits="0" branch="False" />
            <line number="100" hits="0" branch="False" />
            <line number="102" hits="0" branch="False" />
            <line number="103" hits="0" branch="False" />
            <line number="111" hits="10" branch="False" />
            <line number="112" hits="10" branch="True" condition-coverage="100% (2/2)">
              <conditions>
                <condition number="9" type="jump" coverage="100%" />
              </conditions>
            </line>
            <line number="113" hits="1" branch="False" />
            <line number="114" hits="1" branch="False" />
            <line number="116" hits="9" branch="False" />
            <line number="118" hits="9" branch="False" />
            <line number="119" hits="234" branch="True" condition-coverage="100% (2/2)">
              <conditions>
                <condition number="1076" type="jump" coverage="100%" />
              </conditions>
            </line>
            <line number="120" hits="108" branch="False" />
            <line number="121" hits="108" branch="True" condition-coverage="100% (2/2)">
              <conditions>
                <condition number="67" type="jump" coverage="100%" />
              </conditions>
            </line>
            <line number="122" hits="32" branch="False" />
            <line number="123" hits="32" branch="False" />
            <line number="124" hits="32" branch="False" />
            <line number="125" hits="98" branch="True" condition-coverage="100% (4/4)">
              <conditions>
                <condition number="147" type="jump" coverage="100%" />
                <condition number="126" type="jump" coverage="100%" />
              </conditions>
            </line>
            <line number="126" hits="33" branch="False" />
            <line number="127" hits="33" branch="False" />
            <line number="128" hits="33" branch="False" />
            <line number="129" hits="33" branch="False" />
            <line number="130" hits="32" branch="False" />
            <line number="131" hits="32" branch="False" />
            <line number="132" hits="32" branch="False" />
            <line number="133" hits="76" branch="True" condition-coverage="100% (2/2)">
              <conditions>
                <condition number="202" type="jump" coverage="100%" />
              </conditions>
            </line>
            <line number="134" hits="10" branch="False" />
            <line number="135" hits="10" branch="False" />
            <line number="136" hits="10" branch="True" condition-coverage="100% (2/2)">
              <conditions>
                <condition number="238" type="jump" coverage="100%" />
              </conditions>
            </line>
            <line number="137" hits="10" branch="False" />
            <line number="139" hits="10" branch="False" />
            <line number="140" hits="10" branch="False" />
            <line number="141" hits="10" branch="False" />
            <line number="142" hits="30" branch="True" condition-coverage="75% (3/4)">
              <conditions>
                <condition number="349" type="jump" coverage="100%" />
                <condition number="328" type="jump" coverage="50%" />
              </conditions>
            </line>
            <line number="143" hits="10" branch="False" />
            <line number="144" hits="10" branch="False" />
            <line number="145" hits="10" branch="False" />
            <line number="146" hits="10" branch="False" />
            <line number="148" hits="10" branch="False" />
            <line number="149" hits="40" branch="True" condition-coverage="75% (3/4)">
              <conditions>
                <condition number="429" type="jump" coverage="100%" />
                <condition number="408" type="jump" coverage="50%" />
              </conditions>
            </line>
            <line number="150" hits="10" branch="False" />
            <line number="151" hits="10" branch="False" />
            <line number="152" hits="10" branch="False" />
            <line number="153" hits="10" branch="False" />
            <line number="155" hits="10" branch="False" />
            <line number="156" hits="10" branch="False" />
            <line number="157" hits="10" branch="False" />
            <line number="158" hits="10" branch="False" />
            <line number="159" hits="10" branch="False" />
            <line number="160" hits="10" branch="False" />
            <line number="161" hits="66" branch="True" condition-coverage="100% (2/2)">
              <conditions>
                <condition number="500" type="jump" coverage="100%" />
              </conditions>
            </line>
            <line number="162" hits="5" branch="False" />
            <line number="163" hits="5" branch="False" />
            <line number="164" hits="20" branch="True" condition-coverage="75% (3/4)">
              <conditions>
                <condition number="584" type="jump" coverage="100%" />
                <condition number="563" type="jump" coverage="50%" />
              </conditions>
            </line>
            <line number="165" hits="5" branch="False" />
            <line number="166" hits="5" branch="False" />
            <line number="167" hits="5" branch="False" />
            <line number="168" hits="5" branch="False" />
            <line number="170" hits="5" branch="False" />
            <line number="171" hits="20" branch="True" condition-coverage="75% (3/4)">
              <conditions>
                <condition number="664" type="jump" coverage="100%" />
                <condition number="643" type="jump" coverage="50%" />
              </conditions>
            </line>
            <line number="172" hits="5" branch="False" />
            <line number="173" hits="5" branch="False" />
            <line number="174" hits="5" branch="False" />
            <line number="175" hits="5" branch="False" />
            <line number="177" hits="5" branch="False" />
            <line number="178" hits="5" branch="False" />
            <line number="179" hits="5" branch="False" />
            <line number="180" hits="5" branch="False" />
            <line number="181" hits="61" branch="True" condition-coverage="100% (4/4)">
              <conditions>
                <condition number="712" type="jump" coverage="100%" />
                <condition number="732" type="jump" coverage="100%" />
              </conditions>
            </line>
            <line number="182" hits="34" branch="False" />
            <line number="183" hits="34" branch="True" condition-coverage="100% (6/6)">
              <conditions>
                <condition number="739" type="jump" coverage="100%" />
                <condition number="755" type="jump" coverage="100%" />
                <condition number="783" type="jump" coverage="100%" />
              </conditions>
            </line>
            <line number="184" hits="10" branch="False" />
            <line number="185" hits="10" branch="True" condition-coverage="50% (1/2)">
              <conditions>
                <condition number="798" type="jump" coverage="50%" />
              </conditions>
            </line>
            <line number="186" hits="10" branch="False" />
            <line number="187" hits="10" branch="False" />
            <line number="188" hits="50" branch="True" condition-coverage="75% (3/4)">
              <conditions>
                <condition number="888" type="jump" coverage="100%" />
                <condition number="867" type="jump" coverage="50%" />
              </conditions>
            </line>
            <line number="189" hits="15" branch="False" />
            <line number="190" hits="15" branch="False" />
            <line number="191" hits="15" branch="False" />
            <line number="192" hits="15" branch="False" />
            <line number="193" hits="10" branch="False" />
            <line number="194" hits="10" branch="False" />
            <line number="195" hits="10" branch="False" />
            <line number="196" hits="10" branch="False" />
            <line number="198" hits="24" branch="False" />
            <line number="199" hits="24" branch="True" condition-coverage="100% (2/2)">
              <conditions>
                <condition number="948" type="jump" coverage="100%" />
              </conditions>
            </line>
            <line number="200" hits="24" branch="False" />
            <line number="201" hits="34" branch="False" />
            <line number="202" hits="27" branch="True" condition-coverage="100% (4/4)">
              <conditions>
                <condition number="974" type="jump" coverage="100%" />
                <condition number="994" type="jump" coverage="100%" />
              </conditions>
            </line>
            <line number="203" hits="15" branch="False" />
            <line number="204" hits="15" branch="True" condition-coverage="100% (2/2)">
              <conditions>
                <condition number="1012" type="jump" coverage="100%" />
              </conditions>
            </line>
            <line number="205" hits="15" branch="False" />
            <line number="207" hits="12" branch="False" />
            <line number="208" hits="12" branch="True" condition-coverage="100% (2/2)">
              <conditions>
                <condition number="1044" type="jump" coverage="100%" />
              </conditions>
            </line>
            <line number="209" hits="12" branch="False" />
            <line number="210" hits="108" branch="False" />
            <line number="212" hits="9" branch="False" />
            <line number="213" hits="10" branch="False" />
            <line number="221" hits="3" branch="False" />
            <line number="222" hits="3" branch="True" condition-coverage="100% (4/4)">
              <conditions>
                <condition number="2" type="jump" coverage="100%" />
                <condition number="18" type="jump" coverage="100%" />
              </conditions>
            </line>
            <line number="223" hits="2" branch="False" />
            <line number="224" hits="2" branch="False" />
            <line number="226" hits="1" branch="False" />
            <line number="227" hits="29" branch="True" condition-coverage="100% (2/2)">
              <conditions>
                <condition number="82" type="jump" coverage="100%" />
              </conditions>
            </line>
            <line number="228" hits="13" branch="False" />
            <line number="229" hits="13" branch="False" />
            <line number="230" hits="13" branch="False" />
            <line number="231" hits="13" branch="False" />
            <line number="233" hits="1" branch="False" />
            <line number="234" hits="3" branch="False" />
            <line number="242" hits="3" branch="False" />
            <line number="243" hits="3" branch="True" condition-coverage="100% (4/4)">
              <conditions>
                <condition number="2" type="jump" coverage="100%" />
                <condition number="18" type="jump" coverage="100%" />
              </conditions>
            </line>
            <line number="244" hits="2" branch="False" />
            <line number="245" hits="2" branch="False" />
            <line number="247" hits="1" branch="False" />
            <line number="248" hits="29" branch="True" condition-coverage="100% (2/2)">
              <conditions>
                <condition number="82" type="jump" coverage="100%" />
              </conditions>
            </line>
            <line number="249" hits="13" branch="False" />
            <line number="250" hits="13" branch="False" />
            <line number="251" hits="13" branch="False" />
            <line number="252" hits="13" branch="False" />
            <line number="254" hits="1" branch="False" />
            <line number="255" hits="3" branch="False" />
            <line number="263" hits="7" branch="False" />
            <line number="264" hits="7" branch="True" condition-coverage="100% (4/4)">
              <conditions>
                <condition number="2" type="jump" coverage="100%" />
                <condition number="18" type="jump" coverage="100%" />
              </conditions>
            </line>
            <line number="265" hits="2" branch="False" />
            <line number="266" hits="2" branch="False" />
            <line number="268" hits="5" branch="False" />
            <line number="269" hits="5" branch="False" />
            <line number="270" hits="129" branch="True" condition-coverage="100% (2/2)">
              <conditions>
                <condition number="340" type="jump" coverage="100%" />
              </conditions>
            </line>
            <line number="271" hits="57" branch="False" />
            <line number="272" hits="57" branch="True" condition-coverage="100% (2/2)">
              <conditions>
                <condition number="84" type="jump" coverage="100%" />
              </conditions>
            </line>
            <line number="273" hits="29" branch="False" />
            <line number="274" hits="29" branch="True" condition-coverage="100% (2/2)">
              <conditions>
                <condition number="103" type="jump" coverage="100%" />
              </conditions>
            </line>
            <line number="275" hits="5" branch="False" />
            <line number="276" hits="5" branch="False" />
            <line number="277" hits="5" branch="False" />
            <line number="279" hits="24" branch="False" />
            <line number="280" hits="24" branch="True" condition-coverage="100% (2/2)">
              <conditions>
                <condition number="142" type="jump" coverage="100%" />
              </conditions>
            </line>
            <line number="281" hits="3" branch="False" />
            <line number="282" hits="3" branch="False" />
            <line number="283" hits="3" branch="False" />
            <line number="284" hits="21" branch="True" condition-coverage="100% (2/2)">
              <conditions>
                <condition number="180" type="jump" coverage="100%" />
              </conditions>
            </line>
            <line number="285" hits="3" branch="False" />
            <line number="286" hits="6" branch="True" condition-coverage="100% (2/2)">
              <conditions>
                <condition number="227" type="jump" coverage="100%" />
              </conditions>
            </line>
            <line number="287" hits="3" branch="False" />
            <line number="288" hits="3" branch="False" />
            <line number="289" hits="3" branch="False" />
            <line number="290" hits="3" branch="False" />
            <line number="291" hits="3" branch="False" />
            <line number="293" hits="18" branch="False" />
            <line number="294" hits="31" branch="True" condition-coverage="100% (4/4)">
              <conditions>
                <condition number="305" type="jump" coverage="100%" />
                <condition number="263" type="jump" coverage="100%" />
              </conditions>
            </line>
            <line number="295" hits="31" branch="False" />
            <line number="296" hits="13" branch="False" />
            <line number="297" hits="13" branch="False" />
            <line number="298" hits="13" branch="False" />
            <line number="299" hits="18" branch="False" />
            <line number="300" hits="18" branch="False" />
            <line number="301" hits="24" branch="False" />
            <line number="302" hits="29" branch="False" />
            <line number="304" hits="28" branch="False" />
            <line number="305" hits="28" branch="False" />
            <line number="306" hits="28" branch="False" />
            <line number="307" hits="57" branch="False" />
            <line number="308" hits="12" branch="True" condition-coverage="100% (2/2)">
              <conditions>
                <condition number="392" type="jump" coverage="100%" />
              </conditions>
            </line>
            <line number="309" hits="7" branch="False" />
            <line number="310" hits="7" branch="False" />
            <line number="311" hits="7" branch="False" />
            <line number="312" hits="5" branch="False" />
            <line number="313" hits="7" branch="False" />
            <line number="326" hits="8" branch="False" />
            <line number="327" hits="8" branch="True" condition-coverage="100% (4/4)">
              <conditions>
                <condition number="2" type="jump" coverage="100%" />
                <condition number="18" type="jump" coverage="100%" />
              </conditions>
            </line>
            <line number="328" hits="2" branch="False" />
            <line number="329" hits="2" branch="False" />
            <line number="332" hits="6" branch="False" />
            <line number="333" hits="6" branch="False" />
            <line number="334" hits="64" branch="True" condition-coverage="100% (2/2)">
              <conditions>
                <condition number="277" type="jump" coverage="100%" />
              </conditions>
            </line>
            <line number="335" hits="25" branch="False" />
            <line number="336" hits="25" branch="True" condition-coverage="100% (2/2)">
              <conditions>
                <condition number="69" type="jump" coverage="100%" />
              </conditions>
            </line>
            <line number="337" hits="10" branch="False" />
            <line number="338" hits="10" branch="True" condition-coverage="100% (2/2)">
              <conditions>
                <condition number="88" type="jump" coverage="100%" />
              </conditions>
            </line>
            <line number="339" hits="1" branch="False" />
            <line number="340" hits="1" branch="False" />
            <line number="342" hits="9" branch="False" />
            <line number="343" hits="9" branch="False" />
            <line number="345" hits="9" branch="True" condition-coverage="100% (5/5)">
              <conditions>
                <condition number="134" type="switch" coverage="100%" />
              </conditions>
            </line>
            <line number="348" hits="3" branch="False" />
            <line number="349" hits="3" branch="False" />
            <line number="351" hits="2" branch="False" />
            <line number="352" hits="2" branch="False" />
            <line number="354" hits="1" branch="False" />
            <line number="355" hits="1" branch="False" />
            <line number="358" hits="2" branch="False" />
            <line number="359" hits="2" branch="False" />
            <line number="360" hits="1" branch="False" />
            <line number="361" hits="1" branch="False" />
            <line number="362" hits="1" branch="False" />
            <line number="363" hits="1" branch="False" />
            <line number="365" hits="1" branch="False" />
            <line number="367" hits="1" branch="False" />
            <line number="369" hits="7" branch="True" condition-coverage="100% (2/2)">
              <conditions>
                <condition number="238" type="jump" coverage="100%" />
              </conditions>
            </line>
            <line number="370" hits="1" branch="False" />
            <line number="371" hits="1" branch="False" />
            <line number="373" hits="6" branch="False" />
            <line number="374" hits="6" branch="False" />
            <line number="376" hits="15" branch="False" />
            <line number="377" hits="15" branch="False" />
            <line number="378" hits="15" branch="False" />
            <line number="379" hits="21" branch="False" />
            <line number="380" hits="2" branch="True" condition-coverage="100% (2/2)">
              <conditions>
                <condition number="315" type="jump" coverage="100%" />
              </conditions>
            </line>
            <line number="381" hits="1" branch="False" />
            <line number="382" hits="1" branch="False" />
            <line number="385" hits="1" branch="False" />
            <line number="386" hits="1" branch="False" />
            <line number="387" hits="1" branch="False" />
            <line number="389" hits="1" branch="False" />
            <line number="392" hits="1" branch="False" />
            <line number="402" hits="6" branch="False" />
            <line number="403" hits="6" branch="True" condition-coverage="100% (4/4)">
              <conditions>
                <condition number="2" type="jump" coverage="100%" />
                <condition number="18" type="jump" coverage="100%" />
              </conditions>
            </line>
            <line number="404" hits="2" branch="False" />
            <line number="405" hits="2" branch="False" />
            <line number="407" hits="4" branch="False" />
            <line number="408" hits="78" branch="True" condition-coverage="100% (2/2)">
              <conditions>
                <condition number="296" type="jump" coverage="100%" />
              </conditions>
            </line>
            <line number="409" hits="33" branch="False" />
            <line number="410" hits="33" branch="True" condition-coverage="100% (2/2)">
              <conditions>
                <condition number="68" type="jump" coverage="100%" />
              </conditions>
            </line>
            <line number="411" hits="14" branch="False" />
            <line number="412" hits="14" branch="True" condition-coverage="100% (4/4)">
              <conditions>
                <condition number="87" type="jump" coverage="100%" />
                <condition number="111" type="jump" coverage="100%" />
              </conditions>
            </line>
            <line number="413" hits="12" branch="False" />
            <line number="414" hits="12" branch="False" />
            <line number="415" hits="12" branch="False" />
            <line number="416" hits="12" branch="False" />
            <line number="417" hits="12" branch="True" condition-coverage="100% (2/2)">
              <conditions>
                <condition number="157" type="jump" coverage="100%" />
              </conditions>
            </line>
            <line number="418" hits="6" branch="False" />
            <line number="419" hits="6" branch="False" />
            <line number="420" hits="6" branch="False" />
            <line number="421" hits="6" branch="False" />
            <line number="423" hits="6" branch="False" />
            <line number="424" hits="6" branch="False" />
            <line number="425" hits="6" branch="False" />
            <line number="426" hits="6" branch="False" />
            <line number="427" hits="12" branch="False" />
            <line number="428" hits="12" branch="False" />
            <line number="430" hits="2" branch="False" />
            <line number="431" hits="2" branch="False" />
            <line number="432" hits="2" branch="False" />
            <line number="433" hits="2" branch="False" />
            <line number="434" hits="2" branch="False" />
            <line number="435" hits="2" branch="False" />
            <line number="436" hits="2" branch="False" />
            <line number="437" hits="2" branch="False" />
            <line number="438" hits="14" branch="False" />
            <line number="440" hits="19" branch="False" />
            <line number="441" hits="19" branch="False" />
            <line number="442" hits="19" branch="False" />
            <line number="443" hits="19" branch="False" />
            <line number="444" hits="33" branch="False" />
            <line number="445" hits="4" branch="True" condition-coverage="100% (2/2)">
              <conditions>
                <condition number="334" type="jump" coverage="100%" />
              </conditions>
            </line>
            <line number="446" hits="1" branch="False" />
            <line number="447" hits="1" branch="False" />
            <line number="450" hits="3" branch="False" />
            <line number="451" hits="3" branch="False" />
            <line number="13" hits="1" branch="False" />
            <line number="14" hits="1" branch="False" />
            <line number="15" hits="1" branch="False" />
            <line number="16" hits="1" branch="False" />
            <line number="17" hits="1" branch="False" />
            <line number="18" hits="1" branch="False" />
            <line number="19" hits="1" branch="False" />
            <line number="20" hits="1" branch="False" />
            <line number="24" hits="1" branch="False" />
          </lines>
        </class>
        <class name="Tools.Fraction" filename="Tools\Fraction.cs" line-rate="0.9326000000000001" branch-rate="1" complexity="27">
          <methods>
            <method name="GCD" signature="(System.Int64,System.Int64)" line-rate="1" branch-rate="1" complexity="2">
              <lines>
                <line number="32" hits="407" branch="False" />
                <line number="33" hits="407" branch="True" condition-coverage="100% (2/2)">
                  <conditions>
                    <condition number="2" type="jump" coverage="100%" />
                  </conditions>
                </line>
                <line number="34" hits="407" branch="False" />
                <line number="35" hits="407" branch="False" />
              </lines>
            </method>
            <method name="Reduce" signature="()" line-rate="1" branch-rate="1" complexity="4">
              <lines>
                <line number="41" hits="122" branch="False" />
                <line number="42" hits="122" branch="True" condition-coverage="100% (2/2)">
                  <conditions>
                    <condition number="13" type="jump" coverage="100%" />
                  </conditions>
                </line>
                <line number="43" hits="9" branch="False" />
                <line number="44" hits="9" branch="False" />
                <line number="46" hits="9" branch="False" />
                <line number="48" hits="113" branch="False" />
                <line number="49" hits="113" branch="False" />
                <line number="50" hits="113" branch="False" />
                <line number="51" hits="113" branch="True" condition-coverage="100% (2/2)">
                  <conditions>
                    <condition number="84" type="jump" coverage="100%" />
                  </conditions>
                </line>
                <line number="52" hits="24" branch="False" />
                <line number="53" hits="24" branch="False" />
                <line number="54" hits="24" branch="False" />
                <line number="55" hits="24" branch="False" />
                <line number="56" hits="122" branch="False" />
              </lines>
            </method>
            <method name="op_Addition" signature="(Tools.Fraction,Tools.Fraction)" line-rate="1" branch-rate="1" complexity="1">
              <lines>
                <line number="59" hits="10" branch="False" />
                <line number="60" hits="10" branch="False" />
                <line number="61" hits="10" branch="False" />
                <line number="62" hits="10" branch="False" />
                <line number="63" hits="10" branch="False" />
                <line number="64" hits="10" branch="False" />
                <line number="66" hits="10" branch="False" />
                <line number="67" hits="10" branch="False" />
              </lines>
            </method>
            <method name="op_Subtraction" signature="(Tools.Fraction,Tools.Fraction)" line-rate="1" branch-rate="1" complexity="1">
              <lines>
                <line number="70" hits="10" branch="False" />
                <line number="71" hits="10" branch="False" />
                <line number="72" hits="10" branch="False" />
                <line number="73" hits="10" branch="False" />
                <line number="74" hits="10" branch="False" />
                <line number="75" hits="10" branch="False" />
                <line number="77" hits="10" branch="False" />
                <line number="78" hits="10" branch="False" />
              </lines>
            </method>
            <method name="op_Multiply" signature="(Tools.Fraction,Tools.Fraction)" line-rate="1" branch-rate="1" complexity="1">
              <lines>
                <line number="81" hits="9" branch="False" />
                <line number="82" hits="9" branch="False" />
                <line number="83" hits="9" branch="False" />
                <line number="84" hits="9" branch="False" />
                <line number="85" hits="9" branch="False" />
                <line number="87" hits="9" branch="False" />
                <line number="88" hits="9" branch="False" />
              </lines>
            </method>
            <method name="op_Division" signature="(Tools.Fraction,Tools.Fraction)" line-rate="1" branch-rate="1" complexity="2">
              <lines>
                <line number="98" hits="9" branch="False" />
                <line number="99" hits="9" branch="True" condition-coverage="100% (2/2)">
                  <conditions>
                    <condition number="13" type="jump" coverage="100%" />
                  </conditions>
                </line>
                <line number="100" hits="3" branch="False" />
                <line number="101" hits="3" branch="False" />
                <line number="103" hits="6" branch="False" />
                <line number="104" hits="6" branch="False" />
                <line number="105" hits="6" branch="False" />
                <line number="106" hits="6" branch="False" />
                <line number="108" hits="6" branch="False" />
                <line number="109" hits="6" branch="False" />
              </lines>
            </method>
            <method name="GetRandomFraction" signature="()" line-rate="0" branch-rate="1" complexity="1">
              <lines>
                <line number="116" hits="0" branch="False" />
                <line number="117" hits="0" branch="False" />
                <line number="118" hits="0" branch="False" />
                <line number="119" hits="0" branch="False" />
                <line number="121" hits="0" branch="False" />
                <line number="122" hits="0" branch="False" />
              </lines>
            </method>
            <method name="ToString" signature="()" line-rate="1" branch-rate="1" complexity="6">
              <lines>
                <line number="125" hits="9" branch="False" />
                <line number="126" hits="9" branch="False" />
                <line number="127" hits="9" branch="True" condition-coverage="100% (2/2)">
                  <conditions>
                    <condition number="34" type="jump" coverage="100%" />
                  </conditions>
                </line>
                <line number="128" hits="6" branch="False" />
                <line number="129" hits="6" branch="False" />
                <line number="130" hits="6" branch="False" />
                <line number="131" hits="6" branch="True" condition-coverage="100% (2/2)">
                  <conditions>
                    <condition number="72" type="jump" coverage="100%" />
                  </conditions>
                </line>
                <line number="132" hits="2" branch="False" />
                <line number="133" hits="2" branch="False" />
                <line number="134" hits="2" branch="False" />
                <line number="136" hits="6" branch="False" />
                <line number="138" hits="3" branch="True" condition-coverage="100% (2/2)">
                  <conditions>
                    <condition number="174" type="jump" coverage="100%" />
                  </conditions>
                </line>
                <line number="139" hits="2" branch="False" />
                <line number="140" hits="2" branch="False" />
                <line number="143" hits="1" branch="False" />
                <line number="144" hits="1" branch="False" />
                <line number="146" hits="9" branch="False" />
              </lines>
            </method>
            <method name="ToHTML" signature="()" line-rate="1" branch-rate="1" complexity="6">
              <lines>
                <line number="153" hits="8" branch="False" />
                <line number="154" hits="8" branch="False" />
                <line number="155" hits="8" branch="True" condition-coverage="100% (2/2)">
                  <conditions>
                    <condition number="34" type="jump" coverage="100%" />
                  </conditions>
                </line>
                <line number="156" hits="5" branch="False" />
                <line number="157" hits="5" branch="False" />
                <line number="158" hits="5" branch="False" />
                <line number="159" hits="5" branch="True" condition-coverage="100% (2/2)">
                  <conditions>
                    <condition number="72" type="jump" coverage="100%" />
                  </conditions>
                </line>
                <line number="160" hits="2" branch="False" />
                <line number="161" hits="2" branch="False" />
                <line number="162" hits="2" branch="False" />
                <line number="164" hits="5" branch="False" />
                <line number="165" hits="5" branch="False" />
                <line number="167" hits="3" branch="True" condition-coverage="100% (2/2)">
                  <conditions>
                    <condition number="182" type="jump" coverage="100%" />
                  </conditions>
                </line>
                <line number="168" hits="2" branch="False" />
                <line number="169" hits="2" branch="False" />
                <line number="170" hits="2" branch="False" />
                <line number="173" hits="1" branch="False" />
                <line number="174" hits="1" branch="False" />
                <line number="176" hits="8" branch="False" />
              </lines>
            </method>
            <method name=".ctor" signature="()" line-rate="1" branch-rate="1" complexity="1">
              <lines>
                <line number="13" hits="28" branch="False" />
                <line number="14" hits="28" branch="False" />
                <line number="15" hits="28" branch="False" />
                <line number="16" hits="28" branch="False" />
                <line number="17" hits="28" branch="False" />
              </lines>
            </method>
            <method name=".ctor" signature="(System.Int64,System.Int64)" line-rate="1" branch-rate="1" complexity="1">
              <lines>
                <line number="19" hits="191" branch="False" />
                <line number="20" hits="191" branch="False" />
                <line number="21" hits="191" branch="False" />
[...]
                <line number="82" hits="1" branch="False" />
                <line number="83" hits="1" branch="True" condition-coverage="50% (1/2)">
                  <conditions>
                    <condition number="74" type="jump" coverage="50%" />
                  </conditions>
                </line>
                <line number="84" hits="1" branch="False" />
                <line number="86" hits="1" branch="False" />
                <line number="87" hits="1" branch="False" />
                <line number="88" hits="1" branch="False" />
                <line number="89" hits="1" branch="False" />
              </lines>
            </method>
            <method name="TestToString" signature="()" line-rate="1" branch-rate="1" complexity="1">
              <lines>
                <line number="93" hits="1" branch="False" />
                <line number="94" hits="1" branch="False" />
                <line number="96" hits="1" branch="False" />
                <line number="98" hits="1" branch="False" />
                <line number="99" hits="1" branch="False" />
                <line number="101" hits="1" branch="False" />
                <line number="102" hits="1" branch="False" />
                <line number="104" hits="1" branch="False" />
                <line number="105" hits="1" branch="False" />
                <line number="107" hits="1" branch="False" />
                <line number="108" hits="1" branch="False" />
                <line number="109" hits="1" branch="False" />
              </lines>
            </method>
            <method name="TestToHTML" signature="()" line-rate="1" branch-rate="1" complexity="1">
              <lines>
                <line number="113" hits="1" branch="False" />
                <line number="114" hits="1" branch="False" />
                <line number="116" hits="1" branch="False" />
                <line number="118" hits="1" branch="False" />
                <line number="119" hits="1" branch="False" />
                <line number="121" hits="1" branch="False" />
                <line number="122" hits="1" branch="False" />
                <line number="123" hits="1" branch="False" />
                <line number="125" hits="1" branch="False" />
                <line number="126" hits="1" branch="False" />
                <line number="128" hits="1" branch="False" />
                <line number="129" hits="1" branch="False" />
                <line number="130" hits="1" branch="False" />
              </lines>
            </method>
            <method name="TestAddition" signature="()" line-rate="1" branch-rate="0.5" complexity="6">
              <lines>
                <line number="134" hits="1" branch="False" />
                <line number="135" hits="1" branch="False" />
                <line number="136" hits="1" branch="False" />
                <line number="138" hits="1" branch="False" />
                <line number="139" hits="1" branch="True" condition-coverage="50% (1/2)">
                  <conditions>
                    <condition number="46" type="jump" coverage="50%" />
                  </conditions>
                </line>
                <line number="141" hits="1" branch="False" />
                <line number="142" hits="1" branch="False" />
                <line number="143" hits="1" branch="True" condition-coverage="50% (1/2)">
                  <conditions>
                    <condition number="109" type="jump" coverage="50%" />
                  </conditions>
                </line>
                <line number="145" hits="1" branch="False" />
                <line number="146" hits="1" branch="False" />
                <line number="147" hits="1" branch="False" />
                <line number="148" hits="1" branch="True" condition-coverage="50% (1/2)">
                  <conditions>
                    <condition number="192" type="jump" coverage="50%" />
                  </conditions>
                </line>
                <line number="149" hits="1" branch="False" />
              </lines>
            </method>
            <method name="TestSubscribe" signature="()" line-rate="1" branch-rate="0.5" complexity="6">
              <lines>
                <line number="153" hits="1" branch="False" />
                <line number="154" hits="1" branch="False" />
                <line number="155" hits="1" branch="False" />
                <line number="157" hits="1" branch="False" />
                <line number="158" hits="1" branch="True" condition-coverage="50% (1/2)">
                  <conditions>
                    <condition number="45" type="jump" coverage="50%" />
                  </conditions>
                </line>
                <line number="160" hits="1" branch="False" />
                <line number="161" hits="1" branch="False" />
                <line number="162" hits="1" branch="True" condition-coverage="50% (1/2)">
                  <conditions>
                    <condition number="111" type="jump" coverage="50%" />
                  </conditions>
                </line>
                <line number="164" hits="1" branch="False" />
                <line number="165" hits="1" branch="False" />
                <line number="166" hits="1" branch="False" />
                <line number="167" hits="1" branch="True" condition-coverage="50% (1/2)">
                  <conditions>
                    <condition number="195" type="jump" coverage="50%" />
                  </conditions>
                </line>
                <line number="168" hits="1" branch="False" />
              </lines>
            </method>
            <method name="TestMultiply" signature="()" line-rate="1" branch-rate="0.5" complexity="8">
              <lines>
                <line number="172" hits="1" branch="False" />
                <line number="173" hits="1" branch="False" />
                <line number="174" hits="1" branch="False" />
                <line number="176" hits="1" branch="False" />
                <line number="177" hits="1" branch="True" condition-coverage="50% (1/2)">
                  <conditions>
                    <condition number="45" type="jump" coverage="50%" />
                  </conditions>
                </line>
                <line number="179" hits="1" branch="False" />
                <line number="180" hits="1" branch="False" />
                <line number="181" hits="1" branch="True" condition-coverage="50% (1/2)">
                  <conditions>
                    <condition number="111" type="jump" coverage="50%" />
                  </conditions>
                </line>
                <line number="183" hits="1" branch="False" />
                <line number="184" hits="1" branch="False" />
                <line number="185" hits="1" branch="False" />
                <line number="186" hits="1" branch="True" condition-coverage="50% (1/2)">
                  <conditions>
                    <condition number="199" type="jump" coverage="50%" />
                  </conditions>
                </line>
                <line number="188" hits="1" branch="False" />
                <line number="189" hits="1" branch="False" />
                <line number="190" hits="1" branch="False" />
                <line number="191" hits="1" branch="True" condition-coverage="50% (1/2)">
                  <conditions>
                    <condition number="282" type="jump" coverage="50%" />
                  </conditions>
                </line>
                <line number="192" hits="1" branch="False" />
              </lines>
            </method>
            <method name="TestDivid" signature="()" line-rate="0.95" branch-rate="0.5" complexity="4">
              <lines>
                <line number="196" hits="1" branch="False" />
                <line number="197" hits="1" branch="False" />
                <line number="198" hits="1" branch="False" />
                <line number="200" hits="1" branch="False" />
                <line number="201" hits="1" branch="True" condition-coverage="50% (1/2)">
                  <conditions>
                    <condition number="45" type="jump" coverage="50%" />
                  </conditions>
                </line>
                <line number="203" hits="1" branch="False" />
                <line number="204" hits="1" branch="False" />
                <line number="206" hits="1" branch="False" />
                <line number="207" hits="1" branch="False" />
                <line number="208" hits="0" branch="False" />
                <line number="209" hits="1" branch="False" />
                <line number="210" hits="1" branch="False" />
                <line number="211" hits="1" branch="False" />
                <line number="212" hits="1" branch="False" />
                <line number="213" hits="1" branch="False" />
                <line number="215" hits="1" branch="False" />
                <line number="216" hits="1" branch="False" />
                <line number="217" hits="1" branch="False" />
                <line number="218" hits="1" branch="True" condition-coverage="50% (1/2)">
                  <conditions>
                    <condition number="189" type="jump" coverage="50%" />
                  </conditions>
                </line>
                <line number="219" hits="1" branch="False" />
              </lines>
            </method>
          </methods>
          <lines>
            <line number="11" hits="9" branch="False" />
            <line number="12" hits="9" branch="False" />
            <line number="16" hits="1" branch="False" />
            <line number="17" hits="1" branch="False" />
            <line number="18" hits="1" branch="False" />
            <line number="19" hits="1" branch="False" />
            <line number="21" hits="1" branch="False" />
            <line number="23" hits="1" branch="False" />
            <line number="25" hits="1" branch="False" />
            <line number="26" hits="1" branch="False" />
            <line number="28" hits="1" branch="False" />
            <line number="29" hits="1" branch="False" />
            <line number="31" hits="1" branch="False" />
            <line number="32" hits="1" branch="False" />
            <line number="34" hits="1" branch="False" />
            <line number="35" hits="1" branch="False" />
            <line number="36" hits="1" branch="False" />
            <line number="40" hits="1" branch="False" />
            <line number="41" hits="1" branch="False" />
            <line number="42" hits="1" branch="False" />
            <line number="44" hits="1" branch="False" />
            <line number="46" hits="1" branch="False" />
            <line number="47" hits="1" branch="False" />
            <line number="48" hits="1" branch="False" />
            <line number="50" hits="1" branch="False" />
            <line number="51" hits="1" branch="False" />
            <line number="53" hits="1" branch="False" />
            <line number="54" hits="1" branch="False" />
            <line number="56" hits="1" branch="False" />
            <line number="57" hits="1" branch="False" />
            <line number="59" hits="1" branch="False" />
            <line number="60" hits="1" branch="False" />
            <line number="61" hits="1" branch="False" />
            <line number="62" hits="1" branch="False" />
            <line number="64" hits="1" branch="False" />
            <line number="65" hits="1" branch="False" />
            <line number="66" hits="1" branch="False" />
            <line number="67" hits="1" branch="False" />
            <line number="69" hits="1" branch="False" />
            <line number="70" hits="1" branch="False" />
            <line number="71" hits="1" branch="False" />
            <line number="72" hits="1" branch="False" />
            <line number="76" hits="1" branch="False" />
            <line number="77" hits="1" branch="False" />
            <line number="78" hits="1" branch="False" />
            <line number="79" hits="1" branch="False" />
            <line number="81" hits="1" branch="False" />
            <line number="82" hits="1" branch="False" />
            <line number="83" hits="1" branch="True" condition-coverage="50% (1/2)">
              <conditions>
                <condition number="74" type="jump" coverage="50%" />
              </conditions>
            </line>
            <line number="84" hits="1" branch="False" />
            <line number="86" hits="1" branch="False" />
            <line number="87" hits="1" branch="False" />
            <line number="88" hits="1" branch="False" />
            <line number="89" hits="1" branch="False" />
            <line number="93" hits="1" branch="False" />
            <line number="94" hits="1" branch="False" />
            <line number="96" hits="1" branch="False" />
            <line number="98" hits="1" branch="False" />
            <line number="99" hits="1" branch="False" />
            <line number="101" hits="1" branch="False" />
            <line number="102" hits="1" branch="False" />
            <line number="104" hits="1" branch="False" />
            <line number="105" hits="1" branch="False" />
            <line number="107" hits="1" branch="False" />
            <line number="108" hits="1" branch="False" />
            <line number="109" hits="1" branch="False" />
            <line number="113" hits="1" branch="False" />
            <line number="114" hits="1" branch="False" />
            <line number="116" hits="1" branch="False" />
            <line number="118" hits="1" branch="False" />
            <line number="119" hits="1" branch="False" />
            <line number="121" hits="1" branch="False" />
            <line number="122" hits="1" branch="False" />
            <line number="123" hits="1" branch="False" />
            <line number="125" hits="1" branch="False" />
            <line number="126" hits="1" branch="False" />
            <line number="128" hits="1" branch="False" />
            <line number="129" hits="1" branch="False" />
            <line number="130" hits="1" branch="False" />
            <line number="134" hits="1" branch="False" />
            <line number="135" hits="1" branch="False" />
            <line number="136" hits="1" branch="False" />
            <line number="138" hits="1" branch="False" />
            <line number="139" hits="1" branch="True" condition-coverage="50% (1/2)">
              <conditions>
                <condition number="46" type="jump" coverage="50%" />
              </conditions>
            </line>
            <line number="141" hits="1" branch="False" />
            <line number="142" hits="1" branch="False" />
            <line number="143" hits="1" branch="True" condition-coverage="50% (1/2)">
              <conditions>
                <condition number="109" type="jump" coverage="50%" />
              </conditions>
            </line>
            <line number="145" hits="1" branch="False" />
            <line number="146" hits="1" branch="False" />
            <line number="147" hits="1" branch="False" />
            <line number="148" hits="1" branch="True" condition-coverage="50% (1/2)">
              <conditions>
                <condition number="192" type="jump" coverage="50%" />
              </conditions>
            </line>
            <line number="149" hits="1" branch="False" />
            <line number="153" hits="1" branch="False" />
            <line number="154" hits="1" branch="False" />
            <line number="155" hits="1" branch="False" />
            <line number="157" hits="1" branch="False" />
            <line number="158" hits="1" branch="True" condition-coverage="50% (1/2)">
              <conditions>
                <condition number="45" type="jump" coverage="50%" />
              </conditions>
            </line>
            <line number="160" hits="1" branch="False" />
            <line number="161" hits="1" branch="False" />
            <line number="162" hits="1" branch="True" condition-coverage="50% (1/2)">
              <conditions>
                <condition number="111" type="jump" coverage="50%" />
              </conditions>
            </line>
            <line number="164" hits="1" branch="False" />
            <line number="165" hits="1" branch="False" />
            <line number="166" hits="1" branch="False" />
            <line number="167" hits="1" branch="True" condition-coverage="50% (1/2)">
              <conditions>
                <condition number="195" type="jump" coverage="50%" />
              </conditions>
            </line>
            <line number="168" hits="1" branch="False" />
            <line number="172" hits="1" branch="False" />
            <line number="173" hits="1" branch="False" />
            <line number="174" hits="1" branch="False" />
            <line number="176" hits="1" branch="False" />
            <line number="177" hits="1" branch="True" condition-coverage="50% (1/2)">
              <conditions>
                <condition number="45" type="jump" coverage="50%" />
              </conditions>
            </line>
            <line number="179" hits="1" branch="False" />
            <line number="180" hits="1" branch="False" />
            <line number="181" hits="1" branch="True" condition-coverage="50% (1/2)">
              <conditions>
                <condition number="111" type="jump" coverage="50%" />
              </conditions>
            </line>
            <line number="183" hits="1" branch="False" />
            <line number="184" hits="1" branch="False" />
            <line number="185" hits="1" branch="False" />
            <line number="186" hits="1" branch="True" condition-coverage="50% (1/2)">
              <conditions>
                <condition number="199" type="jump" coverage="50%" />
              </conditions>
            </line>
            <line number="188" hits="1" branch="False" />
            <line number="189" hits="1" branch="False" />
            <line number="190" hits="1" branch="False" />
            <line number="191" hits="1" branch="True" condition-coverage="50% (1/2)">
              <conditions>
                <condition number="282" type="jump" coverage="50%" />
              </conditions>
            </line>
            <line number="192" hits="1" branch="False" />
            <line number="196" hits="1" branch="False" />
            <line number="197" hits="1" branch="False" />
            <line number="198" hits="1" branch="False" />
            <line number="200" hits="1" branch="False" />
            <line number="201" hits="1" branch="True" condition-coverage="50% (1/2)">
              <conditions>
                <condition number="45" type="jump" coverage="50%" />
              </conditions>
            </line>
            <line number="203" hits="1" branch="False" />
            <line number="204" hits="1" branch="False" />
            <line number="206" hits="1" branch="False" />
            <line number="207" hits="1" branch="False" />
            <line number="208" hits="0" branch="False" />
            <line number="209" hits="1" branch="False" />
            <line number="210" hits="1" branch="False" />
            <line number="211" hits="1" branch="False" />
            <line number="212" hits="1" branch="False" />
            <line number="213" hits="1" branch="False" />
            <line number="215" hits="1" branch="False" />
            <line number="216" hits="1" branch="False" />
            <line number="217" hits="1" branch="False" />
            <line number="218" hits="1" branch="True" condition-coverage="50% (1/2)">
              <conditions>
                <condition number="189" type="jump" coverage="50%" />
              </conditions>
            </line>
            <line number="219" hits="1" branch="False" />
          </lines>
        </class>
      </classes>
    </package>
  </packages>
</coverage>