TpTrace Verbose: 0 : 75824, 1, 2021/10/23, 10:56:53.732, 4847888612690, vstest.console.dll, Version: 16.11.0
TpTrace Information: 0 : 75824, 1, 2021/10/23, 10:56:53.748, 4847888749242, vstest.console.dll, FilePatternParser: The given file D:\PairCoding\pair-coding-project-a_team\ExercisesGenerator\ToolsUnitTest\bin\Release\net5.0\fine-code-coverage\build-output\ToolsUnitTest.dll is a full path.
TpTrace Verbose: 0 : 75824, 1, 2021/10/23, 10:56:53.757, 4847888847027, vstest.console.dll, TestPluginCache.DiscoverTestExtensions: finding test extensions in assemblies ends with: RuntimeProvider.dll TPluginInfo: Microsoft.VisualStudio.TestPlatform.Common.ExtensionFramework.Utilities.TestRuntimePluginInformation TExtension: Microsoft.VisualStudio.TestPlatform.ObjectModel.Host.ITestRuntimeProvider
TpTrace Verbose: 0 : 75824, 1, 2021/10/23, 10:56:53.758, 4847888850299, vstest.console.dll, TestPluginCache.GetExtensionPaths: Filtered extension paths: 
TpTrace Verbose: 0 : 75824, 1, 2021/10/23, 10:56:53.758, 4847888851300, vstest.console.dll, TestPluginCache.GetExtensionPaths: Added default extension paths: C:\Program Files\dotnet\sdk\5.0.402\Extensions\Microsoft.Diagnostics.NETCore.Client.dll
C:\Program Files\dotnet\sdk\5.0.402\Extensions\Microsoft.TestPlatform.Extensions.BlameDataCollector.dll
C:\Program Files\dotnet\sdk\5.0.402\Extensions\Microsoft.TestPlatform.Extensions.EventLogCollector.dll
C:\Program Files\dotnet\sdk\5.0.402\Extensions\Microsoft.TestPlatform.TestHostRuntimeProvider.dll
C:\Program Files\dotnet\sdk\5.0.402\Extensions\Microsoft.VisualStudio.TestPlatform.Extensions.Html.TestLogger.dll
C:\Program Files\dotnet\sdk\5.0.402\Extensions\Microsoft.VisualStudio.TestPlatform.Extensions.Trx.TestLogger.dll
TpTrace Verbose: 0 : 75824, 1, 2021/10/23, 10:56:53.758, 4847888851631, vstest.console.dll, TestPluginCache.GetExtensionPaths: Added unfilterableExtensionPaths: 
TpTrace Information: 0 : 75824, 1, 2021/10/23, 10:56:53.758, 4847888857970, vstest.console.dll, AssemblyResolver.ctor: Creating AssemblyResolver with searchDirectories C:\Program Files\dotnet\sdk\5.0.402\Extensions,C:\Program Files\dotnet\sdk\5.0.402
TpTrace Verbose: 0 : 75824, 1, 2021/10/23, 10:56:53.759, 4847888865644, vstest.console.dll, TestPluginCache.DiscoverTestExtensions: Discovering the extensions using extension path.
TpTrace Verbose: 0 : 75824, 1, 2021/10/23, 10:56:53.759, 4847888866603, vstest.console.dll, TestPluginCache.GetExtensionPaths: Filtered extension paths: 
TpTrace Verbose: 0 : 75824, 1, 2021/10/23, 10:56:53.759, 4847888867047, vstest.console.dll, TestPluginCache.GetExtensionPaths: Added default extension paths: C:\Program Files\dotnet\sdk\5.0.402\Extensions\Microsoft.Diagnostics.NETCore.Client.dll
C:\Program Files\dotnet\sdk\5.0.402\Extensions\Microsoft.TestPlatform.Extensions.BlameDataCollector.dll
C:\Program Files\dotnet\sdk\5.0.402\Extensions\Microsoft.TestPlatform.Extensions.EventLogCollector.dll
C:\Program Files\dotnet\sdk\5.0.402\Extensions\Microsoft.TestPlatform.TestHostRuntimeProvider.dll
C:\Program Files\dotnet\sdk\5.0.402\Extensions\Microsoft.VisualStudio.TestPlatform.Extensions.Html.TestLogger.dll
C:\Program Files\dotnet\sdk\5.0.402\Extensions\Microsoft.VisualStudio.TestPlatform.Extensions.Trx.TestLogger.dll
TpTrace Verbose: 0 : 75824, 1, 2021/10/23, 10:56:53.759, 4847888867299, vstest.console.dll, TestPluginCache.GetExtensionPaths: Added unfilterableExtensionPaths: 
TpTrace Verbose: 0 : 75824, 1, 2021/10/23, 10:56:53.759, 4847888867753, vstest.console.dll, TestPluginCache.DiscoverTestExtensions: Discovering the extensions using allExtensionPaths: C:\Program Files\dotnet\sdk\5.0.402\Extensions\Microsoft.Diagnostics.NETCore.Client.dll
C:\Program Files\dotnet\sdk\5.0.402\Extensions\Microsoft.TestPlatform.Extensions.BlameDataCollector.dll
C:\Program Files\dotnet\sdk\5.0.402\Extensions\Microsoft.TestPlatform.Extensions.EventLogCollector.dll
C:\Program Files\dotnet\sdk\5.0.402\Extensions\Microsoft.TestPlatform.TestHostRuntimeProvider.dll
C:\Program Files\dotnet\sdk\5.0.402\Extensions\Microsoft.VisualStudio.TestPlatform.Extensions.Html.TestLogger.dll
C:\Program Files\dotnet\sdk\5.0.402\Extensions\Microsoft.VisualStudio.TestPlatform.Extensions.Trx.TestLogger.dll
TpTrace Information: 0 : 75824, 1, 2021/10/23, 10:56:53.760, 4847888868924, vstest.console.dll, AssemblyResolver.AddSearchDirectories: Adding more searchDirectories C:\Program Files\dotnet\sdk\5.0.402\Extensions,C:\Program Files\dotnet\sdk\5.0.402
TpTrace Information: 0 : 75824, 1, 2021/10/23, 10:56:53.760, 4847888869556, vstest.console.dll, AssemblyResolver.AddSearchDirectories: Adding more searchDirectories C:\Program Files\dotnet\sdk\5.0.402\Extensions,C:\Program Files\dotnet\sdk\5.0.402
TpTrace Information: 0 : 75824, 1, 2021/10/23, 10:56:53.760, 4847888869918, vstest.console.dll, AssemblyResolver.AddSearchDirectories: Adding more searchDirectories C:\Program Files\dotnet\sdk\5.0.402\Extensions,C:\Program Files\dotnet\sdk\5.0.402
TpTrace Information: 0 : 75824, 1, 2021/10/23, 10:56:53.760, 4847888870149, vstest.console.dll, AssemblyResolver.AddSearchDirectories: Adding more searchDirectories C:\Program Files\dotnet\sdk\5.0.402\Extensions,C:\Program Files\dotnet\sdk\5.0.402
TpTrace Information: 0 : 75824, 1, 2021/10/23, 10:56:53.760, 4847888870407, vstest.console.dll, AssemblyResolver.AddSearchDirectories: Adding more searchDirectories C:\Program Files\dotnet\sdk\5.0.402\Extensions,C:\Program Files\dotnet\sdk\5.0.402
TpTrace Information: 0 : 75824, 1, 2021/10/23, 10:56:53.760, 4847888870626, vstest.console.dll, AssemblyResolver.AddSearchDirectories: Adding more searchDirectories C:\Program Files\dotnet\sdk\5.0.402\Extensions,C:\Program Files\dotnet\sdk\5.0.402
TpTrace Information: 0 : 75824, 1, 2021/10/23, 10:56:53.760, 4847888873150, vstest.console.dll, AssemblyResolver.OnResolve: Microsoft.Diagnostics.NETCore.Client: Resolving assembly.
TpTrace Information: 0 : 75824, 1, 2021/10/23, 10:56:53.760, 4847888873643, vstest.console.dll, AssemblyResolver.OnResolve: Microsoft.Diagnostics.NETCore.Client: Searching in: 'C:\Program Files\dotnet\sdk\5.0.402\Extensions'.
TpTrace Information: 0 : 75824, 1, 2021/10/23, 10:56:53.762, 4847888889570, vstest.console.dll, AssemblyResolver.OnResolve: Microsoft.Diagnostics.NETCore.Client: Loading assembly 'C:\Program Files\dotnet\sdk\5.0.402\Extensions\Microsoft.Diagnostics.NETCore.Client.dll'.
TpTrace Information: 0 : 75824, 1, 2021/10/23, 10:56:53.764, 4847888911892, vstest.console.dll, AssemblyResolver.OnResolve: Resolved assembly: Microsoft.Diagnostics.NETCore.Client, from path: C:\Program Files\dotnet\sdk\5.0.402\Extensions\Microsoft.Diagnostics.NETCore.Client.dll
TpTrace Information: 0 : 75824, 1, 2021/10/23, 10:56:53.766, 4847888936225, vstest.console.dll, AssemblyResolver.OnResolve: Microsoft.Bcl.AsyncInterfaces: Resolving assembly.
TpTrace Information: 0 : 75824, 1, 2021/10/23, 10:56:53.766, 4847888936907, vstest.console.dll, AssemblyResolver.OnResolve: Microsoft.Bcl.AsyncInterfaces: Searching in: 'C:\Program Files\dotnet\sdk\5.0.402\Extensions'.
TpTrace Information: 0 : 75824, 1, 2021/10/23, 10:56:53.766, 4847888937967, vstest.console.dll, AssemblyResolver.OnResolve: Microsoft.Bcl.AsyncInterfaces: Assembly path does not exist: 'C:\Program Files\dotnet\sdk\5.0.402\Extensions\Microsoft.Bcl.AsyncInterfaces.dll', returning.
TpTrace Information: 0 : 75824, 1, 2021/10/23, 10:56:53.767, 4847888938876, vstest.console.dll, AssemblyResolver.OnResolve: Microsoft.Bcl.AsyncInterfaces: Assembly path does not exist: 'C:\Program Files\dotnet\sdk\5.0.402\Extensions\Microsoft.Bcl.AsyncInterfaces.exe', returning.
TpTrace Information: 0 : 75824, 1, 2021/10/23, 10:56:53.767, 4847888939196, vstest.console.dll, AssemblyResolver.OnResolve: Microsoft.Bcl.AsyncInterfaces: Searching in: 'C:\Program Files\dotnet\sdk\5.0.402'.
TpTrace Information: 0 : 75824, 1, 2021/10/23, 10:56:53.767, 4847888940037, vstest.console.dll, AssemblyResolver.OnResolve: Microsoft.Bcl.AsyncInterfaces: Assembly path does not exist: 'C:\Program Files\dotnet\sdk\5.0.402\Microsoft.Bcl.AsyncInterfaces.dll', returning.
TpTrace Information: 0 : 75824, 1, 2021/10/23, 10:56:53.767, 4847888940865, vstest.console.dll, AssemblyResolver.OnResolve: Microsoft.Bcl.AsyncInterfaces: Assembly path does not exist: 'C:\Program Files\dotnet\sdk\5.0.402\Microsoft.Bcl.AsyncInterfaces.exe', returning.
TpTrace Information: 0 : 75824, 1, 2021/10/23, 10:56:53.767, 4847888941541, vstest.console.dll, AssemblyResolver.OnResolve: Microsoft.Bcl.AsyncInterfaces: Failed to load assembly.
TpTrace Verbose: 0 : 75824, 1, 2021/10/23, 10:56:53.767, 4847888941961, vstest.console.dll, CurrentDomainAssemblyResolve: Resolving assembly 'Microsoft.Bcl.AsyncInterfaces'.
TpTrace Information: 0 : 75824, 1, 2021/10/23, 10:56:53.767, 4847888942480, vstest.console.dll, AssemblyResolver.OnResolve: Microsoft.Bcl.AsyncInterfaces: Resolving assembly.
TpTrace Information: 0 : 75824, 1, 2021/10/23, 10:56:53.767, 4847888942792, vstest.console.dll, AssemblyResolver.OnResolve: Microsoft.Bcl.AsyncInterfaces: Resolved from cache.
TpTrace Verbose: 0 : 75824, 1, 2021/10/23, 10:56:53.767, 4847888943029, vstest.console.dll, CurrentDomainAssemblyResolve: Resolving assembly 'Microsoft.Bcl.AsyncInterfaces'.
TpTrace Verbose: 0 : 75824, 1, 2021/10/23, 10:56:53.767, 4847888943294, vstest.console.dll, CurrentDomainAssemblyResolve: Failed to resolve assembly 'Microsoft.Bcl.AsyncInterfaces'.
TpTrace Verbose: 0 : 75824, 1, 2021/10/23, 10:56:53.768, 4847888950600, vstest.console.dll, CurrentDomainAssemblyResolve: Failed to resolve assembly 'Microsoft.Bcl.AsyncInterfaces'.
TpTrace Warning: 0 : 75824, 1, 2021/10/23, 10:56:53.797, 4847889239492, vstest.console.dll, TestPluginDiscoverer: Failed to get types from assembly 'Microsoft.Diagnostics.NETCore.Client, Version=0.2.2.41902, Culture=neutral, PublicKeyToken=31bf3856ad364e35'.  Skipping test extension scan for this assembly.  Error: System.Reflection.ReflectionTypeLoadException: Unable to load one or more of the requested types.
Could not load file or assembly 'Microsoft.Bcl.AsyncInterfaces, Version=1.0.0.0, Culture=neutral, PublicKeyToken=cc7b13ffcd2ddd51'. 系统找不到指定的文件。
   at System.Reflection.RuntimeModule.GetTypes(RuntimeModule module)
   at System.Reflection.RuntimeModule.GetTypes()
   at System.Reflection.Assembly.GetTypes()
   at Microsoft.VisualStudio.TestPlatform.Common.ExtensionFramework.TestPluginDiscoverer.GetTestExtensionsFromAssembly[TPluginInfo,TExtension](Assembly assembly, Dictionary`2 pluginInfos)
System.IO.FileNotFoundException: Could not load file or assembly 'Microsoft.Bcl.AsyncInterfaces, Version=1.0.0.0, Culture=neutral, PublicKeyToken=cc7b13ffcd2ddd51'. 系统找不到指定的文件。
File name: 'Microsoft.Bcl.AsyncInterfaces, Version=1.0.0.0, Culture=neutral, PublicKeyToken=cc7b13ffcd2ddd51'
TpTrace Warning: 0 : 75824, 1, 2021/10/23, 10:56:53.797, 4847889241782, vstest.console.dll, LoaderExceptions: System.IO.FileNotFoundException: Could not load file or assembly 'Microsoft.Bcl.AsyncInterfaces, Version=1.0.0.0, Culture=neutral, PublicKeyToken=cc7b13ffcd2ddd51'. 系统找不到指定的文件。
File name: 'Microsoft.Bcl.AsyncInterfaces, Version=1.0.0.0, Culture=neutral, PublicKeyToken=cc7b13ffcd2ddd51'
TpTrace Information: 0 : 75824, 1, 2021/10/23, 10:56:53.797, 4847889242844, vstest.console.dll, AssemblyResolver.OnResolve: Microsoft.TestPlatform.Extensions.BlameDataCollector: Resolving assembly.
TpTrace Information: 0 : 75824, 1, 2021/10/23, 10:56:53.797, 4847889243185, vstest.console.dll, AssemblyResolver.OnResolve: Microsoft.TestPlatform.Extensions.BlameDataCollector: Searching in: 'C:\Program Files\dotnet\sdk\5.0.402\Extensions'.
TpTrace Information: 0 : 75824, 1, 2021/10/23, 10:56:53.798, 4847889255069, vstest.console.dll, AssemblyResolver.OnResolve: Microsoft.TestPlatform.Extensions.BlameDataCollector: Loading assembly 'C:\Program Files\dotnet\sdk\5.0.402\Extensions\Microsoft.TestPlatform.Extensions.BlameDataCollector.dll'.
TpTrace Information: 0 : 75824, 1, 2021/10/23, 10:56:53.799, 4847889262917, vstest.console.dll, AssemblyResolver.OnResolve: Resolved assembly: Microsoft.TestPlatform.Extensions.BlameDataCollector, from path: C:\Program Files\dotnet\sdk\5.0.402\Extensions\Microsoft.TestPlatform.Extensions.BlameDataCollector.dll
TpTrace Information: 0 : 75824, 1, 2021/10/23, 10:56:53.800, 4847889274714, vstest.console.dll, AssemblyResolver.OnResolve: Microsoft.TestPlatform.Extensions.EventLogCollector: Resolving assembly.
TpTrace Information: 0 : 75824, 1, 2021/10/23, 10:56:53.800, 4847889275309, vstest.console.dll, AssemblyResolver.OnResolve: Microsoft.TestPlatform.Extensions.EventLogCollector: Searching in: 'C:\Program Files\dotnet\sdk\5.0.402\Extensions'.
TpTrace Information: 0 : 75824, 1, 2021/10/23, 10:56:53.801, 4847889281074, vstest.console.dll, AssemblyResolver.OnResolve: Microsoft.TestPlatform.Extensions.EventLogCollector: Loading assembly 'C:\Program Files\dotnet\sdk\5.0.402\Extensions\Microsoft.TestPlatform.Extensions.EventLogCollector.dll'.
TpTrace Information: 0 : 75824, 1, 2021/10/23, 10:56:53.801, 4847889285673, vstest.console.dll, AssemblyResolver.OnResolve: Resolved assembly: Microsoft.TestPlatform.Extensions.EventLogCollector, from path: C:\Program Files\dotnet\sdk\5.0.402\Extensions\Microsoft.TestPlatform.Extensions.EventLogCollector.dll
TpTrace Information: 0 : 75824, 1, 2021/10/23, 10:56:53.803, 4847889305383, vstest.console.dll, AssemblyResolver.OnResolve: Microsoft.TestPlatform.TestHostRuntimeProvider: Resolving assembly.
TpTrace Information: 0 : 75824, 1, 2021/10/23, 10:56:53.803, 4847889306133, vstest.console.dll, AssemblyResolver.OnResolve: Microsoft.TestPlatform.TestHostRuntimeProvider: Searching in: 'C:\Program Files\dotnet\sdk\5.0.402\Extensions'.
TpTrace Information: 0 : 75824, 1, 2021/10/23, 10:56:53.804, 4847889315292, vstest.console.dll, AssemblyResolver.OnResolve: Microsoft.TestPlatform.TestHostRuntimeProvider: Loading assembly 'C:\Program Files\dotnet\sdk\5.0.402\Extensions\Microsoft.TestPlatform.TestHostRuntimeProvider.dll'.
TpTrace Information: 0 : 75824, 1, 2021/10/23, 10:56:53.805, 4847889322254, vstest.console.dll, AssemblyResolver.OnResolve: Resolved assembly: Microsoft.TestPlatform.TestHostRuntimeProvider, from path: C:\Program Files\dotnet\sdk\5.0.402\Extensions\Microsoft.TestPlatform.TestHostRuntimeProvider.dll
TpTrace Information: 0 : 75824, 1, 2021/10/23, 10:56:53.806, 4847889337019, vstest.console.dll, AssemblyResolver.OnResolve: Microsoft.VisualStudio.TestPlatform.Extensions.Html.TestLogger: Resolving assembly.
TpTrace Information: 0 : 75824, 1, 2021/10/23, 10:56:53.806, 4847889337954, vstest.console.dll, AssemblyResolver.OnResolve: Microsoft.VisualStudio.TestPlatform.Extensions.Html.TestLogger: Searching in: 'C:\Program Files\dotnet\sdk\5.0.402\Extensions'.
TpTrace Information: 0 : 75824, 1, 2021/10/23, 10:56:53.807, 4847889345673, vstest.console.dll, AssemblyResolver.OnResolve: Microsoft.VisualStudio.TestPlatform.Extensions.Html.TestLogger: Loading assembly 'C:\Program Files\dotnet\sdk\5.0.402\Extensions\Microsoft.VisualStudio.TestPlatform.Extensions.Html.TestLogger.dll'.
TpTrace Information: 0 : 75824, 1, 2021/10/23, 10:56:53.808, 4847889357305, vstest.console.dll, AssemblyResolver.OnResolve: Resolved assembly: Microsoft.VisualStudio.TestPlatform.Extensions.Html.TestLogger, from path: C:\Program Files\dotnet\sdk\5.0.402\Extensions\Microsoft.VisualStudio.TestPlatform.Extensions.Html.TestLogger.dll
TpTrace Information: 0 : 75824, 1, 2021/10/23, 10:56:53.809, 4847889360768, vstest.console.dll, AssemblyResolver.OnResolve: Microsoft.VisualStudio.TestPlatform.Extensions.Trx.TestLogger: Resolving assembly.
TpTrace Information: 0 : 75824, 1, 2021/10/23, 10:56:53.809, 4847889361221, vstest.console.dll, AssemblyResolver.OnResolve: Microsoft.VisualStudio.TestPlatform.Extensions.Trx.TestLogger: Searching in: 'C:\Program Files\dotnet\sdk\5.0.402\Extensions'.
TpTrace Information: 0 : 75824, 1, 2021/10/23, 10:56:53.810, 4847889373640, vstest.console.dll, AssemblyResolver.OnResolve: Microsoft.VisualStudio.TestPlatform.Extensions.Trx.TestLogger: Loading assembly 'C:\Program Files\dotnet\sdk\5.0.402\Extensions\Microsoft.VisualStudio.TestPlatform.Extensions.Trx.TestLogger.dll'.
TpTrace Information: 0 : 75824, 1, 2021/10/23, 10:56:53.811, 4847889387044, vstest.console.dll, AssemblyResolver.OnResolve: Resolved assembly: Microsoft.VisualStudio.TestPlatform.Extensions.Trx.TestLogger, from path: C:\Program Files\dotnet\sdk\5.0.402\Extensions\Microsoft.VisualStudio.TestPlatform.Extensions.Trx.TestLogger.dll
TpTrace Verbose: 0 : 75824, 1, 2021/10/23, 10:56:53.812, 4847889391971, vstest.console.dll, TestPluginCache: Discovered the extensions using extension path ''.
TpTrace Verbose: 0 : 75824, 1, 2021/10/23, 10:56:53.812, 4847889392451, vstest.console.dll, TestPluginCache: Discoverers are ''.
TpTrace Verbose: 0 : 75824, 1, 2021/10/23, 10:56:53.812, 4847889392726, vstest.console.dll, TestPluginCache: Executors are ''.
TpTrace Verbose: 0 : 75824, 1, 2021/10/23, 10:56:53.812, 4847889392919, vstest.console.dll, TestPluginCache: Executors2 are ''.
TpTrace Verbose: 0 : 75824, 1, 2021/10/23, 10:56:53.812, 4847889393103, vstest.console.dll, TestPluginCache: Setting providers are ''.
TpTrace Verbose: 0 : 75824, 1, 2021/10/23, 10:56:53.812, 4847889393288, vstest.console.dll, TestPluginCache: Loggers are ''.
TpTrace Information: 0 : 75824, 1, 2021/10/23, 10:56:53.817, 4847889442008, vstest.console.dll, RunTestsArgumentProcessor:Execute: Test run is starting.
TpTrace Verbose: 0 : 75824, 1, 2021/10/23, 10:56:53.817, 4847889443024, vstest.console.dll, RunTestsArgumentProcessor:Execute: Queuing Test run.
TpTrace Information: 0 : 75824, 1, 2021/10/23, 10:56:53.817, 4847889445142, vstest.console.dll, TestRequestManager.RunTests: run tests started.
TpTrace Information: 0 : 75824, 1, 2021/10/23, 10:56:53.821, 4847889484066, vstest.console.dll, AssemblyMetadataProvider.GetFrameWork: Determined framework:'.NETCoreApp,Version=v5.0' for source: 'D:\PairCoding\pair-coding-project-a_team\ExercisesGenerator\ToolsUnitTest\bin\Release\net5.0\fine-code-coverage\build-output\ToolsUnitTest.dll'
TpTrace Information: 0 : 75824, 1, 2021/10/23, 10:56:53.821, 4847889487171, vstest.console.dll, Determined framework for all sources: .NETCoreApp,Version=v5.0
TpTrace Information: 0 : 75824, 1, 2021/10/23, 10:56:53.822, 4847889494523, vstest.console.dll, AssemblyMetadataProvider.GetArchitecture: Determined architecture:AnyCPU info for assembly: D:\PairCoding\pair-coding-project-a_team\ExercisesGenerator\ToolsUnitTest\bin\Release\net5.0\fine-code-coverage\build-output\ToolsUnitTest.dll
TpTrace Information: 0 : 75824, 1, 2021/10/23, 10:56:53.825, 4847889520938, vstest.console.dll, Determined platform for all sources: X64
TpTrace Information: 0 : 75824, 1, 2021/10/23, 10:56:53.827, 4847889543913, vstest.console.dll, Compatible sources list : 
TpTrace Information: 0 : 75824, 1, 2021/10/23, 10:56:53.827, 4847889544664, vstest.console.dll, D:\PairCoding\pair-coding-project-a_team\ExercisesGenerator\ToolsUnitTest\bin\Release\net5.0\fine-code-coverage\build-output\ToolsUnitTest.dll
TpTrace Information: 0 : 75824, 1, 2021/10/23, 10:56:53.830, 4847889571838, vstest.console.dll, InferRunSettingsHelper.IsTestSettingsEnabled: Unable to navigate to RunSettings/MSTest. Current node: RunSettings
TpTrace Information: 0 : 75824, 1, 2021/10/23, 10:56:53.831, 4847889579763, vstest.console.dll, AssemblyResolver.OnResolve: Microsoft.VisualStudio.TestPlatform.Fakes: Resolving assembly.
TpTrace Information: 0 : 75824, 1, 2021/10/23, 10:56:53.831, 4847889580917, vstest.console.dll, AssemblyResolver.OnResolve: Microsoft.VisualStudio.TestPlatform.Fakes: Searching in: 'C:\Program Files\dotnet\sdk\5.0.402\Extensions'.
TpTrace Information: 0 : 75824, 1, 2021/10/23, 10:56:53.831, 4847889582861, vstest.console.dll, AssemblyResolver.OnResolve: Microsoft.VisualStudio.TestPlatform.Fakes: Assembly path does not exist: 'C:\Program Files\dotnet\sdk\5.0.402\Extensions\Microsoft.VisualStudio.TestPlatform.Fakes.dll', returning.
TpTrace Information: 0 : 75824, 1, 2021/10/23, 10:56:53.831, 4847889583817, vstest.console.dll, AssemblyResolver.OnResolve: Microsoft.VisualStudio.TestPlatform.Fakes: Assembly path does not exist: 'C:\Program Files\dotnet\sdk\5.0.402\Extensions\Microsoft.VisualStudio.TestPlatform.Fakes.exe', returning.
TpTrace Information: 0 : 75824, 1, 2021/10/23, 10:56:53.831, 4847889584166, vstest.console.dll, AssemblyResolver.OnResolve: Microsoft.VisualStudio.TestPlatform.Fakes: Searching in: 'C:\Program Files\dotnet\sdk\5.0.402'.
TpTrace Information: 0 : 75824, 1, 2021/10/23, 10:56:53.831, 4847889585165, vstest.console.dll, AssemblyResolver.OnResolve: Microsoft.VisualStudio.TestPlatform.Fakes: Assembly path does not exist: 'C:\Program Files\dotnet\sdk\5.0.402\Microsoft.VisualStudio.TestPlatform.Fakes.dll', returning.
TpTrace Information: 0 : 75824, 1, 2021/10/23, 10:56:53.831, 4847889586039, vstest.console.dll, AssemblyResolver.OnResolve: Microsoft.VisualStudio.TestPlatform.Fakes: Assembly path does not exist: 'C:\Program Files\dotnet\sdk\5.0.402\Microsoft.VisualStudio.TestPlatform.Fakes.exe', returning.
TpTrace Information: 0 : 75824, 1, 2021/10/23, 10:56:53.831, 4847889586328, vstest.console.dll, AssemblyResolver.OnResolve: Microsoft.VisualStudio.TestPlatform.Fakes: Failed to load assembly.
TpTrace Information: 0 : 75824, 1, 2021/10/23, 10:56:53.832, 4847889594960, vstest.console.dll, Failed to create newly implemented Fakes Configurator. Reason:System.IO.FileNotFoundException: Could not load file or assembly 'Microsoft.VisualStudio.TestPlatform.Fakes, Version=16.0.0.0, Culture=neutral, PublicKeyToken=null'. 系统找不到指定的文件。
File name: 'Microsoft.VisualStudio.TestPlatform.Fakes, Version=16.0.0.0, Culture=neutral, PublicKeyToken=null'
   at System.Reflection.RuntimeAssembly.InternalLoad(ObjectHandleOnStack assemblyName, ObjectHandleOnStack requestingAssembly, StackCrawlMarkHandle stackMark, Boolean throwOnFileNotFound, ObjectHandleOnStack assemblyLoadContext, ObjectHandleOnStack retAssembly)
   at System.Reflection.RuntimeAssembly.InternalLoad(AssemblyName assemblyName, RuntimeAssembly requestingAssembly, StackCrawlMark& stackMark, Boolean throwOnFileNotFound, AssemblyLoadContext assemblyLoadContext)
   at System.Reflection.Assembly.Load(AssemblyName assemblyRef)
   at Microsoft.VisualStudio.TestPlatform.Common.Utilities.FakesUtilities.TryGetFakesCrossPlatformDataCollectorConfigurator() 
TpTrace Verbose: 0 : 75824, 1, 2021/10/23, 10:56:53.837, 4847889639492, vstest.console.dll, TestPluginCache.DiscoverTestExtensions: finding test extensions in assemblies ends with: TestLogger.dll TPluginInfo: Microsoft.VisualStudio.TestPlatform.Common.ExtensionFramework.Utilities.TestLoggerPluginInformation TExtension: Microsoft.VisualStudio.TestPlatform.ObjectModel.Client.ITestLogger
TpTrace Verbose: 0 : 75824, 1, 2021/10/23, 10:56:53.837, 4847889643360, vstest.console.dll, TestPluginCache.GetExtensionPaths: Filtered extension paths: 
TpTrace Verbose: 0 : 75824, 1, 2021/10/23, 10:56:53.837, 4847889643730, vstest.console.dll, TestPluginCache.GetExtensionPaths: Added default extension paths: C:\Program Files\dotnet\sdk\5.0.402\Extensions\Microsoft.Diagnostics.NETCore.Client.dll
C:\Program Files\dotnet\sdk\5.0.402\Extensions\Microsoft.TestPlatform.Extensions.BlameDataCollector.dll
C:\Program Files\dotnet\sdk\5.0.402\Extensions\Microsoft.TestPlatform.Extensions.EventLogCollector.dll
C:\Program Files\dotnet\sdk\5.0.402\Extensions\Microsoft.TestPlatform.TestHostRuntimeProvider.dll
C:\Program Files\dotnet\sdk\5.0.402\Extensions\Microsoft.VisualStudio.TestPlatform.Extensions.Html.TestLogger.dll
C:\Program Files\dotnet\sdk\5.0.402\Extensions\Microsoft.VisualStudio.TestPlatform.Extensions.Trx.TestLogger.dll
TpTrace Verbose: 0 : 75824, 1, 2021/10/23, 10:56:53.837, 4847889644929, vstest.console.dll, TestPluginCache.GetExtensionPaths: Added unfilterableExtensionPaths: 
TpTrace Information: 0 : 75824, 1, 2021/10/23, 10:56:53.837, 4847889647852, vstest.console.dll, AssemblyResolver.AddSearchDirectories: Adding more searchDirectories C:\Program Files\dotnet\sdk\5.0.402\Extensions,C:\Program Files\dotnet\sdk\5.0.402
TpTrace Verbose: 0 : 75824, 1, 2021/10/23, 10:56:53.838, 4847889648466, vstest.console.dll, TestPluginCache.DiscoverTestExtensions: Discovering the extensions using extension path.
TpTrace Verbose: 0 : 75824, 1, 2021/10/23, 10:56:53.838, 4847889648847, vstest.console.dll, TestPluginCache.GetExtensionPaths: Filtered extension paths: 
TpTrace Verbose: 0 : 75824, 1, 2021/10/23, 10:56:53.838, 4847889649246, vstest.console.dll, TestPluginCache.GetExtensionPaths: Added default extension paths: C:\Program Files\dotnet\sdk\5.0.402\Extensions\Microsoft.Diagnostics.NETCore.Client.dll
C:\Program Files\dotnet\sdk\5.0.402\Extensions\Microsoft.TestPlatform.Extensions.BlameDataCollector.dll
C:\Program Files\dotnet\sdk\5.0.402\Extensions\Microsoft.TestPlatform.Extensions.EventLogCollector.dll
C:\Program Files\dotnet\sdk\5.0.402\Extensions\Microsoft.TestPlatform.TestHostRuntimeProvider.dll
C:\Program Files\dotnet\sdk\5.0.402\Extensions\Microsoft.VisualStudio.TestPlatform.Extensions.Html.TestLogger.dll
C:\Program Files\dotnet\sdk\5.0.402\Extensions\Microsoft.VisualStudio.TestPlatform.Extensions.Trx.TestLogger.dll
TpTrace Verbose: 0 : 75824, 1, 2021/10/23, 10:56:53.838, 4847889649568, vstest.console.dll, TestPluginCache.GetExtensionPaths: Added unfilterableExtensionPaths: 
TpTrace Verbose: 0 : 75824, 1, 2021/10/23, 10:56:53.838, 4847889649937, vstest.console.dll, TestPluginCache.DiscoverTestExtensions: Discovering the extensions using allExtensionPaths: C:\Program Files\dotnet\sdk\5.0.402\Extensions\Microsoft.Diagnostics.NETCore.Client.dll
C:\Program Files\dotnet\sdk\5.0.402\Extensions\Microsoft.TestPlatform.Extensions.BlameDataCollector.dll
C:\Program Files\dotnet\sdk\5.0.402\Extensions\Microsoft.TestPlatform.Extensions.EventLogCollector.dll
C:\Program Files\dotnet\sdk\5.0.402\Extensions\Microsoft.TestPlatform.TestHostRuntimeProvider.dll
C:\Program Files\dotnet\sdk\5.0.402\Extensions\Microsoft.VisualStudio.TestPlatform.Extensions.Html.TestLogger.dll
C:\Program Files\dotnet\sdk\5.0.402\Extensions\Microsoft.VisualStudio.TestPlatform.Extensions.Trx.TestLogger.dll
TpTrace Information: 0 : 75824, 1, 2021/10/23, 10:56:53.838, 4847889650440, vstest.console.dll, AssemblyResolver.AddSearchDirectories: Adding more searchDirectories C:\Program Files\dotnet\sdk\5.0.402\Extensions,C:\Program Files\dotnet\sdk\5.0.402
TpTrace Information: 0 : 75824, 1, 2021/10/23, 10:56:53.838, 4847889650822, vstest.console.dll, AssemblyResolver.AddSearchDirectories: Adding more searchDirectories C:\Program Files\dotnet\sdk\5.0.402\Extensions,C:\Program Files\dotnet\sdk\5.0.402
TpTrace Information: 0 : 75824, 1, 2021/10/23, 10:56:53.838, 4847889651129, vstest.console.dll, AssemblyResolver.AddSearchDirectories: Adding more searchDirectories C:\Program Files\dotnet\sdk\5.0.402\Extensions,C:\Program Files\dotnet\sdk\5.0.402
TpTrace Information: 0 : 75824, 1, 2021/10/23, 10:56:53.838, 4847889651445, vstest.console.dll, AssemblyResolver.AddSearchDirectories: Adding more searchDirectories C:\Program Files\dotnet\sdk\5.0.402\Extensions,C:\Program Files\dotnet\sdk\5.0.402
TpTrace Information: 0 : 75824, 1, 2021/10/23, 10:56:53.838, 4847889655377, vstest.console.dll, AssemblyResolver.AddSearchDirectories: Adding more searchDirectories C:\Program Files\dotnet\sdk\5.0.402\Extensions,C:\Program Files\dotnet\sdk\5.0.402
TpTrace Information: 0 : 75824, 1, 2021/10/23, 10:56:53.838, 4847889656684, vstest.console.dll, AssemblyResolver.AddSearchDirectories: Adding more searchDirectories C:\Program Files\dotnet\sdk\5.0.402\Extensions,C:\Program Files\dotnet\sdk\5.0.402
TpTrace Information: 0 : 75824, 1, 2021/10/23, 10:56:53.839, 4847889666510, vstest.console.dll, AssemblyResolver.OnResolve: Microsoft.Bcl.AsyncInterfaces: Resolving assembly.
TpTrace Information: 0 : 75824, 1, 2021/10/23, 10:56:53.839, 4847889667740, vstest.console.dll, AssemblyResolver.OnResolve: Microsoft.Bcl.AsyncInterfaces: Resolved from cache.
TpTrace Verbose: 0 : 75824, 1, 2021/10/23, 10:56:53.840, 4847889668419, vstest.console.dll, CurrentDomainAssemblyResolve: Resolving assembly 'Microsoft.Bcl.AsyncInterfaces'.
TpTrace Information: 0 : 75824, 1, 2021/10/23, 10:56:53.840, 4847889669231, vstest.console.dll, AssemblyResolver.OnResolve: Microsoft.Bcl.AsyncInterfaces: Resolving assembly.
TpTrace Information: 0 : 75824, 1, 2021/10/23, 10:56:53.840, 4847889670297, vstest.console.dll, AssemblyResolver.OnResolve: Microsoft.Bcl.AsyncInterfaces: Resolved from cache.
TpTrace Verbose: 0 : 75824, 1, 2021/10/23, 10:56:53.840, 4847889670951, vstest.console.dll, CurrentDomainAssemblyResolve: Resolving assembly 'Microsoft.Bcl.AsyncInterfaces'.
TpTrace Verbose: 0 : 75824, 1, 2021/10/23, 10:56:53.840, 4847889671494, vstest.console.dll, CurrentDomainAssemblyResolve: Failed to resolve assembly 'Microsoft.Bcl.AsyncInterfaces'.
TpTrace Verbose: 0 : 75824, 1, 2021/10/23, 10:56:53.840, 4847889673569, vstest.console.dll, CurrentDomainAssemblyResolve: Failed to resolve assembly 'Microsoft.Bcl.AsyncInterfaces'.
TpTrace Warning: 0 : 75824, 1, 2021/10/23, 10:56:53.840, 4847889677736, vstest.console.dll, TestPluginDiscoverer: Failed to get types from assembly 'Microsoft.Diagnostics.NETCore.Client, Version=0.2.2.41902, Culture=neutral, PublicKeyToken=31bf3856ad364e35'.  Skipping test extension scan for this assembly.  Error: System.Reflection.ReflectionTypeLoadException: Unable to load one or more of the requested types.
Could not load file or assembly 'Microsoft.Bcl.AsyncInterfaces, Version=1.0.0.0, Culture=neutral, PublicKeyToken=cc7b13ffcd2ddd51'. 系统找不到指定的文件。
   at System.Reflection.RuntimeModule.GetTypes(RuntimeModule module)
   at System.Reflection.RuntimeModule.GetTypes()
   at System.Reflection.Assembly.GetTypes()
   at Microsoft.VisualStudio.TestPlatform.Common.ExtensionFramework.TestPluginDiscoverer.GetTestExtensionsFromAssembly[TPluginInfo,TExtension](Assembly assembly, Dictionary`2 pluginInfos)
System.IO.FileNotFoundException: Could not load file or assembly 'Microsoft.Bcl.AsyncInterfaces, Version=1.0.0.0, Culture=neutral, PublicKeyToken=cc7b13ffcd2ddd51'. 系统找不到指定的文件。
File name: 'Microsoft.Bcl.AsyncInterfaces, Version=1.0.0.0, Culture=neutral, PublicKeyToken=cc7b13ffcd2ddd51'
TpTrace Warning: 0 : 75824, 1, 2021/10/23, 10:56:53.841, 4847889678649, vstest.console.dll, LoaderExceptions: System.IO.FileNotFoundException: Could not load file or assembly 'Microsoft.Bcl.AsyncInterfaces, Version=1.0.0.0, Culture=neutral, PublicKeyToken=cc7b13ffcd2ddd51'. 系统找不到指定的文件。
File name: 'Microsoft.Bcl.AsyncInterfaces, Version=1.0.0.0, Culture=neutral, PublicKeyToken=cc7b13ffcd2ddd51'
TpTrace Verbose: 0 : 75824, 1, 2021/10/23, 10:56:53.841, 4847889685071, vstest.console.dll, TestPluginCache: Discovered the extensions using extension path ''.
TpTrace Verbose: 0 : 75824, 1, 2021/10/23, 10:56:53.841, 4847889686326, vstest.console.dll, TestPluginCache: Discoverers are ''.
TpTrace Verbose: 0 : 75824, 1, 2021/10/23, 10:56:53.841, 4847889686890, vstest.console.dll, TestPluginCache: Executors are ''.
TpTrace Verbose: 0 : 75824, 1, 2021/10/23, 10:56:53.841, 4847889687423, vstest.console.dll, TestPluginCache: Executors2 are ''.
TpTrace Verbose: 0 : 75824, 1, 2021/10/23, 10:56:53.842, 4847889688115, vstest.console.dll, TestPluginCache: Setting providers are ''.
TpTrace Verbose: 0 : 75824, 1, 2021/10/23, 10:56:53.842, 4847889690033, vstest.console.dll, TestPluginCache: Loggers are 'logger://Microsoft/TestPlatform/Extensions/Blame/v1,logger://Microsoft/TestPlatform/HtmlLogger/v1,logger://Microsoft/TestPlatform/TrxLogger/v1'.
TpTrace Information: 0 : 75824, 1, 2021/10/23, 10:56:53.843, 4847889702428, vstest.console.dll, TestPluginManager.CreateTestExtension: Attempting to load test extension: Microsoft.TestPlatform.Extensions.BlameDataCollector.BlameLogger
TpTrace Information: 0 : 75824, 1, 2021/10/23, 10:56:53.856, 4847889834358, vstest.console.dll, TestPluginManager.CreateTestExtension: Attempting to load test extension: Microsoft.VisualStudio.TestPlatform.CrossPlatEngine.Hosting.DefaultTestHostManager
TpTrace Information: 0 : 75824, 1, 2021/10/23, 10:56:53.856, 4847889837584, vstest.console.dll, TestPluginManager.CreateTestExtension: Attempting to load test extension: Microsoft.VisualStudio.TestPlatform.CrossPlatEngine.Hosting.DotnetTestHostManager
TpTrace Verbose: 0 : 75824, 1, 2021/10/23, 10:56:53.857, 4847889843264, vstest.console.dll, TestEngine: Initializing Parallel Execution as MaxCpuCount is set to: 1
TpTrace Information: 0 : 75824, 1, 2021/10/23, 10:56:53.857, 4847889847556, vstest.console.dll, InferRunSettingsHelper.IsTestSettingsEnabled: Unable to navigate to RunSettings/MSTest. Current node: RunSettings
TpTrace Verbose: 0 : 75824, 1, 2021/10/23, 10:56:53.887, 4847890138313, vstest.console.dll, TestRequestSender is acting as server
TpTrace Verbose: 0 : 75824, 4, 2021/10/23, 10:56:53.893, 4847890198150, vstest.console.dll, DataCollectionRequestSender.InitializeCommunication : Initialize communication. 
TpTrace Information: 0 : 75824, 4, 2021/10/23, 10:56:53.911, 4847890385705, vstest.console.dll, Listening on Endpoint : 127.0.0.1:63869
TpTrace Verbose: 0 : 75824, 4, 2021/10/23, 10:56:53.927, 4847890543936, vstest.console.dll, DotnetDataCollectionLauncher: Full path of dotnet.exe is C:\Program Files\dotnet\dotnet.exe
TpTrace Verbose: 0 : 75824, 4, 2021/10/23, 10:56:53.927, 4847890546638, vstest.console.dll, DotnetDataCollectionLauncher: Adding  --runtimeconfig "C:\Program Files\dotnet\sdk\5.0.402\datacollector.runtimeconfig.json" in args
TpTrace Verbose: 0 : 75824, 4, 2021/10/23, 10:56:53.928, 4847890548471, vstest.console.dll, DotnetDataCollectionLauncher: Adding  --depsfile "C:\Program Files\dotnet\sdk\5.0.402\datacollector.deps.json" in args
TpTrace Information: 0 : 75824, 4, 2021/10/23, 10:56:53.943, 4847890699597, vstest.console.dll, ProxyDataCollectionManager.Initialize: Launched datacollector processId: 75908 port: 63869
TpTrace Information: 0 : 75824, 4, 2021/10/23, 10:56:53.943, 4847890701596, vstest.console.dll, ProxyDataCollectionManager.Initialize: waiting for connection with timeout: 90 seconds
TpTrace Verbose: 0 : 75824, 4, 2021/10/23, 10:56:53.943, 4847890702570, vstest.console.dll, DataCollectionRequestSender.WaitForRequestHandlerConnection : Waiting for connection with timeout: 90000
TpTrace Information: 0 : 75824, 7, 2021/10/23, 10:56:54.177, 4847893047054, vstest.console.dll, Using the buffer size of 16384 bytes
TpTrace Information: 0 : 75824, 7, 2021/10/23, 10:56:54.177, 4847893047993, vstest.console.dll, Accepted Client request and set the flag
TpTrace Verbose: 0 : 75824, 4, 2021/10/23, 10:56:54.178, 4847893048230, vstest.console.dll, ProxyDataCollectionManager.InvokeDataCollectionServiceAction: Starting.
TpTrace Information: 0 : 75824, 4, 2021/10/23, 10:56:54.178, 4847893049361, vstest.console.dll, ProxyDataCollectionManager.BeforeTestRunStart: Get environment variable and port for datacollector processId: 75908 port: 63869
TpTrace Verbose: 0 : 75824, 4, 2021/10/23, 10:56:54.178, 4847893050584, vstest.console.dll, DataCollectionRequestSender.SendBeforeTestRunStartAndGetResult : Send BeforeTestRunStart message with settingsXml <RunSettings><RunConfiguration><ResultsDirectory>D:\PairCoding\pair-coding-project-a_team\ExercisesGenerator\ToolsUnitTest\bin\Release\net5.0\fine-code-coverage\coverage-tool-output</ResultsDirectory><TargetPlatform>X64</TargetPlatform><TargetFrameworkVersion>.NETCoreApp,Version=v5.0</TargetFrameworkVersion><DesignMode>False</DesignMode><CollectSourceInformation>False</CollectSourceInformation><TestAdaptersPaths>C:\Program Files\dotnet\sdk\5.0.402\Extensions</TestAdaptersPaths></RunConfiguration><LoggerRunSettings><Loggers><Logger friendlyName="blame" enabled="True" /><Logger friendlyName="Console" uri="logger://microsoft/TestPlatform/ConsoleLogger/v1" assemblyQualifiedName="Microsoft.VisualStudio.TestPlatform.CommandLine.Internal.ConsoleLogger, vstest.console, Version=15.0.0.0, Culture=neutral, PublicKeyToken=b03f5f7f11d50a3a" codeBase="C:\Program Files\dotnet\sdk\5.0.402\vstest.console.dll" enabled="True" /></Loggers></LoggerRunSettings><DataCollectionRunSettings><DataCollectors><DataCollector friendlyName="blame" enabled="True"><Configuration><ResultsDirectory>D:\PairCoding\pair-coding-project-a_team\ExercisesGenerator\ToolsUnitTest\bin\Release\net5.0\fine-code-coverage\coverage-tool-output</ResultsDirectory></Configuration></DataCollector></DataCollectors></DataCollectionRunSettings></RunSettings> and sources System.Linq.Enumerable+Concat2Iterator`1[System.String]: 
TpTrace Verbose: 0 : 75824, 4, 2021/10/23, 10:56:54.258, 4847893855659, vstest.console.dll, DataCollectionRequestSender.SendBeforeTestRunStartAndGetResult : Received message: (DataCollection.SendMessage) -> {
  "FriendlyName": null,
  "Uri": null,
  "TestCaseId": "00000000-0000-0000-0000-000000000000",
  "Message": "Logging DataCollector Diagnostics in file: D:\\PairCoding\\pair-coding-project-a_team\\ExercisesGenerator\\ToolsUnitTest\\bin\\Release\\net5.0\\fine-code-coverage\\coverage-tool-output\\diagnostics.datacollector.21-10-23_10-56-53_92252_4.log",
  "Level": 0
}
TpTrace Information: 0 : 75824, 4, 2021/10/23, 10:56:54.268, 4847893952974, vstest.console.dll, AssemblyResolver.OnResolve: Microsoft.VisualStudio.TestPlatform.Common.resources: Resolving assembly.
TpTrace Information: 0 : 75824, 4, 2021/10/23, 10:56:54.268, 4847893954282, vstest.console.dll, AssemblyResolver.OnResolve: Microsoft.VisualStudio.TestPlatform.Common.resources: Searching in: 'C:\Program Files\dotnet\sdk\5.0.402\Extensions'.
TpTrace Information: 0 : 75824, 4, 2021/10/23, 10:56:54.268, 4847893956200, vstest.console.dll, AssemblyResolver.OnResolve: Microsoft.VisualStudio.TestPlatform.Common.resources: Assembly path does not exist: 'C:\Program Files\dotnet\sdk\5.0.402\Extensions\Microsoft.VisualStudio.TestPlatform.Common.resources.dll', returning.
TpTrace Information: 0 : 75824, 4, 2021/10/23, 10:56:54.268, 4847893957824, vstest.console.dll, AssemblyResolver.OnResolve: Microsoft.VisualStudio.TestPlatform.Common.resources: Assembly path does not exist: 'C:\Program Files\dotnet\sdk\5.0.402\Extensions\Microsoft.VisualStudio.TestPlatform.Common.resources.exe', returning.
TpTrace Information: 0 : 75824, 4, 2021/10/23, 10:56:54.269, 4847893958391, vstest.console.dll, AssemblyResolver.OnResolve: Microsoft.VisualStudio.TestPlatform.Common.resources: Searching in: 'C:\Program Files\dotnet\sdk\5.0.402'.
TpTrace Information: 0 : 75824, 4, 2021/10/23, 10:56:54.269, 4847893959845, vstest.console.dll, AssemblyResolver.OnResolve: Microsoft.VisualStudio.TestPlatform.Common.resources: Assembly path does not exist: 'C:\Program Files\dotnet\sdk\5.0.402\Microsoft.VisualStudio.TestPlatform.Common.resources.dll', returning.
TpTrace Information: 0 : 75824, 4, 2021/10/23, 10:56:54.269, 4847893961410, vstest.console.dll, AssemblyResolver.OnResolve: Microsoft.VisualStudio.TestPlatform.Common.resources: Assembly path does not exist: 'C:\Program Files\dotnet\sdk\5.0.402\Microsoft.VisualStudio.TestPlatform.Common.resources.exe', returning.
TpTrace Information: 0 : 75824, 4, 2021/10/23, 10:56:54.269, 4847893961924, vstest.console.dll, AssemblyResolver.OnResolve: Microsoft.VisualStudio.TestPlatform.Common.resources: Failed to load assembly.
TpTrace Verbose: 0 : 75824, 4, 2021/10/23, 10:56:54.486, 4847896129985, vstest.console.dll, DataCollectionRequestSender.SendBeforeTestRunStartAndGetResult : Received message: (DataCollection.BeforeTestRunStartResult) -> {
  "EnvironmentVariables": {},
  "DataCollectionEventsPort": 63872
}
TpTrace Information: 0 : 75824, 4, 2021/10/23, 10:56:54.491, 4847896184720, vstest.console.dll, ProxyDataCollectionManager.BeforeTestRunStart: SendBeforeTestRunStartAndGetResult successful, env variable from datacollector:   and testhost port: 63872
TpTrace Information: 0 : 75824, 4, 2021/10/23, 10:56:54.491, 4847896185829, vstest.console.dll, ProxyDataCollectionManager.InvokeDataCollectionServiceAction: Completed.
TpTrace Verbose: 0 : 75824, 1, 2021/10/23, 10:56:54.492, 4847896188260, vstest.console.dll, TestRunRequest.ExecuteAsync: Creating test run request.
TpTrace Verbose: 0 : 75824, 1, 2021/10/23, 10:56:54.492, 4847896190919, vstest.console.dll, TestRunRequest.ExecuteAsync: Starting.
TpTrace Information: 0 : 75824, 1, 2021/10/23, 10:56:54.492, 4847896193711, vstest.console.dll, TestRunRequest.ExecuteAsync: Starting run with settings:TestRunCriteria:
   KeepAlive=False,FrequencyOfRunStatsChangeEvent=10,RunStatsChangeEventTimeout=00:00:01.5000000,TestCaseFilter=,TestExecutorLauncher=
   Settingsxml=<RunSettings>
  <RunConfiguration>
    <ResultsDirectory>D:\PairCoding\pair-coding-project-a_team\ExercisesGenerator\ToolsUnitTest\bin\Release\net5.0\fine-code-coverage\coverage-tool-output</ResultsDirectory>
    <TargetPlatform>X64</TargetPlatform>
    <TargetFrameworkVersion>.NETCoreApp,Version=v5.0</TargetFrameworkVersion>
    <DesignMode>False</DesignMode>
    <CollectSourceInformation>False</CollectSourceInformation>
  </RunConfiguration>
  <LoggerRunSettings>
    <Loggers>
      <Logger friendlyName="blame" enabled="True" />
      <Logger friendlyName="Console" uri="logger://microsoft/TestPlatform/ConsoleLogger/v1" assemblyQualifiedName="Microsoft.VisualStudio.TestPlatform.CommandLine.Internal.ConsoleLogger, vstest.console, Version=15.0.0.0, Culture=neutral, PublicKeyToken=b03f5f7f11d50a3a" codeBase="C:\Program Files\dotnet\sdk\5.0.402\vstest.console.dll" enabled="True" />
    </Loggers>
  </LoggerRunSettings>
  <DataCollectionRunSettings>
    <DataCollectors>
      <DataCollector friendlyName="blame" enabled="True">
        <Configuration>
          <ResultsDirectory>D:\PairCoding\pair-coding-project-a_team\ExercisesGenerator\ToolsUnitTest\bin\Release\net5.0\fine-code-coverage\coverage-tool-output</ResultsDirectory>
        </Configuration>
      </DataCollector>
    </DataCollectors>
  </DataCollectionRunSettings>
</RunSettings>

TpTrace Verbose: 0 : 75824, 1, 2021/10/23, 10:56:54.492, 4847896194403, vstest.console.dll, TestRunRequest.ExecuteAsync: Wait for the first run request is over.
TpTrace Verbose: 0 : 75824, 1, 2021/10/23, 10:56:54.493, 4847896199031, vstest.console.dll, ParallelProxyExecutionManager: Start execution. Total sources: 1
TpTrace Information: 0 : 75824, 1, 2021/10/23, 10:56:54.493, 4847896205509, vstest.console.dll, ProxyParallelExecutionManager: Triggering test run for next source: D:\PairCoding\pair-coding-project-a_team\ExercisesGenerator\ToolsUnitTest\bin\Release\net5.0\fine-code-coverage\build-output\ToolsUnitTest.dll
TpTrace Verbose: 0 : 75824, 4, 2021/10/23, 10:56:54.497, 4847896243826, vstest.console.dll, ParallelProxyExecutionManager: Execution started. Started clients: 1
TpTrace Verbose: 0 : 75824, 1, 2021/10/23, 10:56:54.497, 4847896244062, vstest.console.dll, ProxyParallelExecutionManager: No sources available for execution.
TpTrace Information: 0 : 75824, 1, 2021/10/23, 10:56:54.497, 4847896246205, vstest.console.dll, TestRunRequest.ExecuteAsync: Started.
TpTrace Verbose: 0 : 75824, 1, 2021/10/23, 10:56:54.497, 4847896247086, vstest.console.dll, TestRunRequest.WaitForCompletion: Waiting with timeout -1.
TpTrace Verbose: 0 : 75824, 4, 2021/10/23, 10:56:54.497, 4847896247699, vstest.console.dll, TestRunRequest:SendTestRunMessage: Starting.
TpTrace Information: 0 : 75824, 4, 2021/10/23, 10:56:54.498, 4847896249048, vstest.console.dll, TestRunRequest:SendTestRunMessage: Completed.
TpTrace Verbose: 0 : 75824, 4, 2021/10/23, 10:56:54.498, 4847896251342, vstest.console.dll, ProxyExecutionManager: Test host is always Lazy initialize.
TpTrace Verbose: 0 : 75824, 4, 2021/10/23, 10:56:54.498, 4847896253798, vstest.console.dll, TestRequestSender.InitializeCommunication: initialize communication. 
TpTrace Information: 0 : 75824, 4, 2021/10/23, 10:56:54.499, 4847896258290, vstest.console.dll, SocketServer.Start: Listening on endpoint : 127.0.0.1:63873
TpTrace Verbose: 0 : 75824, 4, 2021/10/23, 10:56:54.499, 4847896265518, vstest.console.dll, DotnetTestHostmanager: Adding  --runtimeconfig "D:\PairCoding\pair-coding-project-a_team\ExercisesGenerator\ToolsUnitTest\bin\Release\net5.0\fine-code-coverage\build-output\ToolsUnitTest.runtimeconfig.json" in args
TpTrace Verbose: 0 : 75824, 4, 2021/10/23, 10:56:54.499, 4847896266628, vstest.console.dll, DotnetTestHostmanager: Adding  --depsfile "D:\PairCoding\pair-coding-project-a_team\ExercisesGenerator\ToolsUnitTest\bin\Release\net5.0\fine-code-coverage\build-output\ToolsUnitTest.deps.json" in args
TpTrace Verbose: 0 : 75824, 4, 2021/10/23, 10:56:54.500, 4847896268607, vstest.console.dll, DotnetTestHostManager: Testhost.exe/testhost.x86.exe found at path: D:\PairCoding\pair-coding-project-a_team\ExercisesGenerator\ToolsUnitTest\bin\Release\net5.0\fine-code-coverage\build-output\testhost.exe
TpTrace Verbose: 0 : 75824, 4, 2021/10/23, 10:56:54.500, 4847896269090, vstest.console.dll, DotnetTestHostmanager: Full path of host exe is D:\PairCoding\pair-coding-project-a_team\ExercisesGenerator\ToolsUnitTest\bin\Release\net5.0\fine-code-coverage\build-output\testhost.exe
TpTrace Verbose: 0 : 75824, 12, 2021/10/23, 10:56:54.501, 4847896278569, vstest.console.dll, DotnetTestHostManager: Starting process 'D:\PairCoding\pair-coding-project-a_team\ExercisesGenerator\ToolsUnitTest\bin\Release\net5.0\fine-code-coverage\build-output\testhost.exe' with command line ' --runtimeconfig "D:\PairCoding\pair-coding-project-a_team\ExercisesGenerator\ToolsUnitTest\bin\Release\net5.0\fine-code-coverage\build-output\ToolsUnitTest.runtimeconfig.json" --depsfile "D:\PairCoding\pair-coding-project-a_team\ExercisesGenerator\ToolsUnitTest\bin\Release\net5.0\fine-code-coverage\build-output\ToolsUnitTest.deps.json" --port 63873 --endpoint 127.0.0.1:063873 --role client --parentprocessid 75824 --diag "D:\PairCoding\pair-coding-project-a_team\ExercisesGenerator\ToolsUnitTest\bin\Release\net5.0\fine-code-coverage\coverage-tool-output\diagnostics.host.21-10-23_10-56-54_49931_4.log" --tracelevel 4 --datacollectionport 63872 --telemetryoptedin false'
TpTrace Verbose: 0 : 75824, 12, 2021/10/23, 10:56:54.515, 4847896421522, vstest.console.dll, Test Runtime launched
TpTrace Verbose: 0 : 75824, 4, 2021/10/23, 10:56:54.516, 4847896428183, vstest.console.dll, TestRequestSender.WaitForRequestHandlerConnection: waiting for connection with timeout: 90000
TpTrace Verbose: 0 : 75824, 13, 2021/10/23, 10:56:54.733, 4847898603155, vstest.console.dll, SocketServer.OnClientConnected: Client connected for endPoint: 127.0.0.1:63873, starting MessageLoopAsync:
TpTrace Verbose: 0 : 75824, 6, 2021/10/23, 10:56:54.733, 4847898605830, vstest.console.dll, TcpClientExtensions.MessageLoopAsync: Polling on remoteEndPoint: 127.0.0.1:63874 localEndPoint: 127.0.0.1:63873
TpTrace Verbose: 0 : 75824, 6, 2021/10/23, 10:56:54.879, 4847900064834, vstest.console.dll, TcpClientExtensions.MessageLoopAsync: NotifyDataAvailable remoteEndPoint: 127.0.0.1:63874 localEndPoint: 127.0.0.1:63873
TpTrace Verbose: 0 : 75824, 6, 2021/10/23, 10:56:54.880, 4847900068497, vstest.console.dll, TestRequestSender.CheckVersionWithTestHost: onMessageReceived received message: (ProtocolVersion) -> 5
TpTrace Verbose: 0 : 75824, 6, 2021/10/23, 10:56:54.880, 4847900073616, vstest.console.dll, TcpClientExtensions.MessageLoopAsync: Polling on remoteEndPoint: 127.0.0.1:63874 localEndPoint: 127.0.0.1:63873
TpTrace Verbose: 0 : 75824, 4, 2021/10/23, 10:56:54.880, 4847900075408, vstest.console.dll, TestPluginCache.GetExtensionPaths: Filtered extension paths: 
TpTrace Verbose: 0 : 75824, 4, 2021/10/23, 10:56:54.880, 4847900076302, vstest.console.dll, TestPluginCache.GetExtensionPaths: Added default extension paths: C:\Program Files\dotnet\sdk\5.0.402\Extensions\Microsoft.Diagnostics.NETCore.Client.dll
C:\Program Files\dotnet\sdk\5.0.402\Extensions\Microsoft.TestPlatform.Extensions.BlameDataCollector.dll
C:\Program Files\dotnet\sdk\5.0.402\Extensions\Microsoft.TestPlatform.Extensions.EventLogCollector.dll
C:\Program Files\dotnet\sdk\5.0.402\Extensions\Microsoft.TestPlatform.TestHostRuntimeProvider.dll
C:\Program Files\dotnet\sdk\5.0.402\Extensions\Microsoft.VisualStudio.TestPlatform.Extensions.Html.TestLogger.dll
C:\Program Files\dotnet\sdk\5.0.402\Extensions\Microsoft.VisualStudio.TestPlatform.Extensions.Trx.TestLogger.dll
TpTrace Verbose: 0 : 75824, 4, 2021/10/23, 10:56:54.880, 4847900076752, vstest.console.dll, TestPluginCache.GetExtensionPaths: Added unfilterableExtensionPaths: 
TpTrace Verbose: 0 : 75824, 4, 2021/10/23, 10:56:54.884, 4847900116544, vstest.console.dll, TestRequestSender.InitializeExecution: Sending initializing execution with message: {"Version":5,"MessageType":"TestExecution.Initialize","Payload":["D:\\PairCoding\\pair-coding-project-a_team\\ExercisesGenerator\\ToolsUnitTest\\bin\\Release\\net5.0\\fine-code-coverage\\build-output\\NUnit3.TestAdapter.dll"]}
TpTrace Verbose: 0 : 75824, 4, 2021/10/23, 10:56:54.895, 4847900218399, vstest.console.dll, TestRequestSender.StartTestRun: Sending test run with message: {"Version":5,"MessageType":"TestExecution.StartWithSources","Payload":{"AdapterSourceMap":{"_none_":["D:\\PairCoding\\pair-coding-project-a_team\\ExercisesGenerator\\ToolsUnitTest\\bin\\Release\\net5.0\\fine-code-coverage\\build-output\\ToolsUnitTest.dll"]},"RunSettings":"<RunSettings>\r\n  <RunConfiguration>\r\n    <ResultsDirectory>D:\\PairCoding\\pair-coding-project-a_team\\ExercisesGenerator\\ToolsUnitTest\\bin\\Release\\net5.0\\fine-code-coverage\\coverage-tool-output</ResultsDirectory>\r\n    <TargetPlatform>X64</TargetPlatform>\r\n    <TargetFrameworkVersion>.NETCoreApp,Version=v5.0</TargetFrameworkVersion>\r\n    <DesignMode>False</DesignMode>\r\n    <CollectSourceInformation>False</CollectSourceInformation>\r\n  </RunConfiguration>\r\n  <LoggerRunSettings>\r\n    <Loggers>\r\n      <Logger friendlyName=\"blame\" enabled=\"True\" />\r\n      <Logger friendlyName=\"Console\" uri=\"logger://microsoft/TestPlatform/ConsoleLogger/v1\" assemblyQualifiedName=\"Microsoft.VisualStudio.TestPlatform.CommandLine.Internal.ConsoleLogger, vstest.console, Version=15.0.0.0, Culture=neutral, PublicKeyToken=b03f5f7f11d50a3a\" codeBase=\"C:\\Program Files\\dotnet\\sdk\\5.0.402\\vstest.console.dll\" enabled=\"True\" />\r\n    </Loggers>\r\n  </LoggerRunSettings>\r\n  <DataCollectionRunSettings>\r\n    <DataCollectors>\r\n      <DataCollector friendlyName=\"blame\" enabled=\"True\">\r\n        <Configuration>\r\n          <ResultsDirectory>D:\\PairCoding\\pair-coding-project-a_team\\ExercisesGenerator\\ToolsUnitTest\\bin\\Release\\net5.0\\fine-code-coverage\\coverage-tool-output</ResultsDirectory>\r\n        </Configuration>\r\n      </DataCollector>\r\n    </DataCollectors>\r\n  </DataCollectionRunSettings>\r\n</RunSettings>","TestExecutionContext":{"FrequencyOfRunStatsChangeEvent":10,"RunStatsChangeEventTimeout":"00:00:01.5000000","InIsolation":false,"KeepAlive":false,"AreTestCaseLevelEventsRequired":false,"IsDebug":false,"TestCaseFilter":null,"FilterOptions":null},"Package":null}}
TpTrace Verbose: 0 : 75824, 6, 2021/10/23, 10:56:54.898, 4847900248297, vstest.console.dll, TcpClientExtensions.MessageLoopAsync: NotifyDataAvailable remoteEndPoint: 127.0.0.1:63874 localEndPoint: 127.0.0.1:63873
TpTrace Verbose: 0 : 75824, 6, 2021/10/23, 10:56:54.898, 4847900250846, vstest.console.dll, TestRequestSender.OnExecutionMessageReceived: Received message: {"Version":5,"MessageType":"TestSession.Message","Payload":{"MessageLevel":0,"Message":"在文件 D:\\PairCoding\\pair-coding-project-a_team\\ExercisesGenerator\\ToolsUnitTest\\bin\\Release\\net5.0\\fine-code-coverage\\coverage-tool-output\\diagnostics.host.21-10-23_10-56-54_49931_4.log 中记录 TestHost 诊断"}}
TpTrace Verbose: 0 : 75824, 6, 2021/10/23, 10:56:54.900, 4847900274584, vstest.console.dll, TestRunRequest:SendTestRunMessage: Starting.
TpTrace Information: 0 : 75824, 6, 2021/10/23, 10:56:54.900, 4847900275766, vstest.console.dll, TestRunRequest:SendTestRunMessage: Completed.
TpTrace Verbose: 0 : 75824, 6, 2021/10/23, 10:56:54.900, 4847900276167, vstest.console.dll, TcpClientExtensions.MessageLoopAsync: Polling on remoteEndPoint: 127.0.0.1:63874 localEndPoint: 127.0.0.1:63873
TpTrace Verbose: 0 : 75824, 6, 2021/10/23, 10:56:55.241, 4847903686441, vstest.console.dll, TcpClientExtensions.MessageLoopAsync: NotifyDataAvailable remoteEndPoint: 127.0.0.1:63874 localEndPoint: 127.0.0.1:63873
TpTrace Verbose: 0 : 75824, 6, 2021/10/23, 10:56:55.241, 4847903687702, vstest.console.dll, TestRequestSender.OnExecutionMessageReceived: Received message: {"Version":5,"MessageType":"TestSession.Message","Payload":{"MessageLevel":0,"Message":"NUnit Adapter 3.17.0.0: Test execution started"}}
TpTrace Verbose: 0 : 75824, 6, 2021/10/23, 10:56:55.242, 4847903690615, vstest.console.dll, TestRunRequest:SendTestRunMessage: Starting.
TpTrace Information: 0 : 75824, 6, 2021/10/23, 10:56:55.242, 4847903691424, vstest.console.dll, TestRunRequest:SendTestRunMessage: Completed.
TpTrace Verbose: 0 : 75824, 6, 2021/10/23, 10:56:55.242, 4847903691880, vstest.console.dll, TcpClientExtensions.MessageLoopAsync: Polling on remoteEndPoint: 127.0.0.1:63874 localEndPoint: 127.0.0.1:63873
TpTrace Verbose: 0 : 75824, 6, 2021/10/23, 10:56:55.280, 4847904075707, vstest.console.dll, TcpClientExtensions.MessageLoopAsync: NotifyDataAvailable remoteEndPoint: 127.0.0.1:63874 localEndPoint: 127.0.0.1:63873
TpTrace Verbose: 0 : 75824, 6, 2021/10/23, 10:56:55.280, 4847904077405, vstest.console.dll, TestRequestSender.OnExecutionMessageReceived: Received message: {"Version":5,"MessageType":"TestSession.Message","Payload":{"MessageLevel":0,"Message":"Running all tests in D:\\PairCoding\\pair-coding-project-a_team\\ExercisesGenerator\\ToolsUnitTest\\bin\\Release\\net5.0\\fine-code-coverage\\build-output\\ToolsUnitTest.dll"}}
TpTrace Verbose: 0 : 75824, 6, 2021/10/23, 10:56:55.281, 4847904079573, vstest.console.dll, TestRunRequest:SendTestRunMessage: Starting.
TpTrace Information: 0 : 75824, 6, 2021/10/23, 10:56:55.281, 4847904080539, vstest.console.dll, TestRunRequest:SendTestRunMessage: Completed.
TpTrace Verbose: 0 : 75824, 6, 2021/10/23, 10:56:55.281, 4847904080993, vstest.console.dll, TcpClientExtensions.MessageLoopAsync: Polling on remoteEndPoint: 127.0.0.1:63874 localEndPoint: 127.0.0.1:63873
TpTrace Verbose: 0 : 75824, 6, 2021/10/23, 10:56:55.432, 4847905592863, vstest.console.dll, TcpClientExtensions.MessageLoopAsync: NotifyDataAvailable remoteEndPoint: 127.0.0.1:63874 localEndPoint: 127.0.0.1:63873
TpTrace Verbose: 0 : 75824, 6, 2021/10/23, 10:56:55.432, 4847905594444, vstest.console.dll, TestRequestSender.OnExecutionMessageReceived: Received message: {"Version":5,"MessageType":"TestSession.Message","Payload":{"MessageLevel":0,"Message":"   NUnit3TestExecutor discovered 25 of 25 NUnit test cases"}}
TpTrace Verbose: 0 : 75824, 6, 2021/10/23, 10:56:55.432, 4847905596493, vstest.console.dll, TestRunRequest:SendTestRunMessage: Starting.
TpTrace Information: 0 : 75824, 6, 2021/10/23, 10:56:55.432, 4847905597173, vstest.console.dll, TestRunRequest:SendTestRunMessage: Completed.
TpTrace Verbose: 0 : 75824, 6, 2021/10/23, 10:56:55.432, 4847905597580, vstest.console.dll, TcpClientExtensions.MessageLoopAsync: Polling on remoteEndPoint: 127.0.0.1:63874 localEndPoint: 127.0.0.1:63873
TpTrace Verbose: 0 : 75824, 6, 2021/10/23, 10:56:55.613, 4847907402071, vstest.console.dll, TcpClientExtensions.MessageLoopAsync: NotifyDataAvailable remoteEndPoint: 127.0.0.1:63874 localEndPoint: 127.0.0.1:63873
TpTrace Verbose: 0 : 75824, 6, 2021/10/23, 10:56:55.613, 4847907403778, vstest.console.dll, TestRequestSender.OnExecutionMessageReceived: Received message: {"Version":5,"MessageType":"TestExecution.StatsChange","Payload":{"NewTestResults":[{"TestCase":{"Id":"784dfbdb-6a87-ec3e-111a-1e778e5b0fdd","FullyQualifiedName":"ToolsUnitTest.ExpressionTest.TestCalculatePostfix","DisplayName":"TestCalculatePostfix","ExecutorUri":"executor://NUnit3TestExecutor","Source":"D:\\PairCoding\\pair-coding-project-a_team\\ExercisesGenerator\\ToolsUnitTest\\bin\\Release\\net5.0\\fine-code-coverage\\build-output\\ToolsUnitTest.dll","CodeFilePath":null,"LineNumber":0,"Properties":[]},"Attachments":[],"Outcome":1,"ErrorMessage":null,"ErrorStackTrace":null,"DisplayName":"TestCalculatePostfix","Messages":[],"ComputerName":"LAPTOP-LGFH7TT9","Duration":"00:00:00.0355090","StartTime":"2021-10-23T02:56:55.4717472+00:00","EndTime":"2021-10-23T02:56:55.5071391+00:00","Properties":[]},{"TestCase":{"Id":"ddbcd5cd-501c-3aed-b9f4-d0d080dfd7bc","FullyQualifiedName":"ToolsUnitTest.ExpressionTest.TestExpressionToHTML","DisplayName":"TestExpressionToHTML","ExecutorUri":"executor://NUnit3TestExecutor","Source":"D:\\PairCoding\\pair-coding-project-a_team\\ExercisesGenerator\\ToolsUnitTest\\bin\\Release\\net5.0\\fine-code-coverage\\build-output\\ToolsUnitTest.dll","CodeFilePath":null,"LineNumber":0,"Properties":[]},"Attachments":[],"Outcome":1,"ErrorMessage":null,"ErrorStackTrace":null,"DisplayName":"TestExpressionToHTML","Messages":[],"ComputerName":"LAPTOP-LGFH7TT9","Duration":"00:00:00.0029240","StartTime":"2021-10-23T02:56:55.5087113+00:00","EndTime":"2021-10-23T02:56:55.5116348+00:00","Properties":[]},{"TestCase":{"Id":"843a7382-759f-74f6-add7-7cd25a5eaf27","FullyQualifiedName":"ToolsUnitTest.ExpressionTest.TestExpressionToString","DisplayName":"TestExpressionToString","ExecutorUri":"executor://NUnit3TestExecutor","Source":"D:\\PairCoding\\pair-coding-project-a_team\\ExercisesGenerator\\ToolsUnitTest\\bin\\Release\\net5.0\\fine-code-coverage\\build-output\\ToolsUnitTest.dll","CodeFilePath":null,"LineNumber":0,"Properties":[]},"Attachments":[],"Outcome":1,"ErrorMessage":null,"ErrorStackTrace":null,"DisplayName":"TestExpressionToString","Messages":[],"ComputerName":"LAPTOP-LGFH7TT9","Duration":"00:00:00.0009920","StartTime":"2021-10-23T02:56:55.5116618+00:00","EndTime":"2021-10-23T02:56:55.5126535+00:00","Properties":[]},{"TestCase":{"Id":"cc4b185a-a498-c7c5-bc33-276ba09cfb0a","FullyQualifiedName":"ToolsUnitTest.ExpressionTest.TestInfixToPostfix","DisplayName":"TestInfixToPostfix","ExecutorUri":"executor://NUnit3TestExecutor","Source":"D:\\PairCoding\\pair-coding-project-a_team\\ExercisesGenerator\\ToolsUnitTest\\bin\\Release\\net5.0\\fine-code-coverage\\build-output\\ToolsUnitTest.dll","CodeFilePath":null,"LineNumber":0,"Properties":[]},"Attachments":[],"Outcome":1,"ErrorMessage":null,"ErrorStackTrace":null,"DisplayName":"TestInfixToPostfix","Messages":[],"ComputerName":"LAPTOP-LGFH7TT9","Duration":"00:00:00.0025130","StartTime":"2021-10-23T02:56:55.512665+00:00","EndTime":"2021-10-23T02:56:55.5151772+00:00","Properties":[]},{"TestCase":{"Id":"d6a38d23-9ab6-d6bd-ffb9-0723906abea9","FullyQualifiedName":"ToolsUnitTest.ExpressionTest.TestPostfixToTree","DisplayName":"TestPostfixToTree","ExecutorUri":"executor://NUnit3TestExecutor","Source":"D:\\PairCoding\\pair-coding-project-a_team\\ExercisesGenerator\\ToolsUnitTest\\bin\\Release\\net5.0\\fine-code-coverage\\build-output\\ToolsUnitTest.dll","CodeFilePath":null,"LineNumber":0,"Properties":[]},"Attachments":[],"Outcome":1,"ErrorMessage":null,"ErrorStackTrace":null,"DisplayName":"TestPostfixToTree","Messages":[],"ComputerName":"LAPTOP-LGFH7TT9","Duration":"00:00:00.0032060","StartTime":"2021-10-23T02:56:55.5151957+00:00","EndTime":"2021-10-23T02:56:55.5184011+00:00","Properties":[]},{"TestCase":{"Id":"f334232e-1373-e89b-5418-92798d5bdd6c","FullyQualifiedName":"ToolsUnitTest.ExpressionTest.TestStringToExpression","DisplayName":"TestStringToExpression","ExecutorUri":"executor://NUnit3TestExecutor","Source":"D:\\PairCoding\\pair-coding-project-a_team\\ExercisesGenerator\\ToolsUnitTest\\bin\\Release\\net5.0\\fine-code-coverage\\build-output\\ToolsUnitTest.dll","CodeFilePath":null,"LineNumber":0,"Properties":[]},"Attachments":[],"Outcome":1,"ErrorMessage":null,"ErrorStackTrace":null,"DisplayName":"TestStringToExpression","Messages":[],"ComputerName":"LAPTOP-LGFH7TT9","Duration":"00:00:00.0005740","StartTime":"2021-10-23T02:56:55.5184497+00:00","EndTime":"2021-10-23T02:56:55.5190233+00:00","Properties":[]},{"TestCase":{"Id":"acb61e67-68c1-a189-ce2d-879f01082685","FullyQualifiedName":"ToolsUnitTest.FractionTests.TestAddition","DisplayName":"TestAddition","ExecutorUri":"executor://NUnit3TestExecutor","Source":"D:\\PairCoding\\pair-coding-project-a_team\\ExercisesGenerator\\ToolsUnitTest\\bin\\Release\\net5.0\\fine-code-coverage\\build-output\\ToolsUnitTest.dll","CodeFilePath":null,"LineNumber":0,"Properties":[]},"Attachments":[],"Outcome":1,"ErrorMessage":null,"ErrorStackTrace":null,"DisplayName":"TestAddition","Messages":[],"ComputerName":"LAPTOP-LGFH7TT9","Duration":"00:00:00.0004650","StartTime":"2021-10-23T02:56:55.5218407+00:00","EndTime":"2021-10-23T02:56:55.5223059+00:00","Properties":[]},{"TestCase":{"Id":"1a978f58-96dc-6522-acde-3573ef51bd70","FullyQualifiedName":"ToolsUnitTest.FractionTests.TestDivid","DisplayName":"TestDivid","ExecutorUri":"executor://NUnit3TestExecutor","Source":"D:\\PairCoding\\pair-coding-project-a_team\\ExercisesGenerator\\ToolsUnitTest\\bin\\Release\\net5.0\\fine-code-coverage\\build-output\\ToolsUnitTest.dll","CodeFilePath":null,"LineNumber":0,"Properties":[]},"Attachments":[],"Outcome":1,"ErrorMessage":null,"ErrorStackTrace":null,"DisplayName":"TestDivid","Messages":[],"ComputerName":"LAPTOP-LGFH7TT9","Duration":"00:00:00.0003860","StartTime":"2021-10-23T02:56:55.5223183+00:00","EndTime":"2021-10-23T02:56:55.5227037+00:00","Properties":[]},{"TestCase":{"Id":"fc6f25d7-ae97-9e46-f7d7-80a01fbe6a32","FullyQualifiedName":"ToolsUnitTest.FractionTests.TestGCD","DisplayName":"TestGCD","ExecutorUri":"executor://NUnit3TestExecutor","Source":"D:\\PairCoding\\pair-coding-project-a_team\\ExercisesGenerator\\ToolsUnitTest\\bin\\Release\\net5.0\\fine-code-coverage\\build-output\\ToolsUnitTest.dll","CodeFilePath":null,"LineNumber":0,"Properties":[]},"Attachments":[],"Outcome":1,"ErrorMessage":null,"ErrorStackTrace":null,"DisplayName":"TestGCD","Messages":[],"ComputerName":"LAPTOP-LGFH7TT9","Duration":"00:00:00.0003860","StartTime":"2021-10-23T02:56:55.5227123+00:00","EndTime":"2021-10-23T02:56:55.5230976+00:00","Properties":[]}],"TestRunStatistics":{"ExecutedTests":9,"Stats":{"Passed":9}},"ActiveTests":[{"Id":"bfad5444-62f3-4700-1669-6d80596dac31","FullyQualifiedName":"ToolsUnitTest.FractionTests.TestMultiply","DisplayName":"TestMultiply","ExecutorUri":"executor://NUnit3TestExecutor","Source":"D:\\PairCoding\\pair-coding-project-a_team\\ExercisesGenerator\\ToolsUnitTest\\bin\\Release\\net5.0\\fine-code-coverage\\build-output\\ToolsUnitTest.dll","CodeFilePath":null,"LineNumber":0,"Properties":[]}]}}
TpTrace Verbose: 0 : 75824, 6, 2021/10/23, 10:56:55.644, 4847907709711, vstest.console.dll, TestRunRequest:SendTestRunStatsChange: Starting.
TpTrace Verbose: 0 : 75824, 6, 2021/10/23, 10:56:55.644, 4847907711286, vstest.console.dll, InProgress is TestMultiply
TpTrace Information: 0 : 75824, 6, 2021/10/23, 10:56:55.644, 4847907715566, vstest.console.dll, TestRunRequest:SendTestRunStatsChange: Completed.
TpTrace Verbose: 0 : 75824, 6, 2021/10/23, 10:56:55.644, 4847907716596, vstest.console.dll, TcpClientExtensions.MessageLoopAsync: Polling on remoteEndPoint: 127.0.0.1:63874 localEndPoint: 127.0.0.1:63873
TpTrace Verbose: 0 : 75824, 6, 2021/10/23, 10:56:55.644, 4847907717386, vstest.console.dll, TcpClientExtensions.MessageLoopAsync: NotifyDataAvailable remoteEndPoint: 127.0.0.1:63874 localEndPoint: 127.0.0.1:63873
TpTrace Verbose: 0 : 75824, 6, 2021/10/23, 10:56:55.645, 4847907719231, vstest.console.dll, TestRequestSender.OnExecutionMessageReceived: Received message: {"Version":5,"MessageType":"TestExecution.StatsChange","Payload":{"NewTestResults":[{"TestCase":{"Id":"bfad5444-62f3-4700-1669-6d80596dac31","FullyQualifiedName":"ToolsUnitTest.FractionTests.TestMultiply","DisplayName":"TestMultiply","ExecutorUri":"executor://NUnit3TestExecutor","Source":"D:\\PairCoding\\pair-coding-project-a_team\\ExercisesGenerator\\ToolsUnitTest\\bin\\Release\\net5.0\\fine-code-coverage\\build-output\\ToolsUnitTest.dll","CodeFilePath":null,"LineNumber":0,"Properties":[]},"Attachments":[],"Outcome":1,"ErrorMessage":null,"ErrorStackTrace":null,"DisplayName":"TestMultiply","Messages":[],"ComputerName":"LAPTOP-LGFH7TT9","Duration":"00:00:00.0001920","StartTime":"2021-10-23T02:56:55.523106+00:00","EndTime":"2021-10-23T02:56:55.5232975+00:00","Properties":[]},{"TestCase":{"Id":"d321c65d-90a1-8e52-fb18-394dda5c9c34","FullyQualifiedName":"ToolsUnitTest.FractionTests.TestReduce","DisplayName":"TestReduce","ExecutorUri":"executor://NUnit3TestExecutor","Source":"D:\\PairCoding\\pair-coding-project-a_team\\ExercisesGenerator\\ToolsUnitTest\\bin\\Release\\net5.0\\fine-code-coverage\\build-output\\ToolsUnitTest.dll","CodeFilePath":null,"LineNumber":0,"Properties":[]},"Attachments":[],"Outcome":1,"ErrorMessage":null,"ErrorStackTrace":null,"DisplayName":"TestReduce","Messages":[],"ComputerName":"LAPTOP-LGFH7TT9","Duration":"00:00:00.0002680","StartTime":"2021-10-23T02:56:55.523306+00:00","EndTime":"2021-10-23T02:56:55.5235738+00:00","Properties":[]},{"TestCase":{"Id":"15efa977-152d-6351-d4be-b45049d56f95","FullyQualifiedName":"ToolsUnitTest.FractionTests.TestSubscribe","DisplayName":"TestSubscribe","ExecutorUri":"executor://NUnit3TestExecutor","Source":"D:\\PairCoding\\pair-coding-project-a_team\\ExercisesGenerator\\ToolsUnitTest\\bin\\Release\\net5.0\\fine-code-coverage\\build-output\\ToolsUnitTest.dll","CodeFilePath":null,"LineNumber":0,"Properties":[]},"Attachments":[],"Outcome":1,"ErrorMessage":null,"ErrorStackTrace":null,"DisplayName":"TestSubscribe","Messages":[],"ComputerName":"LAPTOP-LGFH7TT9","Duration":"00:00:00.0002070","StartTime":"2021-10-23T02:56:55.5235815+00:00","EndTime":"2021-10-23T02:56:55.523788+00:00","Properties":[]},{"TestCase":{"Id":"04d95188-a37c-82bb-d541-f1d8be222a87","FullyQualifiedName":"ToolsUnitTest.FractionTests.TestToHTML","DisplayName":"TestToHTML","ExecutorUri":"executor://NUnit3TestExecutor","Source":"D:\\PairCoding\\pair-coding-project-a_team\\ExercisesGenerator\\ToolsUnitTest\\bin\\Release\\net5.0\\fine-code-coverage\\build-output\\ToolsUnitTest.dll","CodeFilePath":null,"LineNumber":0,"Properties":[]},"Attachments":[],"Outcome":1,"ErrorMessage":null,"ErrorStackTrace":null,"DisplayName":"TestToHTML","Messages":[],"ComputerName":"LAPTOP-LGFH7TT9","Duration":"00:00:00.0001150","StartTime":"2021-10-23T02:56:55.5237957+00:00","EndTime":"2021-10-23T02:56:55.5239104+00:00","Properties":[]},{"TestCase":{"Id":"13d6ab53-c3a3-4cb6-504e-4dd5081ebd7d","FullyQualifiedName":"ToolsUnitTest.FractionTests.TestToString","DisplayName":"TestToString","ExecutorUri":"executor://NUnit3TestExecutor","Source":"D:\\PairCoding\\pair-coding-project-a_team\\ExercisesGenerator\\ToolsUnitTest\\bin\\Release\\net5.0\\fine-code-coverage\\build-output\\ToolsUnitTest.dll","CodeFilePath":null,"LineNumber":0,"Properties":[]},"Attachments":[],"Outcome":1,"ErrorMessage":null,"ErrorStackTrace":null,"DisplayName":"TestToString","Messages":[],"ComputerName":"LAPTOP-LGFH7TT9","Duration":"00:00:00.0001250","StartTime":"2021-10-23T02:56:55.5239179+00:00","EndTime":"2021-10-23T02:56:55.5240429+00:00","Properties":[]},{"TestCase":{"Id":"8ea5fe32-1dab-12b1-d05a-f530a27c0723","FullyQualifiedName":"ToolsUnitTest.NodeTest.TestCompareTo","DisplayName":"TestCompareTo","ExecutorUri":"executor://NUnit3TestExecutor","Source":"D:\\PairCoding\\pair-coding-project-a_team\\ExercisesGenerator\\ToolsUnitTest\\bin\\Release\\net5.0\\fine-code-coverage\\build-output\\ToolsUnitTest.dll","CodeFilePath":null,"LineNumber":0,"Properties":[]},"Attachments":[],"Outcome":1,"ErrorMessage":null,"ErrorStackTrace":null,"DisplayName":"TestCompareTo","Messages":[],"ComputerName":"LAPTOP-LGFH7TT9","Duration":"00:00:00.0004250","StartTime":"2021-10-23T02:56:55.5241436+00:00","EndTime":"2021-10-23T02:56:55.5245684+00:00","Properties":[]},{"TestCase":{"Id":"480efed5-aaba-4694-db99-4ceed54a531c","FullyQualifiedName":"ToolsUnitTest.NodeTest.TestToString","DisplayName":"TestToString","ExecutorUri":"executor://NUnit3TestExecutor","Source":"D:\\PairCoding\\pair-coding-project-a_team\\ExercisesGenerator\\ToolsUnitTest\\bin\\Release\\net5.0\\fine-code-coverage\\build-output\\ToolsUnitTest.dll","CodeFilePath":null,"LineNumber":0,"Properties":[]},"Attachments":[],"Outcome":1,"ErrorMessage":null,"ErrorStackTrace":null,"DisplayName":"TestToString","Messages":[],"ComputerName":"LAPTOP-LGFH7TT9","Duration":"00:00:00.0001210","StartTime":"2021-10-23T02:56:55.5245864+00:00","EndTime":"2021-10-23T02:56:55.5247071+00:00","Properties":[]},{"TestCase":{"Id":"fd6c0969-1080-56aa-7c59-e4f1ed55b26a","FullyQualifiedName":"ToolsUnitTest.UnitTest.TestAddition","DisplayName":"TestAddition","ExecutorUri":"executor://NUnit3TestExecutor","Source":"D:\\PairCoding\\pair-coding-project-a_team\\ExercisesGenerator\\ToolsUnitTest\\bin\\Release\\net5.0\\fine-code-coverage\\build-output\\ToolsUnitTest.dll","CodeFilePath":null,"LineNumber":0,"Properties":[]},"Attachments":[],"Outcome":1,"ErrorMessage":null,"ErrorStackTrace":null,"DisplayName":"TestAddition","Messages":[],"ComputerName":"LAPTOP-LGFH7TT9","Duration":"00:00:00.0002050","StartTime":"2021-10-23T02:56:55.5247739+00:00","EndTime":"2021-10-23T02:56:55.5249784+00:00","Properties":[]},{"TestCase":{"Id":"bf5cab17-7e78-f488-87c4-90e5a0fd494b","FullyQualifiedName":"ToolsUnitTest.UnitTest.TestChangeType","DisplayName":"TestChangeType","ExecutorUri":"executor://NUnit3TestExecutor","Source":"D:\\PairCoding\\pair-coding-project-a_team\\ExercisesGenerator\\ToolsUnitTest\\bin\\Release\\net5.0\\fine-code-coverage\\build-output\\ToolsUnitTest.dll","CodeFilePath":null,"LineNumber":0,"Properties":[]},"Attachments":[],"Outcome":1,"ErrorMessage":null,"ErrorStackTrace":null,"DisplayName":"TestChangeType","Messages":[],"ComputerName":"LAPTOP-LGFH7TT9","Duration":"00:00:00.0001360","StartTime":"2021-10-23T02:56:55.5249864+00:00","EndTime":"2021-10-23T02:56:55.5251225+00:00","Properties":[]}],"TestRunStatistics":{"ExecutedTests":18,"Stats":{"Passed":18}},"ActiveTests":[{"Id":"ff00bb9c-6afb-2ac5-b13f-8a1dc7b40a0a","FullyQualifiedName":"ToolsUnitTest.UnitTest.TestCompareTo","DisplayName":"TestCompareTo","ExecutorUri":"executor://NUnit3TestExecutor","Source":"D:\\PairCoding\\pair-coding-project-a_team\\ExercisesGenerator\\ToolsUnitTest\\bin\\Release\\net5.0\\fine-code-coverage\\build-output\\ToolsUnitTest.dll","CodeFilePath":null,"LineNumber":0,"Properties":[]}]}}
TpTrace Verbose: 0 : 75824, 6, 2021/10/23, 10:56:55.650, 4847907777549, vstest.console.dll, TestRunRequest:SendTestRunStatsChange: Starting.
TpTrace Verbose: 0 : 75824, 6, 2021/10/23, 10:56:55.651, 4847907778285, vstest.console.dll, InProgress is TestCompareTo
TpTrace Information: 0 : 75824, 6, 2021/10/23, 10:56:55.651, 4847907778851, vstest.console.dll, TestRunRequest:SendTestRunStatsChange: Completed.
TpTrace Verbose: 0 : 75824, 6, 2021/10/23, 10:56:55.651, 4847907779254, vstest.console.dll, TcpClientExtensions.MessageLoopAsync: Polling on remoteEndPoint: 127.0.0.1:63874 localEndPoint: 127.0.0.1:63873
TpTrace Verbose: 0 : 75824, 6, 2021/10/23, 10:56:55.657, 4847907843074, vstest.console.dll, TcpClientExtensions.MessageLoopAsync: NotifyDataAvailable remoteEndPoint: 127.0.0.1:63874 localEndPoint: 127.0.0.1:63873
TpTrace Verbose: 0 : 75824, 6, 2021/10/23, 10:56:55.657, 4847907844262, vstest.console.dll, TestRequestSender.OnExecutionMessageReceived: Received message: {"Version":5,"MessageType":"TestSession.Message","Payload":{"MessageLevel":0,"Message":"NUnit Adapter 3.17.0.0: Test execution complete"}}
TpTrace Verbose: 0 : 75824, 6, 2021/10/23, 10:56:55.657, 4847907845738, vstest.console.dll, TestRunRequest:SendTestRunMessage: Starting.
TpTrace Information: 0 : 75824, 6, 2021/10/23, 10:56:55.657, 4847907846339, vstest.console.dll, TestRunRequest:SendTestRunMessage: Completed.
TpTrace Verbose: 0 : 75824, 6, 2021/10/23, 10:56:55.657, 4847907846790, vstest.console.dll, TcpClientExtensions.MessageLoopAsync: Polling on remoteEndPoint: 127.0.0.1:63874 localEndPoint: 127.0.0.1:63873
TpTrace Verbose: 0 : 75824, 6, 2021/10/23, 10:56:55.671, 4847907985604, vstest.console.dll, TcpClientExtensions.MessageLoopAsync: NotifyDataAvailable remoteEndPoint: 127.0.0.1:63874 localEndPoint: 127.0.0.1:63873
TpTrace Verbose: 0 : 75824, 6, 2021/10/23, 10:56:55.672, 4847907989297, vstest.console.dll, TestRequestSender.OnExecutionMessageReceived: Received message: {"Version":5,"MessageType":"TestExecution.Completed","Payload":{"TestRunCompleteArgs":{"TestRunStatistics":{"ExecutedTests":25,"Stats":{"Passed":25}},"IsCanceled":false,"IsAborted":false,"Error":null,"AttachmentSets":[],"ElapsedTimeInRunningTests":"00:00:00.4359197","Metrics":{}},"LastRunTests":{"NewTestResults":[{"TestCase":{"Id":"ff00bb9c-6afb-2ac5-b13f-8a1dc7b40a0a","FullyQualifiedName":"ToolsUnitTest.UnitTest.TestCompareTo","DisplayName":"TestCompareTo","ExecutorUri":"executor://NUnit3TestExecutor","Source":"D:\\PairCoding\\pair-coding-project-a_team\\ExercisesGenerator\\ToolsUnitTest\\bin\\Release\\net5.0\\fine-code-coverage\\build-output\\ToolsUnitTest.dll","CodeFilePath":null,"LineNumber":0,"Properties":[]},"Attachments":[],"Outcome":1,"ErrorMessage":null,"ErrorStackTrace":null,"DisplayName":"TestCompareTo","Messages":[],"ComputerName":"LAPTOP-LGFH7TT9","Duration":"00:00:00.0002250","StartTime":"2021-10-23T02:56:55.5251302+00:00","EndTime":"2021-10-23T02:56:55.5253547+00:00","Properties":[]},{"TestCase":{"Id":"24845d19-ce8b-7b08-3759-6f89adc6fa6a","FullyQualifiedName":"ToolsUnitTest.UnitTest.TestDivid","DisplayName":"TestDivid","ExecutorUri":"executor://NUnit3TestExecutor","Source":"D:\\PairCoding\\pair-coding-project-a_team\\ExercisesGenerator\\ToolsUnitTest\\bin\\Release\\net5.0\\fine-code-coverage\\build-output\\ToolsUnitTest.dll","CodeFilePath":null,"LineNumber":0,"Properties":[]},"Attachments":[],"Outcome":1,"ErrorMessage":null,"ErrorStackTrace":null,"DisplayName":"TestDivid","Messages":[],"ComputerName":"LAPTOP-LGFH7TT9","Duration":"00:00:00.0003210","StartTime":"2021-10-23T02:56:55.5253996+00:00","EndTime":"2021-10-23T02:56:55.5257202+00:00","Properties":[]},{"TestCase":{"Id":"ed9a66cb-e876-72a7-a50b-96499f61d0d0","FullyQualifiedName":"ToolsUnitTest.UnitTest.TestInRange","DisplayName":"TestInRange","ExecutorUri":"executor://NUnit3TestExecutor","Source":"D:\\PairCoding\\pair-coding-project-a_team\\ExercisesGenerator\\ToolsUnitTest\\bin\\Release\\net5.0\\fine-code-coverage\\build-output\\ToolsUnitTest.dll","CodeFilePath":null,"LineNumber":0,"Properties":[]},"Attachments":[],"Outcome":1,"ErrorMessage":null,"ErrorStackTrace":null,"DisplayName":"TestInRange","Messages":[],"ComputerName":"LAPTOP-LGFH7TT9","Duration":"00:00:00.0003730","StartTime":"2021-10-23T02:56:55.5257288+00:00","EndTime":"2021-10-23T02:56:55.5261014+00:00","Properties":[]},{"TestCase":{"Id":"9792bb3e-4048-e406-3038-c45caf13ddb4","FullyQualifiedName":"ToolsUnitTest.UnitTest.TestMultiply","DisplayName":"TestMultiply","ExecutorUri":"executor://NUnit3TestExecutor","Source":"D:\\PairCoding\\pair-coding-project-a_team\\ExercisesGenerator\\ToolsUnitTest\\bin\\Release\\net5.0\\fine-code-coverage\\build-output\\ToolsUnitTest.dll","CodeFilePath":null,"LineNumber":0,"Properties":[]},"Attachments":[],"Outcome":1,"ErrorMessage":null,"ErrorStackTrace":null,"DisplayName":"TestMultiply","Messages":[],"ComputerName":"LAPTOP-LGFH7TT9","Duration":"00:00:00.0002330","StartTime":"2021-10-23T02:56:55.5261104+00:00","EndTime":"2021-10-23T02:56:55.5263436+00:00","Properties":[]},{"TestCase":{"Id":"00679c8e-121c-0b14-11cc-bc01b7d8ea54","FullyQualifiedName":"ToolsUnitTest.UnitTest.TestSubscribe","DisplayName":"TestSubscribe","ExecutorUri":"executor://NUnit3TestExecutor","Source":"D:\\PairCoding\\pair-coding-project-a_team\\ExercisesGenerator\\ToolsUnitTest\\bin\\Release\\net5.0\\fine-code-coverage\\build-output\\ToolsUnitTest.dll","CodeFilePath":null,"LineNumber":0,"Properties":[]},"Attachments":[],"Outcome":1,"ErrorMessage":null,"ErrorStackTrace":null,"DisplayName":"TestSubscribe","Messages":[],"ComputerName":"LAPTOP-LGFH7TT9","Duration":"00:00:00.0002310","StartTime":"2021-10-23T02:56:55.5263894+00:00","EndTime":"2021-10-23T02:56:55.5266199+00:00","Properties":[]},{"TestCase":{"Id":"bb3be503-cf86-4627-a39e-7f9263ed71de","FullyQualifiedName":"ToolsUnitTest.UnitTest.TestToHTML","DisplayName":"TestToHTML","ExecutorUri":"executor://NUnit3TestExecutor","Source":"D:\\PairCoding\\pair-coding-project-a_team\\ExercisesGenerator\\ToolsUnitTest\\bin\\Release\\net5.0\\fine-code-coverage\\build-output\\ToolsUnitTest.dll","CodeFilePath":null,"LineNumber":0,"Properties":[]},"Attachments":[],"Outcome":1,"ErrorMessage":null,"ErrorStackTrace":null,"DisplayName":"TestToHTML","Messages":[],"ComputerName":"LAPTOP-LGFH7TT9","Duration":"00:00:00.0001540","StartTime":"2021-10-23T02:56:55.5266277+00:00","EndTime":"2021-10-23T02:56:55.5267815+00:00","Properties":[]},{"TestCase":{"Id":"1eca5adc-a1ed-62a7-9e04-b0dd78b73203","FullyQualifiedName":"ToolsUnitTest.UnitTest.TestToString","DisplayName":"TestToString","ExecutorUri":"executor://NUnit3TestExecutor","Source":"D:\\PairCoding\\pair-coding-project-a_team\\ExercisesGenerator\\ToolsUnitTest\\bin\\Release\\net5.0\\fine-code-coverage\\build-output\\ToolsUnitTest.dll","CodeFilePath":null,"LineNumber":0,"Properties":[]},"Attachments":[],"Outcome":1,"ErrorMessage":null,"ErrorStackTrace":null,"DisplayName":"TestToString","Messages":[],"ComputerName":"LAPTOP-LGFH7TT9","Duration":"00:00:00.0001470","StartTime":"2021-10-23T02:56:55.5267891+00:00","EndTime":"2021-10-23T02:56:55.5269362+00:00","Properties":[]}],"TestRunStatistics":{"ExecutedTests":25,"Stats":{"Passed":25}},"ActiveTests":[]},"RunAttachments":[],"ExecutorUris":["executor://nunit3testexecutor/"]}}
TpTrace Verbose: 0 : 75824, 6, 2021/10/23, 10:56:55.672, 4847907995656, vstest.console.dll, TestRequestSender.EndSession: Sending end session.
TpTrace Verbose: 0 : 75824, 6, 2021/10/23, 10:56:55.673, 4847907998156, vstest.console.dll, ProxyOperationManager.Close: waiting for test host to exit for 100 ms
TpTrace Warning: 0 : 75824, 10, 2021/10/23, 10:56:55.707, 4847908345184, vstest.console.dll, TestHostManagerCallbacks.ErrorReceivedCallback Test host standard error line: 
TpTrace Verbose: 0 : 75824, 7, 2021/10/23, 10:56:55.716, 4847908430792, vstest.console.dll, TestHostProvider.ExitCallBack: Host exited starting callback.
TpTrace Information: 0 : 75824, 7, 2021/10/23, 10:56:55.717, 4847908441231, vstest.console.dll, TestHostManagerCallbacks.ExitCallBack: Testhost processId: 76116 exited with exitcode: 0 error: ''
TpTrace Verbose: 0 : 75824, 7, 2021/10/23, 10:56:55.717, 4847908442307, vstest.console.dll, DotnetTestHostManager.OnHostExited: invoking OnHostExited callback
TpTrace Verbose: 0 : 75824, 7, 2021/10/23, 10:56:55.717, 4847908443277, vstest.console.dll, CrossPlatEngine.TestHostManagerHostExited: calling on client process exit callback.
TpTrace Information: 0 : 75824, 7, 2021/10/23, 10:56:55.717, 4847908444499, vstest.console.dll, TestRequestSender.OnClientProcessExit: Test host process exited. Standard error: 
TpTrace Warning: 0 : 75824, 6, 2021/10/23, 10:56:55.717, 4847908445182, vstest.console.dll, ProxyOperationManager: Timed out waiting for test host to exit. Will terminate process.
TpTrace Information: 0 : 75824, 7, 2021/10/23, 10:56:55.717, 4847908445502, vstest.console.dll, SocketServer.Stop: Stop server endPoint: 127.0.0.1:63873
TpTrace Information: 0 : 75824, 7, 2021/10/23, 10:56:55.718, 4847908449759, vstest.console.dll, SocketServer.Stop: Cancellation requested. Stopping message loop.
TpTrace Verbose: 0 : 75824, 6, 2021/10/23, 10:56:55.719, 4847908462517, vstest.console.dll, ProxyDataCollectionManager.InvokeDataCollectionServiceAction: Starting.
TpTrace Information: 0 : 75824, 6, 2021/10/23, 10:56:55.719, 4847908463815, vstest.console.dll, ProxyDataCollectionManager.AfterTestRunEnd: Get attachment set for datacollector processId: 75908 port: 63869
TpTrace Verbose: 0 : 75824, 6, 2021/10/23, 10:56:55.719, 4847908464691, vstest.console.dll, DataCollectionRequestSender.SendAfterTestRunStartAndGetResult : Send AfterTestRunEnd message with isCancelled: False
TpTrace Verbose: 0 : 75824, 6, 2021/10/23, 10:56:55.726, 4847908535636, vstest.console.dll, DataCollectionRequestSender.SendAfterTestRunStartAndGetResult : Received message: (DataCollection.AfterTestRunEndResult) -> {
  "AttachmentSets": [],
  "Metrics": {}
}
TpTrace Information: 0 : 75824, 6, 2021/10/23, 10:56:55.731, 4847908579264, vstest.console.dll, ProxyDataCollectionManager.InvokeDataCollectionServiceAction: Completed.
TpTrace Verbose: 0 : 75824, 6, 2021/10/23, 10:56:55.750, 4847908774374, vstest.console.dll, TestRunRequest:SendTestRunStatsChange: Starting.
TpTrace Information: 0 : 75824, 6, 2021/10/23, 10:56:55.750, 4847908776687, vstest.console.dll, TestRunRequest:SendTestRunStatsChange: Completed.
TpTrace Verbose: 0 : 75824, 6, 2021/10/23, 10:56:55.751, 4847908779567, vstest.console.dll, ParallelProxyExecutionManager: HandlePartialRunComplete: Total completed clients = 1, Run complete = True, Run canceled: False.
TpTrace Warning: 0 : 75824, 9, 2021/10/23, 10:56:55.751, 4847908780048, vstest.console.dll, DataCollectionLauncher.ErrorReceivedCallback datacollector standard error line: 
TpTrace Information: 0 : 75824, 7, 2021/10/23, 10:56:55.755, 4847908820314, vstest.console.dll, DataCollectionLauncher.ExitCallBack: Data collector exited with exitcode: 0 error: ''
TpTrace Verbose: 0 : 75824, 6, 2021/10/23, 10:56:55.785, 4847909123783, vstest.console.dll, TestRunRequest:TestRunComplete: Starting. IsAborted:False IsCanceled:False.
TpTrace Verbose: 0 : 75824, 6, 2021/10/23, 10:56:55.785, 4847909126391, vstest.console.dll, TestLoggerManager.HandleTestRunComplete: Ignoring as the object is disposed.
TpTrace Information: 0 : 75824, 6, 2021/10/23, 10:56:55.786, 4847909129193, vstest.console.dll, TestRunRequest:TestRunComplete: Completed.
TpTrace Verbose: 0 : 75824, 6, 2021/10/23, 10:56:55.786, 4847909129655, vstest.console.dll, TestRequestSender.SetOperationComplete: Setting operation complete.
TpTrace Verbose: 0 : 75824, 1, 2021/10/23, 10:56:55.786, 4847909129837, vstest.console.dll, TestRunRequest.Dispose: Starting.
TpTrace Information: 0 : 75824, 1, 2021/10/23, 10:56:55.786, 4847909130766, vstest.console.dll, TestRunRequest.Dispose: Completed.
TpTrace Information: 0 : 75824, 6, 2021/10/23, 10:56:55.786, 4847909129949, vstest.console.dll, SocketServer.Stop: Stop server endPoint: 127.0.0.1:63873
TpTrace Information: 0 : 75824, 6, 2021/10/23, 10:56:55.786, 4847909131520, vstest.console.dll, SocketServer.Stop: Cancellation requested. Stopping message loop.
TpTrace Information: 0 : 75824, 6, 2021/10/23, 10:56:55.786, 4847909132166, vstest.console.dll, SocketServer.PrivateStop: Stop server endPoint: 127.0.0.1:63873 error: 
TpTrace Information: 0 : 75824, 1, 2021/10/23, 10:56:55.786, 4847909131152, vstest.console.dll, TestRequestManager.RunTests: run tests completed.
TpTrace Information: 0 : 75824, 1, 2021/10/23, 10:56:55.786, 4847909133445, vstest.console.dll, RunTestsArgumentProcessor:Execute: Test run is completed.
TpTrace Verbose: 0 : 75824, 1, 2021/10/23, 10:56:55.786, 4847909135237, vstest.console.dll, Executor.Execute: Exiting with exit code of 0
TpTrace Verbose: 0 : 75824, 6, 2021/10/23, 10:56:55.786, 4847909136902, vstest.console.dll, LengthPrefixCommunicationChannel.Dispose: Dispose reader and writer.
TpTrace Information: 0 : 75824, 6, 2021/10/23, 10:56:55.786, 4847909137589, vstest.console.dll, SocketServer.Stop: Raise disconnected event endPoint: 127.0.0.1:63873 error: 
TpTrace Verbose: 0 : 75824, 6, 2021/10/23, 10:56:55.787, 4847909138131, vstest.console.dll, TestRequestSender: OnTestRunAbort: Operation is already complete. Skip error message.
TpTrace Verbose: 0 : 75824, 6, 2021/10/23, 10:56:55.787, 4847909138407, vstest.console.dll, TcpClientExtensions.MessageLoopAsync: exiting MessageLoopAsync remoteEndPoint: 127.0.0.1:63874 localEndPoint: 127.0.0.1:63873
